<!DOCTYPE html PUBLIC "-//W3C//DTD XHTML 1.1//EN" "http://www.w3.org/TR/xhtml11/DTD/xhtml11.dtd">
<html xmlns="http://www.w3.org/1999/xhtml">
<head>
<meta http-equiv="content-type" content="text/html; charset=UTF-8"/>
<title>TestNG Report</title>
<style type="text/css">table {margin-bottom:10px;border-collapse:collapse;empty-cells:show}th,td {border:1px solid #009;padding:.25em .5em}th {vertical-align:bottom}td {vertical-align:top}table a {font-weight:bold}.stripe td {background-color: #E6EBF9}.num {text-align:right}.passedodd td {background-color: #3F3}.passedeven td {background-color: #0A0}.skippedodd td {background-color: #DDD}.skippedeven td {background-color: #CCC}.failedodd td,.attn {background-color: #F33}.failedeven td,.stripe .attn {background-color: #D00}.stacktrace {white-space:pre;font-family:monospace}.totop {font-size:85%;text-align:center;border-bottom:2px solid #000}.invisible {display:none}</style>
</head>
<body>
<table>
<tr><th>Test</th><th># Passed</th><th># Skipped</th><th># Retried</th><th># Failed</th><th>Time (ms)</th><th>Included Groups</th><th>Excluded Groups</th></tr>
<tr><th colspan="8">s1</th></tr>
<tr><td><a href="#t0">test1</a></td><td class="num">25</td><td class="num">0</td><td class="num">0</td><td class="num attn">25</td><td class="num">1,111,331</td><td></td><td></td></tr>
</table>
<table id='summary'><thead><tr><th>Class</th><th>Method</th><th>Start</th><th>Time (ms)</th></tr></thead><tbody><tr><th colspan="4">s1</th></tr></tbody><tbody id="t0"><tr><th colspan="4">test1 &#8212; failed (configuration methods)</th></tr><tr class="failedeven"><td rowspan="1">com.webtest.ljjdemo.Sign_in_setting</td><td><a href="#m0">submitAndQuit</a></td><td rowspan="1">1606281444724</td><td rowspan="1">110</td></tr><tr><th colspan="4">test1 &#8212; failed</th></tr><tr class="failedeven"><td rowspan="16">com.webtest.ljjdemo.Friendship_link</td><td><a href="#m1">test_friendship_link_add</a></td><td rowspan="16">1606282041052</td><td rowspan="16">3320</td></tr><tr class="failedeven"><td><a href="#m2">test_friendship_link_add</a></td></tr><tr class="failedeven"><td><a href="#m3">test_friendship_link_add</a></td></tr><tr class="failedeven"><td><a href="#m4">test_friendship_link_add</a></td></tr><tr class="failedeven"><td><a href="#m5">test_friendship_link_add</a></td></tr><tr class="failedeven"><td><a href="#m6">test_friendship_link_add</a></td></tr><tr class="failedeven"><td><a href="#m7">test_friendship_link_add</a></td></tr><tr class="failedeven"><td><a href="#m8">test_friendship_link_add</a></td></tr><tr class="failedeven"><td><a href="#m9">test_friendship_link_add</a></td></tr><tr class="failedeven"><td><a href="#m10">test_friendship_link_add</a></td></tr><tr class="failedeven"><td><a href="#m11">test_friendship_link_add</a></td></tr><tr class="failedeven"><td><a href="#m12">test_friendship_link_add</a></td></tr><tr class="failedeven"><td><a href="#m13">test_friendship_link_add</a></td></tr><tr class="failedeven"><td><a href="#m14">test_friendship_link_add</a></td></tr><tr class="failedeven"><td><a href="#m15">test_friendship_link_add</a></td></tr><tr class="failedeven"><td><a href="#m16">test_friendship_link_add</a></td></tr><tr class="failedodd"><td rowspan="4">com.webtest.ljjdemo.Growth_setting</td><td><a href="#m17">test_growth_value</a></td><td rowspan="2">1606281680111</td><td rowspan="2">3531</td></tr><tr class="failedodd"><td><a href="#m18">test_growth_value</a></td></tr><tr class="failedodd"><td><a href="#m19">test_integral</a></td><td rowspan="2">1606281788032</td><td rowspan="2">3359</td></tr><tr class="failedodd"><td><a href="#m20">test_integral</a></td></tr><tr class="failedeven"><td rowspan="4">com.webtest.ljjdemo.Level_setting</td><td><a href="#m21">test_level_description</a></td><td rowspan="1">1606281457607</td><td rowspan="1">4285</td></tr><tr class="failedeven"><td><a href="#m22">test_required_growth_value</a></td><td rowspan="3">1606281544311</td><td rowspan="3">4491</td></tr><tr class="failedeven"><td><a href="#m23">test_required_growth_value</a></td></tr><tr class="failedeven"><td><a href="#m24">test_required_growth_value</a></td></tr><tr class="failedodd"><td rowspan="1">com.webtest.ljjdemo.Sign_in_setting</td><td><a href="#m25">test_Points_sign_in</a></td><td rowspan="1">1606281441272</td><td rowspan="1">3452</td></tr><tr><th colspan="4">test1 &#8212; skipped (configuration methods)</th></tr><tr class="skippedeven"><td rowspan="2">com.webtest.ljjdemo.Sign_in_setting</td><td><a href="#m26">doAfterMethod</a></td><td rowspan="1">1606281444834</td><td rowspan="1">-1606281444834</td></tr><tr class="skippedeven"><td><a href="#m27">doAfterMethod_2</a></td><td rowspan="1">1606281444834</td><td rowspan="1">-1606281444834</td></tr><tr><th colspan="4">test1 &#8212; passed</th></tr><tr class="passedeven"><td rowspan="6">com.webtest.ljjdemo.Friendship_link</td><td><a href="#m28">test_friendship_link_sort</a></td><td rowspan="6">1606282236962</td><td rowspan="6">6633</td></tr><tr class="passedeven"><td><a href="#m29">test_friendship_link_sort</a></td></tr><tr class="passedeven"><td><a href="#m30">test_friendship_link_sort</a></td></tr><tr class="passedeven"><td><a href="#m31">test_friendship_link_sort</a></td></tr><tr class="passedeven"><td><a href="#m32">test_friendship_link_sort</a></td></tr><tr class="passedeven"><td><a href="#m33">test_friendship_link_sort</a></td></tr><tr class="passedodd"><td rowspan="6">com.webtest.ljjdemo.Growth_setting</td><td><a href="#m34">test_growth_value</a></td><td rowspan="3">1606281633772</td><td rowspan="3">4379</td></tr><tr class="passedodd"><td><a href="#m35">test_growth_value</a></td></tr><tr class="passedodd"><td><a href="#m36">test_growth_value</a></td></tr><tr class="passedodd"><td><a href="#m37">test_integral</a></td><td rowspan="3">1606281723411</td><td rowspan="3">4241</td></tr><tr class="passedodd"><td><a href="#m38">test_integral</a></td></tr><tr class="passedodd"><td><a href="#m39">test_integral</a></td></tr><tr class="passedeven"><td rowspan="3">com.webtest.ljjdemo.Level_setting</td><td><a href="#m40">test_level_description</a></td><td rowspan="1">1606281480432</td><td rowspan="1">4360</td></tr><tr class="passedeven"><td><a href="#m41">test_required_growth_value</a></td><td rowspan="2">1606281524342</td><td rowspan="2">3400</td></tr><tr class="passedeven"><td><a href="#m42">test_required_growth_value</a></td></tr><tr class="passedodd"><td rowspan="2">com.webtest.ljjdemo.Sign_in_setting</td><td><a href="#m43">test_Points_sign_in</a></td><td rowspan="2">1606281397172</td><td rowspan="2">3459</td></tr><tr class="passedodd"><td><a href="#m44">test_Points_sign_in</a></td></tr><tr class="passedeven"><td rowspan="8">com.webtest.ljjdemo.Site_setting</td><td><a href="#m45">test_forum_subtitle_enter</a></td><td rowspan="4">1606281200592</td><td rowspan="4">6949</td></tr><tr class="passedeven"><td><a href="#m46">test_forum_subtitle_enter</a></td></tr><tr class="passedeven"><td><a href="#m47">test_forum_subtitle_enter</a></td></tr><tr class="passedeven"><td><a href="#m48">test_forum_subtitle_enter</a></td></tr><tr class="passedeven"><td><a href="#m49">test_forum_title_enter</a></td><td rowspan="4">1606281303351</td><td rowspan="4">6820</td></tr><tr class="passedeven"><td><a href="#m50">test_forum_title_enter</a></td></tr><tr class="passedeven"><td><a href="#m51">test_forum_title_enter</a></td></tr><tr class="passedeven"><td><a href="#m52">test_forum_title_enter</a></td></tr></tbody>
</table>
<h2>test1</h2><h3 id="m0">com.webtest.ljjdemo.Sign_in_setting#submitAndQuit</h3><table class="result"><tr><th>Exception</th></tr><tr><td><div class="stacktrace">org.openqa.selenium.ElementClickInterceptedException: Element &lt;a class=&quot;nav-link text-dark&quot; href=&quot;/index.php/tuichu.html&quot;&gt; is not clickable at point (103,614) because another element &lt;div class=&quot;jconfirm-bg&quot;&gt; obscures it
Build info: version: &apos;3.141.59&apos;, revision: &apos;e82be7d358&apos;, time: &apos;2018-11-14T08:25:53&apos;
System info: host: &apos;DESKTOP-H2NQ5S1&apos;, ip: &apos;192.168.56.1&apos;, os.name: &apos;Windows 10&apos;, os.arch: &apos;amd64&apos;, os.version: &apos;10.0&apos;, java.version: &apos;1.8.0_171&apos;
Driver info: org.openqa.selenium.firefox.FirefoxDriver
Capabilities {acceptInsecureCerts: true, browserName: firefox, browserVersion: 78.0.2, javascriptEnabled: true, moz:accessibilityChecks: false, moz:buildID: 20200708170202, moz:geckodriverVersion: 0.27.0, moz:headless: true, moz:processID: 10364, moz:profile: C:\Users\Administrator.DESK..., moz:shutdownTimeout: 60000, moz:useNonSpecCompliantPointerOrigin: false, moz:webdriverClick: true, pageLoadStrategy: normal, platform: WINDOWS, platformName: WINDOWS, platformVersion: 10.0, rotatable: false, setWindowRect: true, strictFileInteractability: false, timeouts: {implicit: 0, pageLoad: 300000, script: 30000}, unhandledPromptBehavior: dismiss and notify}
Session ID: e9d9e693-df2c-4bff-ba2f-de929b31aa51
	at org.openqa.selenium.remote.http.W3CHttpResponseCodec.createException(W3CHttpResponseCodec.java:187)
	at org.openqa.selenium.remote.http.W3CHttpResponseCodec.decode(W3CHttpResponseCodec.java:122)
	at org.openqa.selenium.remote.http.W3CHttpResponseCodec.decode(W3CHttpResponseCodec.java:49)
	at org.openqa.selenium.remote.HttpCommandExecutor.execute(HttpCommandExecutor.java:158)
	at org.openqa.selenium.remote.service.DriverCommandExecutor.execute(DriverCommandExecutor.java:83)
	at org.openqa.selenium.remote.RemoteWebDriver.execute(RemoteWebDriver.java:552)
	at org.openqa.selenium.remote.RemoteWebElement.execute(RemoteWebElement.java:285)
	at org.openqa.selenium.remote.RemoteWebElement.click(RemoteWebElement.java:84)
	at com.webtest.core.WebDriverEngine.click(Unknown Source)
	at com.webtest.ljjdemo.Sign_in_setting.submitAndQuit(Unknown Source)
	at java.util.ArrayList.forEach(ArrayList.java:1257)
... Removed 35 stack frames</div></td></tr></table><p class="totop"><a href="#summary">back to summary</a></p>
<h3 id="m1">com.webtest.ljjdemo.Friendship_link#test_friendship_link_add</h3><table class="result"><tr class="param"><th>Parameter #1</th><th>Parameter #2</th></tr><tr class="param stripe"><td>123</td><td>baidu.com</td></tr><tr><th colspan="2">Exception</th></tr><tr><td colspan="2"><div class="stacktrace">org.openqa.selenium.ElementClickInterceptedException: Element &lt;label class=&quot;custom-control-label&quot;&gt; is not clickable at point (295,636) because another element &lt;div class=&quot;fixed-bottom text-right text-light&quot;&gt; obscures it
Build info: version: &apos;3.141.59&apos;, revision: &apos;e82be7d358&apos;, time: &apos;2018-11-14T08:25:53&apos;
System info: host: &apos;DESKTOP-H2NQ5S1&apos;, ip: &apos;192.168.56.1&apos;, os.name: &apos;Windows 10&apos;, os.arch: &apos;amd64&apos;, os.version: &apos;10.0&apos;, java.version: &apos;1.8.0_171&apos;
Driver info: org.openqa.selenium.firefox.FirefoxDriver
Capabilities {acceptInsecureCerts: true, browserName: firefox, browserVersion: 78.0.2, javascriptEnabled: true, moz:accessibilityChecks: false, moz:buildID: 20200708170202, moz:geckodriverVersion: 0.27.0, moz:headless: true, moz:processID: 10452, moz:profile: C:\Users\Administrator.DESK..., moz:shutdownTimeout: 60000, moz:useNonSpecCompliantPointerOrigin: false, moz:webdriverClick: true, pageLoadStrategy: normal, platform: WINDOWS, platformName: WINDOWS, platformVersion: 10.0, rotatable: false, setWindowRect: true, strictFileInteractability: false, timeouts: {implicit: 0, pageLoad: 300000, script: 30000}, unhandledPromptBehavior: dismiss and notify}
Session ID: 7d12672d-fbde-435a-9fe1-a74d3706f2c3
	at org.openqa.selenium.remote.http.W3CHttpResponseCodec.createException(W3CHttpResponseCodec.java:187)
	at org.openqa.selenium.remote.http.W3CHttpResponseCodec.decode(W3CHttpResponseCodec.java:122)
	at org.openqa.selenium.remote.http.W3CHttpResponseCodec.decode(W3CHttpResponseCodec.java:49)
	at org.openqa.selenium.remote.HttpCommandExecutor.execute(HttpCommandExecutor.java:158)
	at org.openqa.selenium.remote.service.DriverCommandExecutor.execute(DriverCommandExecutor.java:83)
	at org.openqa.selenium.remote.RemoteWebDriver.execute(RemoteWebDriver.java:552)
	at org.openqa.selenium.remote.RemoteWebElement.execute(RemoteWebElement.java:285)
	at org.openqa.selenium.remote.RemoteWebElement.click(RemoteWebElement.java:84)
	at com.webtest.core.WebDriverEngine.click(Unknown Source)
	at com.webtest.ljjdemo.Friendship_link.test_friendship_link_add(Unknown Source)
	at java.util.ArrayList.forEach(ArrayList.java:1257)
... Removed 30 stack frames</div></td></tr></table><p class="totop"><a href="#summary">back to summary</a></p>
<h3 id="m2">com.webtest.ljjdemo.Friendship_link#test_friendship_link_add</h3><table class="result"><tr class="param"><th>Parameter #1</th><th>Parameter #2</th></tr><tr class="param stripe"><td>百度</td><td>www.baidu,com</td></tr><tr><th colspan="2">Exception</th></tr><tr><td colspan="2"><div class="stacktrace">org.openqa.selenium.ElementClickInterceptedException: Element &lt;label class=&quot;custom-control-label&quot;&gt; is not clickable at point (295,636) because another element &lt;div class=&quot;fixed-bottom text-right text-light&quot;&gt; obscures it
Build info: version: &apos;3.141.59&apos;, revision: &apos;e82be7d358&apos;, time: &apos;2018-11-14T08:25:53&apos;
System info: host: &apos;DESKTOP-H2NQ5S1&apos;, ip: &apos;192.168.56.1&apos;, os.name: &apos;Windows 10&apos;, os.arch: &apos;amd64&apos;, os.version: &apos;10.0&apos;, java.version: &apos;1.8.0_171&apos;
Driver info: org.openqa.selenium.firefox.FirefoxDriver
Capabilities {acceptInsecureCerts: true, browserName: firefox, browserVersion: 78.0.2, javascriptEnabled: true, moz:accessibilityChecks: false, moz:buildID: 20200708170202, moz:geckodriverVersion: 0.27.0, moz:headless: true, moz:processID: 16920, moz:profile: C:\Users\Administrator.DESK..., moz:shutdownTimeout: 60000, moz:useNonSpecCompliantPointerOrigin: false, moz:webdriverClick: true, pageLoadStrategy: normal, platform: WINDOWS, platformName: WINDOWS, platformVersion: 10.0, rotatable: false, setWindowRect: true, strictFileInteractability: false, timeouts: {implicit: 0, pageLoad: 300000, script: 30000}, unhandledPromptBehavior: dismiss and notify}
Session ID: 37970966-3efe-44ab-8756-e19c6d272cc8
	at org.openqa.selenium.remote.http.W3CHttpResponseCodec.createException(W3CHttpResponseCodec.java:187)
	at org.openqa.selenium.remote.http.W3CHttpResponseCodec.decode(W3CHttpResponseCodec.java:122)
	at org.openqa.selenium.remote.http.W3CHttpResponseCodec.decode(W3CHttpResponseCodec.java:49)
	at org.openqa.selenium.remote.HttpCommandExecutor.execute(HttpCommandExecutor.java:158)
	at org.openqa.selenium.remote.service.DriverCommandExecutor.execute(DriverCommandExecutor.java:83)
	at org.openqa.selenium.remote.RemoteWebDriver.execute(RemoteWebDriver.java:552)
	at org.openqa.selenium.remote.RemoteWebElement.execute(RemoteWebElement.java:285)
	at org.openqa.selenium.remote.RemoteWebElement.click(RemoteWebElement.java:84)
	at com.webtest.core.WebDriverEngine.click(Unknown Source)
	at com.webtest.ljjdemo.Friendship_link.test_friendship_link_add(Unknown Source)
	at java.util.ArrayList.forEach(ArrayList.java:1257)
... Removed 30 stack frames</div></td></tr></table><p class="totop"><a href="#summary">back to summary</a></p>
<h3 id="m3">com.webtest.ljjdemo.Friendship_link#test_friendship_link_add</h3><table class="result"><tr class="param"><th>Parameter #1</th><th>Parameter #2</th></tr><tr class="param stripe"><td>哈哈哈哈哈哈哈哈哈哈哈哈哈哈哈哈哈哈哈哈哈哈哈哈哈哈哈哈哈哈哈哈哈哈哈哈哈哈哈哈哈哈哈哈哈哈哈哈哈哈哈哈哈哈哈哈哈哈哈哈哈哈哈哈哈哈哈哈哈哈哈哈哈哈哈哈哈哈哈哈哈哈哈哈哈哈哈哈哈哈哈哈哈哈哈哈哈哈哈哈哈哈哈哈哈哈哈哈哈哈哈哈哈哈哈哈哈哈哈哈哈哈哈哈哈哈哈哈哈哈哈哈哈哈哈哈哈哈哈哈哈哈哈哈哈哈哈哈哈哈哈哈哈哈哈哈哈哈哈哈哈哈哈哈哈哈哈哈哈哈哈哈哈哈哈哈哈哈哈哈哈哈哈哈哈哈哈哈哈哈哈哈哈哈哈哈哈哈哈哈</td><td>www.baidu,com</td></tr><tr><th colspan="2">Exception</th></tr><tr><td colspan="2"><div class="stacktrace">org.openqa.selenium.ElementClickInterceptedException: Element &lt;label class=&quot;custom-control-label&quot;&gt; is not clickable at point (295,636) because another element &lt;div class=&quot;fixed-bottom text-right text-light&quot;&gt; obscures it
Build info: version: &apos;3.141.59&apos;, revision: &apos;e82be7d358&apos;, time: &apos;2018-11-14T08:25:53&apos;
System info: host: &apos;DESKTOP-H2NQ5S1&apos;, ip: &apos;192.168.56.1&apos;, os.name: &apos;Windows 10&apos;, os.arch: &apos;amd64&apos;, os.version: &apos;10.0&apos;, java.version: &apos;1.8.0_171&apos;
Driver info: org.openqa.selenium.firefox.FirefoxDriver
Capabilities {acceptInsecureCerts: true, browserName: firefox, browserVersion: 78.0.2, javascriptEnabled: true, moz:accessibilityChecks: false, moz:buildID: 20200708170202, moz:geckodriverVersion: 0.27.0, moz:headless: true, moz:processID: 11284, moz:profile: C:\Users\Administrator.DESK..., moz:shutdownTimeout: 60000, moz:useNonSpecCompliantPointerOrigin: false, moz:webdriverClick: true, pageLoadStrategy: normal, platform: WINDOWS, platformName: WINDOWS, platformVersion: 10.0, rotatable: false, setWindowRect: true, strictFileInteractability: false, timeouts: {implicit: 0, pageLoad: 300000, script: 30000}, unhandledPromptBehavior: dismiss and notify}
Session ID: d416b64a-adea-4c69-acb9-928ec410ed1b
	at org.openqa.selenium.remote.http.W3CHttpResponseCodec.createException(W3CHttpResponseCodec.java:187)
	at org.openqa.selenium.remote.http.W3CHttpResponseCodec.decode(W3CHttpResponseCodec.java:122)
	at org.openqa.selenium.remote.http.W3CHttpResponseCodec.decode(W3CHttpResponseCodec.java:49)
	at org.openqa.selenium.remote.HttpCommandExecutor.execute(HttpCommandExecutor.java:158)
	at org.openqa.selenium.remote.service.DriverCommandExecutor.execute(DriverCommandExecutor.java:83)
	at org.openqa.selenium.remote.RemoteWebDriver.execute(RemoteWebDriver.java:552)
	at org.openqa.selenium.remote.RemoteWebElement.execute(RemoteWebElement.java:285)
	at org.openqa.selenium.remote.RemoteWebElement.click(RemoteWebElement.java:84)
	at com.webtest.core.WebDriverEngine.click(Unknown Source)
	at com.webtest.ljjdemo.Friendship_link.test_friendship_link_add(Unknown Source)
	at java.util.ArrayList.forEach(ArrayList.java:1257)
... Removed 30 stack frames</div></td></tr></table><p class="totop"><a href="#summary">back to summary</a></p>
<h3 id="m4">com.webtest.ljjdemo.Friendship_link#test_friendship_link_add</h3><table class="result"><tr class="param"><th>Parameter #1</th><th>Parameter #2</th></tr><tr class="param stripe"><td>123</td><td>https://baidu.com</td></tr><tr><th colspan="2">Exception</th></tr><tr><td colspan="2"><div class="stacktrace">org.openqa.selenium.ElementClickInterceptedException: Element &lt;label class=&quot;custom-control-label&quot;&gt; is not clickable at point (295,636) because another element &lt;div class=&quot;fixed-bottom text-right text-light&quot;&gt; obscures it
Build info: version: &apos;3.141.59&apos;, revision: &apos;e82be7d358&apos;, time: &apos;2018-11-14T08:25:53&apos;
System info: host: &apos;DESKTOP-H2NQ5S1&apos;, ip: &apos;192.168.56.1&apos;, os.name: &apos;Windows 10&apos;, os.arch: &apos;amd64&apos;, os.version: &apos;10.0&apos;, java.version: &apos;1.8.0_171&apos;
Driver info: org.openqa.selenium.firefox.FirefoxDriver
Capabilities {acceptInsecureCerts: true, browserName: firefox, browserVersion: 78.0.2, javascriptEnabled: true, moz:accessibilityChecks: false, moz:buildID: 20200708170202, moz:geckodriverVersion: 0.27.0, moz:headless: true, moz:processID: 13072, moz:profile: C:\Users\Administrator.DESK..., moz:shutdownTimeout: 60000, moz:useNonSpecCompliantPointerOrigin: false, moz:webdriverClick: true, pageLoadStrategy: normal, platform: WINDOWS, platformName: WINDOWS, platformVersion: 10.0, rotatable: false, setWindowRect: true, strictFileInteractability: false, timeouts: {implicit: 0, pageLoad: 300000, script: 30000}, unhandledPromptBehavior: dismiss and notify}
Session ID: 50953186-235a-4a44-a9a9-de4438cfb9af
	at org.openqa.selenium.remote.http.W3CHttpResponseCodec.createException(W3CHttpResponseCodec.java:187)
	at org.openqa.selenium.remote.http.W3CHttpResponseCodec.decode(W3CHttpResponseCodec.java:122)
	at org.openqa.selenium.remote.http.W3CHttpResponseCodec.decode(W3CHttpResponseCodec.java:49)
	at org.openqa.selenium.remote.HttpCommandExecutor.execute(HttpCommandExecutor.java:158)
	at org.openqa.selenium.remote.service.DriverCommandExecutor.execute(DriverCommandExecutor.java:83)
	at org.openqa.selenium.remote.RemoteWebDriver.execute(RemoteWebDriver.java:552)
	at org.openqa.selenium.remote.RemoteWebElement.execute(RemoteWebElement.java:285)
	at org.openqa.selenium.remote.RemoteWebElement.click(RemoteWebElement.java:84)
	at com.webtest.core.WebDriverEngine.click(Unknown Source)
	at com.webtest.ljjdemo.Friendship_link.test_friendship_link_add(Unknown Source)
	at java.util.ArrayList.forEach(ArrayList.java:1257)
... Removed 30 stack frames</div></td></tr></table><p class="totop"><a href="#summary">back to summary</a></p>
<h3 id="m5">com.webtest.ljjdemo.Friendship_link#test_friendship_link_add</h3><table class="result"><tr class="param"><th>Parameter #1</th><th>Parameter #2</th></tr><tr class="param stripe"><td>哈哈哈哈哈哈哈哈哈哈哈哈哈哈哈哈哈哈哈哈哈哈哈哈哈哈哈哈哈哈哈哈哈哈哈哈哈哈哈哈哈哈哈哈哈哈哈哈哈哈哈哈哈哈哈哈哈哈哈哈哈哈哈哈哈哈哈哈哈哈哈哈哈哈哈哈哈哈哈哈哈哈哈哈哈哈哈哈哈哈哈哈哈哈哈哈哈哈哈哈哈哈哈哈哈哈哈哈哈哈哈哈哈哈哈哈哈哈哈哈哈哈哈哈哈哈哈哈哈哈哈哈哈哈哈哈哈哈哈哈哈哈哈哈哈哈哈哈哈哈哈哈哈哈哈哈哈哈哈哈哈哈哈哈哈哈哈哈哈哈哈哈哈哈哈哈哈哈哈哈哈哈哈哈哈哈哈哈哈哈哈哈哈哈哈哈哈哈哈哈</td><td>http://baidu.com</td></tr><tr><th colspan="2">Exception</th></tr><tr><td colspan="2"><div class="stacktrace">org.openqa.selenium.ElementClickInterceptedException: Element &lt;label class=&quot;custom-control-label&quot;&gt; is not clickable at point (295,636) because another element &lt;div class=&quot;fixed-bottom text-right text-light&quot;&gt; obscures it
Build info: version: &apos;3.141.59&apos;, revision: &apos;e82be7d358&apos;, time: &apos;2018-11-14T08:25:53&apos;
System info: host: &apos;DESKTOP-H2NQ5S1&apos;, ip: &apos;192.168.56.1&apos;, os.name: &apos;Windows 10&apos;, os.arch: &apos;amd64&apos;, os.version: &apos;10.0&apos;, java.version: &apos;1.8.0_171&apos;
Driver info: org.openqa.selenium.firefox.FirefoxDriver
Capabilities {acceptInsecureCerts: true, browserName: firefox, browserVersion: 78.0.2, javascriptEnabled: true, moz:accessibilityChecks: false, moz:buildID: 20200708170202, moz:geckodriverVersion: 0.27.0, moz:headless: true, moz:processID: 19880, moz:profile: C:\Users\Administrator.DESK..., moz:shutdownTimeout: 60000, moz:useNonSpecCompliantPointerOrigin: false, moz:webdriverClick: true, pageLoadStrategy: normal, platform: WINDOWS, platformName: WINDOWS, platformVersion: 10.0, rotatable: false, setWindowRect: true, strictFileInteractability: false, timeouts: {implicit: 0, pageLoad: 300000, script: 30000}, unhandledPromptBehavior: dismiss and notify}
Session ID: d671e036-eb36-4620-974c-b2fd04395ed8
	at org.openqa.selenium.remote.http.W3CHttpResponseCodec.createException(W3CHttpResponseCodec.java:187)
	at org.openqa.selenium.remote.http.W3CHttpResponseCodec.decode(W3CHttpResponseCodec.java:122)
	at org.openqa.selenium.remote.http.W3CHttpResponseCodec.decode(W3CHttpResponseCodec.java:49)
	at org.openqa.selenium.remote.HttpCommandExecutor.execute(HttpCommandExecutor.java:158)
	at org.openqa.selenium.remote.service.DriverCommandExecutor.execute(DriverCommandExecutor.java:83)
	at org.openqa.selenium.remote.RemoteWebDriver.execute(RemoteWebDriver.java:552)
	at org.openqa.selenium.remote.RemoteWebElement.execute(RemoteWebElement.java:285)
	at org.openqa.selenium.remote.RemoteWebElement.click(RemoteWebElement.java:84)
	at com.webtest.core.WebDriverEngine.click(Unknown Source)
	at com.webtest.ljjdemo.Friendship_link.test_friendship_link_add(Unknown Source)
	at java.util.ArrayList.forEach(ArrayList.java:1257)
... Removed 30 stack frames</div></td></tr></table><p class="totop"><a href="#summary">back to summary</a></p>
<h3 id="m6">com.webtest.ljjdemo.Friendship_link#test_friendship_link_add</h3><table class="result"><tr class="param"><th>Parameter #1</th><th>Parameter #2</th></tr><tr class="param stripe"><td>#￥%</td><td>www.baidu,com</td></tr><tr><th colspan="2">Exception</th></tr><tr><td colspan="2"><div class="stacktrace">org.openqa.selenium.ElementClickInterceptedException: Element &lt;label class=&quot;custom-control-label&quot;&gt; is not clickable at point (295,636) because another element &lt;div class=&quot;fixed-bottom text-right text-light&quot;&gt; obscures it
Build info: version: &apos;3.141.59&apos;, revision: &apos;e82be7d358&apos;, time: &apos;2018-11-14T08:25:53&apos;
System info: host: &apos;DESKTOP-H2NQ5S1&apos;, ip: &apos;192.168.56.1&apos;, os.name: &apos;Windows 10&apos;, os.arch: &apos;amd64&apos;, os.version: &apos;10.0&apos;, java.version: &apos;1.8.0_171&apos;
Driver info: org.openqa.selenium.firefox.FirefoxDriver
Capabilities {acceptInsecureCerts: true, browserName: firefox, browserVersion: 78.0.2, javascriptEnabled: true, moz:accessibilityChecks: false, moz:buildID: 20200708170202, moz:geckodriverVersion: 0.27.0, moz:headless: true, moz:processID: 16204, moz:profile: C:\Users\Administrator.DESK..., moz:shutdownTimeout: 60000, moz:useNonSpecCompliantPointerOrigin: false, moz:webdriverClick: true, pageLoadStrategy: normal, platform: WINDOWS, platformName: WINDOWS, platformVersion: 10.0, rotatable: false, setWindowRect: true, strictFileInteractability: false, timeouts: {implicit: 0, pageLoad: 300000, script: 30000}, unhandledPromptBehavior: dismiss and notify}
Session ID: f0b005a8-ff74-42ef-b369-3cf9b689e4f5
	at org.openqa.selenium.remote.http.W3CHttpResponseCodec.createException(W3CHttpResponseCodec.java:187)
	at org.openqa.selenium.remote.http.W3CHttpResponseCodec.decode(W3CHttpResponseCodec.java:122)
	at org.openqa.selenium.remote.http.W3CHttpResponseCodec.decode(W3CHttpResponseCodec.java:49)
	at org.openqa.selenium.remote.HttpCommandExecutor.execute(HttpCommandExecutor.java:158)
	at org.openqa.selenium.remote.service.DriverCommandExecutor.execute(DriverCommandExecutor.java:83)
	at org.openqa.selenium.remote.RemoteWebDriver.execute(RemoteWebDriver.java:552)
	at org.openqa.selenium.remote.RemoteWebElement.execute(RemoteWebElement.java:285)
	at org.openqa.selenium.remote.RemoteWebElement.click(RemoteWebElement.java:84)
	at com.webtest.core.WebDriverEngine.click(Unknown Source)
	at com.webtest.ljjdemo.Friendship_link.test_friendship_link_add(Unknown Source)
	at java.util.ArrayList.forEach(ArrayList.java:1257)
... Removed 30 stack frames</div></td></tr></table><p class="totop"><a href="#summary">back to summary</a></p>
<h3 id="m7">com.webtest.ljjdemo.Friendship_link#test_friendship_link_add</h3><table class="result"><tr class="param"><th>Parameter #1</th><th>Parameter #2</th></tr><tr class="param stripe"><td>百度</td><td>baidu.com</td></tr><tr><th colspan="2">Exception</th></tr><tr><td colspan="2"><div class="stacktrace">org.openqa.selenium.ElementClickInterceptedException: Element &lt;label class=&quot;custom-control-label&quot;&gt; is not clickable at point (295,636) because another element &lt;div class=&quot;fixed-bottom text-right text-light&quot;&gt; obscures it
Build info: version: &apos;3.141.59&apos;, revision: &apos;e82be7d358&apos;, time: &apos;2018-11-14T08:25:53&apos;
System info: host: &apos;DESKTOP-H2NQ5S1&apos;, ip: &apos;192.168.56.1&apos;, os.name: &apos;Windows 10&apos;, os.arch: &apos;amd64&apos;, os.version: &apos;10.0&apos;, java.version: &apos;1.8.0_171&apos;
Driver info: org.openqa.selenium.firefox.FirefoxDriver
Capabilities {acceptInsecureCerts: true, browserName: firefox, browserVersion: 78.0.2, javascriptEnabled: true, moz:accessibilityChecks: false, moz:buildID: 20200708170202, moz:geckodriverVersion: 0.27.0, moz:headless: true, moz:processID: 17236, moz:profile: C:\Users\Administrator.DESK..., moz:shutdownTimeout: 60000, moz:useNonSpecCompliantPointerOrigin: false, moz:webdriverClick: true, pageLoadStrategy: normal, platform: WINDOWS, platformName: WINDOWS, platformVersion: 10.0, rotatable: false, setWindowRect: true, strictFileInteractability: false, timeouts: {implicit: 0, pageLoad: 300000, script: 30000}, unhandledPromptBehavior: dismiss and notify}
Session ID: ecfc440c-3b73-4a2d-ab84-631226365519
	at org.openqa.selenium.remote.http.W3CHttpResponseCodec.createException(W3CHttpResponseCodec.java:187)
	at org.openqa.selenium.remote.http.W3CHttpResponseCodec.decode(W3CHttpResponseCodec.java:122)
	at org.openqa.selenium.remote.http.W3CHttpResponseCodec.decode(W3CHttpResponseCodec.java:49)
	at org.openqa.selenium.remote.HttpCommandExecutor.execute(HttpCommandExecutor.java:158)
	at org.openqa.selenium.remote.service.DriverCommandExecutor.execute(DriverCommandExecutor.java:83)
	at org.openqa.selenium.remote.RemoteWebDriver.execute(RemoteWebDriver.java:552)
	at org.openqa.selenium.remote.RemoteWebElement.execute(RemoteWebElement.java:285)
	at org.openqa.selenium.remote.RemoteWebElement.click(RemoteWebElement.java:84)
	at com.webtest.core.WebDriverEngine.click(Unknown Source)
	at com.webtest.ljjdemo.Friendship_link.test_friendship_link_add(Unknown Source)
	at java.util.ArrayList.forEach(ArrayList.java:1257)
... Removed 30 stack frames</div></td></tr></table><p class="totop"><a href="#summary">back to summary</a></p>
<h3 id="m8">com.webtest.ljjdemo.Friendship_link#test_friendship_link_add</h3><table class="result"><tr class="param"><th>Parameter #1</th><th>Parameter #2</th></tr><tr class="param stripe"><td>哈哈哈哈哈哈哈哈哈哈哈哈哈哈哈哈哈哈哈哈哈哈哈哈哈哈哈哈哈哈哈哈哈哈哈哈哈哈哈哈哈哈哈哈哈哈哈哈哈哈哈哈哈哈哈哈哈哈哈哈哈哈哈哈哈哈哈哈哈哈哈哈哈哈哈哈哈哈哈哈哈哈哈哈哈哈哈哈哈哈哈哈哈哈哈哈哈哈哈哈哈哈哈哈哈哈哈哈哈哈哈哈哈哈哈哈哈哈哈哈哈哈哈哈哈哈哈哈哈哈哈哈哈哈哈哈哈哈哈哈哈哈哈哈哈哈哈哈哈哈哈哈哈哈哈哈哈哈哈哈哈哈哈哈哈哈哈哈哈哈哈哈哈哈哈哈哈哈哈哈哈哈哈哈哈哈哈哈哈哈哈哈哈哈哈哈哈哈哈哈</td><td>https://baidu.com</td></tr><tr><th colspan="2">Exception</th></tr><tr><td colspan="2"><div class="stacktrace">org.openqa.selenium.ElementClickInterceptedException: Element &lt;label class=&quot;custom-control-label&quot;&gt; is not clickable at point (295,636) because another element &lt;div class=&quot;fixed-bottom text-right text-light&quot;&gt; obscures it
Build info: version: &apos;3.141.59&apos;, revision: &apos;e82be7d358&apos;, time: &apos;2018-11-14T08:25:53&apos;
System info: host: &apos;DESKTOP-H2NQ5S1&apos;, ip: &apos;192.168.56.1&apos;, os.name: &apos;Windows 10&apos;, os.arch: &apos;amd64&apos;, os.version: &apos;10.0&apos;, java.version: &apos;1.8.0_171&apos;
Driver info: org.openqa.selenium.firefox.FirefoxDriver
Capabilities {acceptInsecureCerts: true, browserName: firefox, browserVersion: 78.0.2, javascriptEnabled: true, moz:accessibilityChecks: false, moz:buildID: 20200708170202, moz:geckodriverVersion: 0.27.0, moz:headless: true, moz:processID: 15468, moz:profile: C:\Users\Administrator.DESK..., moz:shutdownTimeout: 60000, moz:useNonSpecCompliantPointerOrigin: false, moz:webdriverClick: true, pageLoadStrategy: normal, platform: WINDOWS, platformName: WINDOWS, platformVersion: 10.0, rotatable: false, setWindowRect: true, strictFileInteractability: false, timeouts: {implicit: 0, pageLoad: 300000, script: 30000}, unhandledPromptBehavior: dismiss and notify}
Session ID: 7d4f623d-0500-4eed-8f4c-e0e753babfb0
	at org.openqa.selenium.remote.http.W3CHttpResponseCodec.createException(W3CHttpResponseCodec.java:187)
	at org.openqa.selenium.remote.http.W3CHttpResponseCodec.decode(W3CHttpResponseCodec.java:122)
	at org.openqa.selenium.remote.http.W3CHttpResponseCodec.decode(W3CHttpResponseCodec.java:49)
	at org.openqa.selenium.remote.HttpCommandExecutor.execute(HttpCommandExecutor.java:158)
	at org.openqa.selenium.remote.service.DriverCommandExecutor.execute(DriverCommandExecutor.java:83)
	at org.openqa.selenium.remote.RemoteWebDriver.execute(RemoteWebDriver.java:552)
	at org.openqa.selenium.remote.RemoteWebElement.execute(RemoteWebElement.java:285)
	at org.openqa.selenium.remote.RemoteWebElement.click(RemoteWebElement.java:84)
	at com.webtest.core.WebDriverEngine.click(Unknown Source)
	at com.webtest.ljjdemo.Friendship_link.test_friendship_link_add(Unknown Source)
	at java.util.ArrayList.forEach(ArrayList.java:1257)
... Removed 30 stack frames</div></td></tr></table><p class="totop"><a href="#summary">back to summary</a></p>
<h3 id="m9">com.webtest.ljjdemo.Friendship_link#test_friendship_link_add</h3><table class="result"><tr class="param"><th>Parameter #1</th><th>Parameter #2</th></tr><tr class="param stripe"><td>哈哈哈哈哈哈哈哈哈哈哈哈哈哈哈哈哈哈哈哈哈哈哈哈哈哈哈哈哈哈哈哈哈哈哈哈哈哈哈哈哈哈哈哈哈哈哈哈哈哈哈哈哈哈哈哈哈哈哈哈哈哈哈哈哈哈哈哈哈哈哈哈哈哈哈哈哈哈哈哈哈哈哈哈哈哈哈哈哈哈哈哈哈哈哈哈哈哈哈哈哈哈哈哈哈哈哈哈哈哈哈哈哈哈哈哈哈哈哈哈哈哈哈哈哈哈哈哈哈哈哈哈哈哈哈哈哈哈哈哈哈哈哈哈哈哈哈哈哈哈哈哈哈哈哈哈哈哈哈哈哈哈哈哈哈哈哈哈哈哈哈哈哈哈哈哈哈哈哈哈哈哈哈哈哈哈哈哈哈哈哈哈哈哈哈哈哈哈哈哈</td><td>baidu.com</td></tr><tr><th colspan="2">Exception</th></tr><tr><td colspan="2"><div class="stacktrace">org.openqa.selenium.ElementClickInterceptedException: Element &lt;label class=&quot;custom-control-label&quot;&gt; is not clickable at point (295,636) because another element &lt;div class=&quot;fixed-bottom text-right text-light&quot;&gt; obscures it
Build info: version: &apos;3.141.59&apos;, revision: &apos;e82be7d358&apos;, time: &apos;2018-11-14T08:25:53&apos;
System info: host: &apos;DESKTOP-H2NQ5S1&apos;, ip: &apos;192.168.56.1&apos;, os.name: &apos;Windows 10&apos;, os.arch: &apos;amd64&apos;, os.version: &apos;10.0&apos;, java.version: &apos;1.8.0_171&apos;
Driver info: org.openqa.selenium.firefox.FirefoxDriver
Capabilities {acceptInsecureCerts: true, browserName: firefox, browserVersion: 78.0.2, javascriptEnabled: true, moz:accessibilityChecks: false, moz:buildID: 20200708170202, moz:geckodriverVersion: 0.27.0, moz:headless: true, moz:processID: 10088, moz:profile: C:\Users\Administrator.DESK..., moz:shutdownTimeout: 60000, moz:useNonSpecCompliantPointerOrigin: false, moz:webdriverClick: true, pageLoadStrategy: normal, platform: WINDOWS, platformName: WINDOWS, platformVersion: 10.0, rotatable: false, setWindowRect: true, strictFileInteractability: false, timeouts: {implicit: 0, pageLoad: 300000, script: 30000}, unhandledPromptBehavior: dismiss and notify}
Session ID: 697c578c-0a16-4266-8175-f3cf95ad1680
	at org.openqa.selenium.remote.http.W3CHttpResponseCodec.createException(W3CHttpResponseCodec.java:187)
	at org.openqa.selenium.remote.http.W3CHttpResponseCodec.decode(W3CHttpResponseCodec.java:122)
	at org.openqa.selenium.remote.http.W3CHttpResponseCodec.decode(W3CHttpResponseCodec.java:49)
	at org.openqa.selenium.remote.HttpCommandExecutor.execute(HttpCommandExecutor.java:158)
	at org.openqa.selenium.remote.service.DriverCommandExecutor.execute(DriverCommandExecutor.java:83)
	at org.openqa.selenium.remote.RemoteWebDriver.execute(RemoteWebDriver.java:552)
	at org.openqa.selenium.remote.RemoteWebElement.execute(RemoteWebElement.java:285)
	at org.openqa.selenium.remote.RemoteWebElement.click(RemoteWebElement.java:84)
	at com.webtest.core.WebDriverEngine.click(Unknown Source)
	at com.webtest.ljjdemo.Friendship_link.test_friendship_link_add(Unknown Source)
	at java.util.ArrayList.forEach(ArrayList.java:1257)
... Removed 30 stack frames</div></td></tr></table><p class="totop"><a href="#summary">back to summary</a></p>
<h3 id="m10">com.webtest.ljjdemo.Friendship_link#test_friendship_link_add</h3><table class="result"><tr class="param"><th>Parameter #1</th><th>Parameter #2</th></tr><tr class="param stripe"><td>123</td><td>http://baidu.com</td></tr><tr><th colspan="2">Exception</th></tr><tr><td colspan="2"><div class="stacktrace">org.openqa.selenium.ElementClickInterceptedException: Element &lt;label class=&quot;custom-control-label&quot;&gt; is not clickable at point (295,636) because another element &lt;div class=&quot;fixed-bottom text-right text-light&quot;&gt; obscures it
Build info: version: &apos;3.141.59&apos;, revision: &apos;e82be7d358&apos;, time: &apos;2018-11-14T08:25:53&apos;
System info: host: &apos;DESKTOP-H2NQ5S1&apos;, ip: &apos;192.168.56.1&apos;, os.name: &apos;Windows 10&apos;, os.arch: &apos;amd64&apos;, os.version: &apos;10.0&apos;, java.version: &apos;1.8.0_171&apos;
Driver info: org.openqa.selenium.firefox.FirefoxDriver
Capabilities {acceptInsecureCerts: true, browserName: firefox, browserVersion: 78.0.2, javascriptEnabled: true, moz:accessibilityChecks: false, moz:buildID: 20200708170202, moz:geckodriverVersion: 0.27.0, moz:headless: true, moz:processID: 10916, moz:profile: C:\Users\Administrator.DESK..., moz:shutdownTimeout: 60000, moz:useNonSpecCompliantPointerOrigin: false, moz:webdriverClick: true, pageLoadStrategy: normal, platform: WINDOWS, platformName: WINDOWS, platformVersion: 10.0, rotatable: false, setWindowRect: true, strictFileInteractability: false, timeouts: {implicit: 0, pageLoad: 300000, script: 30000}, unhandledPromptBehavior: dismiss and notify}
Session ID: 0e5c8794-1648-45db-914a-891c4f6bbf9e
	at org.openqa.selenium.remote.http.W3CHttpResponseCodec.createException(W3CHttpResponseCodec.java:187)
	at org.openqa.selenium.remote.http.W3CHttpResponseCodec.decode(W3CHttpResponseCodec.java:122)
	at org.openqa.selenium.remote.http.W3CHttpResponseCodec.decode(W3CHttpResponseCodec.java:49)
	at org.openqa.selenium.remote.HttpCommandExecutor.execute(HttpCommandExecutor.java:158)
	at org.openqa.selenium.remote.service.DriverCommandExecutor.execute(DriverCommandExecutor.java:83)
	at org.openqa.selenium.remote.RemoteWebDriver.execute(RemoteWebDriver.java:552)
	at org.openqa.selenium.remote.RemoteWebElement.execute(RemoteWebElement.java:285)
	at org.openqa.selenium.remote.RemoteWebElement.click(RemoteWebElement.java:84)
	at com.webtest.core.WebDriverEngine.click(Unknown Source)
	at com.webtest.ljjdemo.Friendship_link.test_friendship_link_add(Unknown Source)
	at java.util.ArrayList.forEach(ArrayList.java:1257)
... Removed 30 stack frames</div></td></tr></table><p class="totop"><a href="#summary">back to summary</a></p>
<h3 id="m11">com.webtest.ljjdemo.Friendship_link#test_friendship_link_add</h3><table class="result"><tr class="param"><th>Parameter #1</th><th>Parameter #2</th></tr><tr class="param stripe"><td>#￥%</td><td>http://baidu.com</td></tr><tr><th colspan="2">Exception</th></tr><tr><td colspan="2"><div class="stacktrace">org.openqa.selenium.ElementClickInterceptedException: Element &lt;label class=&quot;custom-control-label&quot;&gt; is not clickable at point (295,636) because another element &lt;div class=&quot;fixed-bottom text-right text-light&quot;&gt; obscures it
Build info: version: &apos;3.141.59&apos;, revision: &apos;e82be7d358&apos;, time: &apos;2018-11-14T08:25:53&apos;
System info: host: &apos;DESKTOP-H2NQ5S1&apos;, ip: &apos;192.168.56.1&apos;, os.name: &apos;Windows 10&apos;, os.arch: &apos;amd64&apos;, os.version: &apos;10.0&apos;, java.version: &apos;1.8.0_171&apos;
Driver info: org.openqa.selenium.firefox.FirefoxDriver
Capabilities {acceptInsecureCerts: true, browserName: firefox, browserVersion: 78.0.2, javascriptEnabled: true, moz:accessibilityChecks: false, moz:buildID: 20200708170202, moz:geckodriverVersion: 0.27.0, moz:headless: true, moz:processID: 21840, moz:profile: C:\Users\Administrator.DESK..., moz:shutdownTimeout: 60000, moz:useNonSpecCompliantPointerOrigin: false, moz:webdriverClick: true, pageLoadStrategy: normal, platform: WINDOWS, platformName: WINDOWS, platformVersion: 10.0, rotatable: false, setWindowRect: true, strictFileInteractability: false, timeouts: {implicit: 0, pageLoad: 300000, script: 30000}, unhandledPromptBehavior: dismiss and notify}
Session ID: eaeb3a1e-6f82-40e7-b7c7-b9bd197e8878
	at org.openqa.selenium.remote.http.W3CHttpResponseCodec.createException(W3CHttpResponseCodec.java:187)
	at org.openqa.selenium.remote.http.W3CHttpResponseCodec.decode(W3CHttpResponseCodec.java:122)
	at org.openqa.selenium.remote.http.W3CHttpResponseCodec.decode(W3CHttpResponseCodec.java:49)
	at org.openqa.selenium.remote.HttpCommandExecutor.execute(HttpCommandExecutor.java:158)
	at org.openqa.selenium.remote.service.DriverCommandExecutor.execute(DriverCommandExecutor.java:83)
	at org.openqa.selenium.remote.RemoteWebDriver.execute(RemoteWebDriver.java:552)
	at org.openqa.selenium.remote.RemoteWebElement.execute(RemoteWebElement.java:285)
	at org.openqa.selenium.remote.RemoteWebElement.click(RemoteWebElement.java:84)
	at com.webtest.core.WebDriverEngine.click(Unknown Source)
	at com.webtest.ljjdemo.Friendship_link.test_friendship_link_add(Unknown Source)
	at java.util.ArrayList.forEach(ArrayList.java:1257)
... Removed 30 stack frames</div></td></tr></table><p class="totop"><a href="#summary">back to summary</a></p>
<h3 id="m12">com.webtest.ljjdemo.Friendship_link#test_friendship_link_add</h3><table class="result"><tr class="param"><th>Parameter #1</th><th>Parameter #2</th></tr><tr class="param stripe"><td>123</td><td>www.baidu,com</td></tr><tr><th colspan="2">Exception</th></tr><tr><td colspan="2"><div class="stacktrace">org.openqa.selenium.ElementClickInterceptedException: Element &lt;label class=&quot;custom-control-label&quot;&gt; is not clickable at point (295,636) because another element &lt;div class=&quot;fixed-bottom text-right text-light&quot;&gt; obscures it
Build info: version: &apos;3.141.59&apos;, revision: &apos;e82be7d358&apos;, time: &apos;2018-11-14T08:25:53&apos;
System info: host: &apos;DESKTOP-H2NQ5S1&apos;, ip: &apos;192.168.56.1&apos;, os.name: &apos;Windows 10&apos;, os.arch: &apos;amd64&apos;, os.version: &apos;10.0&apos;, java.version: &apos;1.8.0_171&apos;
Driver info: org.openqa.selenium.firefox.FirefoxDriver
Capabilities {acceptInsecureCerts: true, browserName: firefox, browserVersion: 78.0.2, javascriptEnabled: true, moz:accessibilityChecks: false, moz:buildID: 20200708170202, moz:geckodriverVersion: 0.27.0, moz:headless: true, moz:processID: 13520, moz:profile: C:\Users\Administrator.DESK..., moz:shutdownTimeout: 60000, moz:useNonSpecCompliantPointerOrigin: false, moz:webdriverClick: true, pageLoadStrategy: normal, platform: WINDOWS, platformName: WINDOWS, platformVersion: 10.0, rotatable: false, setWindowRect: true, strictFileInteractability: false, timeouts: {implicit: 0, pageLoad: 300000, script: 30000}, unhandledPromptBehavior: dismiss and notify}
Session ID: 5c3839c4-2886-4e95-b90d-8291834458e2
	at org.openqa.selenium.remote.http.W3CHttpResponseCodec.createException(W3CHttpResponseCodec.java:187)
	at org.openqa.selenium.remote.http.W3CHttpResponseCodec.decode(W3CHttpResponseCodec.java:122)
	at org.openqa.selenium.remote.http.W3CHttpResponseCodec.decode(W3CHttpResponseCodec.java:49)
	at org.openqa.selenium.remote.HttpCommandExecutor.execute(HttpCommandExecutor.java:158)
	at org.openqa.selenium.remote.service.DriverCommandExecutor.execute(DriverCommandExecutor.java:83)
	at org.openqa.selenium.remote.RemoteWebDriver.execute(RemoteWebDriver.java:552)
	at org.openqa.selenium.remote.RemoteWebElement.execute(RemoteWebElement.java:285)
	at org.openqa.selenium.remote.RemoteWebElement.click(RemoteWebElement.java:84)
	at com.webtest.core.WebDriverEngine.click(Unknown Source)
	at com.webtest.ljjdemo.Friendship_link.test_friendship_link_add(Unknown Source)
	at java.util.ArrayList.forEach(ArrayList.java:1257)
... Removed 29 stack frames</div></td></tr></table><p class="totop"><a href="#summary">back to summary</a></p>
<h3 id="m13">com.webtest.ljjdemo.Friendship_link#test_friendship_link_add</h3><table class="result"><tr class="param"><th>Parameter #1</th><th>Parameter #2</th></tr><tr class="param stripe"><td>百度</td><td>http://baidu.com</td></tr><tr><th colspan="2">Exception</th></tr><tr><td colspan="2"><div class="stacktrace">org.openqa.selenium.ElementClickInterceptedException: Element &lt;label class=&quot;custom-control-label&quot;&gt; is not clickable at point (295,636) because another element &lt;div class=&quot;fixed-bottom text-right text-light&quot;&gt; obscures it
Build info: version: &apos;3.141.59&apos;, revision: &apos;e82be7d358&apos;, time: &apos;2018-11-14T08:25:53&apos;
System info: host: &apos;DESKTOP-H2NQ5S1&apos;, ip: &apos;192.168.56.1&apos;, os.name: &apos;Windows 10&apos;, os.arch: &apos;amd64&apos;, os.version: &apos;10.0&apos;, java.version: &apos;1.8.0_171&apos;
Driver info: org.openqa.selenium.firefox.FirefoxDriver
Capabilities {acceptInsecureCerts: true, browserName: firefox, browserVersion: 78.0.2, javascriptEnabled: true, moz:accessibilityChecks: false, moz:buildID: 20200708170202, moz:geckodriverVersion: 0.27.0, moz:headless: true, moz:processID: 24764, moz:profile: C:\Users\Administrator.DESK..., moz:shutdownTimeout: 60000, moz:useNonSpecCompliantPointerOrigin: false, moz:webdriverClick: true, pageLoadStrategy: normal, platform: WINDOWS, platformName: WINDOWS, platformVersion: 10.0, rotatable: false, setWindowRect: true, strictFileInteractability: false, timeouts: {implicit: 0, pageLoad: 300000, script: 30000}, unhandledPromptBehavior: dismiss and notify}
Session ID: 714a707a-3400-415c-a391-f7166395dbb5
	at org.openqa.selenium.remote.http.W3CHttpResponseCodec.createException(W3CHttpResponseCodec.java:187)
	at org.openqa.selenium.remote.http.W3CHttpResponseCodec.decode(W3CHttpResponseCodec.java:122)
	at org.openqa.selenium.remote.http.W3CHttpResponseCodec.decode(W3CHttpResponseCodec.java:49)
	at org.openqa.selenium.remote.HttpCommandExecutor.execute(HttpCommandExecutor.java:158)
	at org.openqa.selenium.remote.service.DriverCommandExecutor.execute(DriverCommandExecutor.java:83)
	at org.openqa.selenium.remote.RemoteWebDriver.execute(RemoteWebDriver.java:552)
	at org.openqa.selenium.remote.RemoteWebElement.execute(RemoteWebElement.java:285)
	at org.openqa.selenium.remote.RemoteWebElement.click(RemoteWebElement.java:84)
	at com.webtest.core.WebDriverEngine.click(Unknown Source)
	at com.webtest.ljjdemo.Friendship_link.test_friendship_link_add(Unknown Source)
	at java.util.ArrayList.forEach(ArrayList.java:1257)
... Removed 30 stack frames</div></td></tr></table><p class="totop"><a href="#summary">back to summary</a></p>
<h3 id="m14">com.webtest.ljjdemo.Friendship_link#test_friendship_link_add</h3><table class="result"><tr class="param"><th>Parameter #1</th><th>Parameter #2</th></tr><tr class="param stripe"><td>#￥%</td><td>https://baidu.com</td></tr><tr><th colspan="2">Exception</th></tr><tr><td colspan="2"><div class="stacktrace">org.openqa.selenium.ElementClickInterceptedException: Element &lt;label class=&quot;custom-control-label&quot;&gt; is not clickable at point (295,636) because another element &lt;div class=&quot;fixed-bottom text-right text-light&quot;&gt; obscures it
Build info: version: &apos;3.141.59&apos;, revision: &apos;e82be7d358&apos;, time: &apos;2018-11-14T08:25:53&apos;
System info: host: &apos;DESKTOP-H2NQ5S1&apos;, ip: &apos;192.168.56.1&apos;, os.name: &apos;Windows 10&apos;, os.arch: &apos;amd64&apos;, os.version: &apos;10.0&apos;, java.version: &apos;1.8.0_171&apos;
Driver info: org.openqa.selenium.firefox.FirefoxDriver
Capabilities {acceptInsecureCerts: true, browserName: firefox, browserVersion: 78.0.2, javascriptEnabled: true, moz:accessibilityChecks: false, moz:buildID: 20200708170202, moz:geckodriverVersion: 0.27.0, moz:headless: true, moz:processID: 12864, moz:profile: C:\Users\Administrator.DESK..., moz:shutdownTimeout: 60000, moz:useNonSpecCompliantPointerOrigin: false, moz:webdriverClick: true, pageLoadStrategy: normal, platform: WINDOWS, platformName: WINDOWS, platformVersion: 10.0, rotatable: false, setWindowRect: true, strictFileInteractability: false, timeouts: {implicit: 0, pageLoad: 300000, script: 30000}, unhandledPromptBehavior: dismiss and notify}
Session ID: f9b6e333-7656-445c-aa7c-19eaa208fd15
	at org.openqa.selenium.remote.http.W3CHttpResponseCodec.createException(W3CHttpResponseCodec.java:187)
	at org.openqa.selenium.remote.http.W3CHttpResponseCodec.decode(W3CHttpResponseCodec.java:122)
	at org.openqa.selenium.remote.http.W3CHttpResponseCodec.decode(W3CHttpResponseCodec.java:49)
	at org.openqa.selenium.remote.HttpCommandExecutor.execute(HttpCommandExecutor.java:158)
	at org.openqa.selenium.remote.service.DriverCommandExecutor.execute(DriverCommandExecutor.java:83)
	at org.openqa.selenium.remote.RemoteWebDriver.execute(RemoteWebDriver.java:552)
	at org.openqa.selenium.remote.RemoteWebElement.execute(RemoteWebElement.java:285)
	at org.openqa.selenium.remote.RemoteWebElement.click(RemoteWebElement.java:84)
	at com.webtest.core.WebDriverEngine.click(Unknown Source)
	at com.webtest.ljjdemo.Friendship_link.test_friendship_link_add(Unknown Source)
	at java.util.ArrayList.forEach(ArrayList.java:1257)
... Removed 30 stack frames</div></td></tr></table><p class="totop"><a href="#summary">back to summary</a></p>
<h3 id="m15">com.webtest.ljjdemo.Friendship_link#test_friendship_link_add</h3><table class="result"><tr class="param"><th>Parameter #1</th><th>Parameter #2</th></tr><tr class="param stripe"><td>#￥%</td><td>baidu.com</td></tr><tr><th colspan="2">Exception</th></tr><tr><td colspan="2"><div class="stacktrace">org.openqa.selenium.ElementClickInterceptedException: Element &lt;label class=&quot;custom-control-label&quot;&gt; is not clickable at point (295,636) because another element &lt;div class=&quot;fixed-bottom text-right text-light&quot;&gt; obscures it
Build info: version: &apos;3.141.59&apos;, revision: &apos;e82be7d358&apos;, time: &apos;2018-11-14T08:25:53&apos;
System info: host: &apos;DESKTOP-H2NQ5S1&apos;, ip: &apos;192.168.56.1&apos;, os.name: &apos;Windows 10&apos;, os.arch: &apos;amd64&apos;, os.version: &apos;10.0&apos;, java.version: &apos;1.8.0_171&apos;
Driver info: org.openqa.selenium.firefox.FirefoxDriver
Capabilities {acceptInsecureCerts: true, browserName: firefox, browserVersion: 78.0.2, javascriptEnabled: true, moz:accessibilityChecks: false, moz:buildID: 20200708170202, moz:geckodriverVersion: 0.27.0, moz:headless: true, moz:processID: 7964, moz:profile: C:\Users\Administrator.DESK..., moz:shutdownTimeout: 60000, moz:useNonSpecCompliantPointerOrigin: false, moz:webdriverClick: true, pageLoadStrategy: normal, platform: WINDOWS, platformName: WINDOWS, platformVersion: 10.0, rotatable: false, setWindowRect: true, strictFileInteractability: false, timeouts: {implicit: 0, pageLoad: 300000, script: 30000}, unhandledPromptBehavior: dismiss and notify}
Session ID: d9230365-3309-4528-962c-69a217ec3fc5
	at org.openqa.selenium.remote.http.W3CHttpResponseCodec.createException(W3CHttpResponseCodec.java:187)
	at org.openqa.selenium.remote.http.W3CHttpResponseCodec.decode(W3CHttpResponseCodec.java:122)
	at org.openqa.selenium.remote.http.W3CHttpResponseCodec.decode(W3CHttpResponseCodec.java:49)
	at org.openqa.selenium.remote.HttpCommandExecutor.execute(HttpCommandExecutor.java:158)
	at org.openqa.selenium.remote.service.DriverCommandExecutor.execute(DriverCommandExecutor.java:83)
	at org.openqa.selenium.remote.RemoteWebDriver.execute(RemoteWebDriver.java:552)
	at org.openqa.selenium.remote.RemoteWebElement.execute(RemoteWebElement.java:285)
	at org.openqa.selenium.remote.RemoteWebElement.click(RemoteWebElement.java:84)
	at com.webtest.core.WebDriverEngine.click(Unknown Source)
	at com.webtest.ljjdemo.Friendship_link.test_friendship_link_add(Unknown Source)
	at java.util.ArrayList.forEach(ArrayList.java:1257)
... Removed 30 stack frames</div></td></tr></table><p class="totop"><a href="#summary">back to summary</a></p>
<h3 id="m16">com.webtest.ljjdemo.Friendship_link#test_friendship_link_add</h3><table class="result"><tr class="param"><th>Parameter #1</th><th>Parameter #2</th></tr><tr class="param stripe"><td>百度</td><td>https://baidu.com</td></tr><tr><th colspan="2">Exception</th></tr><tr><td colspan="2"><div class="stacktrace">org.openqa.selenium.ElementClickInterceptedException: Element &lt;label class=&quot;custom-control-label&quot;&gt; is not clickable at point (295,636) because another element &lt;div class=&quot;fixed-bottom text-right text-light&quot;&gt; obscures it
Build info: version: &apos;3.141.59&apos;, revision: &apos;e82be7d358&apos;, time: &apos;2018-11-14T08:25:53&apos;
System info: host: &apos;DESKTOP-H2NQ5S1&apos;, ip: &apos;192.168.56.1&apos;, os.name: &apos;Windows 10&apos;, os.arch: &apos;amd64&apos;, os.version: &apos;10.0&apos;, java.version: &apos;1.8.0_171&apos;
Driver info: org.openqa.selenium.firefox.FirefoxDriver
Capabilities {acceptInsecureCerts: true, browserName: firefox, browserVersion: 78.0.2, javascriptEnabled: true, moz:accessibilityChecks: false, moz:buildID: 20200708170202, moz:geckodriverVersion: 0.27.0, moz:headless: true, moz:processID: 21876, moz:profile: C:\Users\Administrator.DESK..., moz:shutdownTimeout: 60000, moz:useNonSpecCompliantPointerOrigin: false, moz:webdriverClick: true, pageLoadStrategy: normal, platform: WINDOWS, platformName: WINDOWS, platformVersion: 10.0, rotatable: false, setWindowRect: true, strictFileInteractability: false, timeouts: {implicit: 0, pageLoad: 300000, script: 30000}, unhandledPromptBehavior: dismiss and notify}
Session ID: efa1b2c3-ee65-4dbf-b48f-665df4960a59
	at org.openqa.selenium.remote.http.W3CHttpResponseCodec.createException(W3CHttpResponseCodec.java:187)
	at org.openqa.selenium.remote.http.W3CHttpResponseCodec.decode(W3CHttpResponseCodec.java:122)
	at org.openqa.selenium.remote.http.W3CHttpResponseCodec.decode(W3CHttpResponseCodec.java:49)
	at org.openqa.selenium.remote.HttpCommandExecutor.execute(HttpCommandExecutor.java:158)
	at org.openqa.selenium.remote.service.DriverCommandExecutor.execute(DriverCommandExecutor.java:83)
	at org.openqa.selenium.remote.RemoteWebDriver.execute(RemoteWebDriver.java:552)
	at org.openqa.selenium.remote.RemoteWebElement.execute(RemoteWebElement.java:285)
	at org.openqa.selenium.remote.RemoteWebElement.click(RemoteWebElement.java:84)
	at com.webtest.core.WebDriverEngine.click(Unknown Source)
	at com.webtest.ljjdemo.Friendship_link.test_friendship_link_add(Unknown Source)
	at java.util.ArrayList.forEach(ArrayList.java:1257)
... Removed 30 stack frames</div></td></tr></table><p class="totop"><a href="#summary">back to summary</a></p>
<h3 id="m17">com.webtest.ljjdemo.Growth_setting#test_growth_value</h3><table class="result"><tr class="param"><th>Parameter #1</th></tr><tr class="param stripe"><td>liujunjiang</td></tr><tr><th>Exception</th></tr><tr><td><div class="stacktrace">java.lang.AssertionError: expected [liujunjiang] but found [0]
	at com.webtest.ljjdemo.Growth_setting.test_growth_value(Unknown Source)
	at java.util.ArrayList.forEach(ArrayList.java:1257)
... Removed 31 stack frames</div></td></tr></table><p class="totop"><a href="#summary">back to summary</a></p>
<h3 id="m18">com.webtest.ljjdemo.Growth_setting#test_growth_value</h3><table class="result"><tr class="param"><th>Parameter #1</th></tr><tr class="param stripe"><td>#￥%</td></tr><tr><th>Exception</th></tr><tr><td><div class="stacktrace">java.lang.AssertionError: expected [#￥%] but found [0]
	at com.webtest.ljjdemo.Growth_setting.test_growth_value(Unknown Source)
	at java.util.ArrayList.forEach(ArrayList.java:1257)
... Removed 31 stack frames</div></td></tr></table><p class="totop"><a href="#summary">back to summary</a></p>
<h3 id="m19">com.webtest.ljjdemo.Growth_setting#test_integral</h3><table class="result"><tr class="param"><th>Parameter #1</th></tr><tr class="param stripe"><td>liujunjiang</td></tr><tr><th>Exception</th></tr><tr><td><div class="stacktrace">java.lang.AssertionError: expected [liujunjiang] but found [0]
	at com.webtest.ljjdemo.Growth_setting.test_integral(Unknown Source)
	at java.util.ArrayList.forEach(ArrayList.java:1257)
... Removed 31 stack frames</div></td></tr></table><p class="totop"><a href="#summary">back to summary</a></p>
<h3 id="m20">com.webtest.ljjdemo.Growth_setting#test_integral</h3><table class="result"><tr class="param"><th>Parameter #1</th></tr><tr class="param stripe"><td>#￥%</td></tr><tr><th>Exception</th></tr><tr><td><div class="stacktrace">java.lang.AssertionError: expected [#￥%] but found [0]
	at com.webtest.ljjdemo.Growth_setting.test_integral(Unknown Source)
	at java.util.ArrayList.forEach(ArrayList.java:1257)
... Removed 31 stack frames</div></td></tr></table><p class="totop"><a href="#summary">back to summary</a></p>
<h3 id="m21">com.webtest.ljjdemo.Level_setting#test_level_description</h3><table class="result"><tr class="param"><th>Parameter #1</th></tr><tr class="param stripe"><td>1级</td></tr><tr><th>Exception</th></tr><tr><td><div class="stacktrace">java.lang.AssertionError: expected [1级] but found []
	at com.webtest.ljjdemo.Level_setting.test_level_description(Unknown Source)
	at java.util.ArrayList.forEach(ArrayList.java:1257)
... Removed 31 stack frames</div></td></tr></table><p class="totop"><a href="#summary">back to summary</a></p>
<h3 id="m22">com.webtest.ljjdemo.Level_setting#test_required_growth_value</h3><table class="result"><tr class="param"><th>Parameter #1</th></tr><tr class="param stripe"><td>￥%#</td></tr><tr><th>Exception</th></tr><tr><td><div class="stacktrace">java.lang.AssertionError: expected [￥%#] but found [0]
	at com.webtest.ljjdemo.Level_setting.test_required_growth_value(Unknown Source)
	at java.util.ArrayList.forEach(ArrayList.java:1257)
... Removed 31 stack frames</div></td></tr></table><p class="totop"><a href="#summary">back to summary</a></p>
<h3 id="m23">com.webtest.ljjdemo.Level_setting#test_required_growth_value</h3><table class="result"><tr class="param"><th>Parameter #1</th></tr><tr class="param stripe"><td>liujunjiang</td></tr><tr><th>Exception</th></tr><tr><td><div class="stacktrace">java.lang.AssertionError: expected [liujunjiang] but found [0]
	at com.webtest.ljjdemo.Level_setting.test_required_growth_value(Unknown Source)
	at java.util.ArrayList.forEach(ArrayList.java:1257)
... Removed 31 stack frames</div></td></tr></table><p class="totop"><a href="#summary">back to summary</a></p>
<h3 id="m24">com.webtest.ljjdemo.Level_setting#test_required_growth_value</h3><table class="result"><tr class="param"><th>Parameter #1</th></tr><tr class="param stripe"><td>-1</td></tr><tr><th>Exception</th></tr><tr><td><div class="stacktrace">java.lang.AssertionError: expected [-1] but found [0]
	at com.webtest.ljjdemo.Level_setting.test_required_growth_value(Unknown Source)
	at java.util.ArrayList.forEach(ArrayList.java:1257)
... Removed 31 stack frames</div></td></tr></table><p class="totop"><a href="#summary">back to summary</a></p>
<h3 id="m25">com.webtest.ljjdemo.Sign_in_setting#test_Points_sign_in</h3><table class="result"><tr class="param"><th>Parameter #1</th></tr><tr class="param stripe"><td>1+2</td></tr><tr><th>Exception</th></tr><tr><td><div class="stacktrace">java.lang.AssertionError: expected [1+2] but found []
	at com.webtest.ljjdemo.Sign_in_setting.test_Points_sign_in(Unknown Source)
	at java.util.ArrayList.forEach(ArrayList.java:1257)
... Removed 31 stack frames</div></td></tr></table><p class="totop"><a href="#summary">back to summary</a></p>
<h3 id="m26">com.webtest.ljjdemo.Sign_in_setting#doAfterMethod</h3><table class="result"><tr><th class="invisible"/></tr></table><p class="totop"><a href="#summary">back to summary</a></p>
<h3 id="m27">com.webtest.ljjdemo.Sign_in_setting#doAfterMethod_2</h3><table class="result"><tr><th class="invisible"/></tr></table><p class="totop"><a href="#summary">back to summary</a></p>
<h3 id="m28">com.webtest.ljjdemo.Friendship_link#test_friendship_link_sort</h3><table class="result"><tr class="param"><th>Parameter #1</th></tr><tr class="param stripe"><td>test</td></tr></table><p class="totop"><a href="#summary">back to summary</a></p>
<h3 id="m29">com.webtest.ljjdemo.Friendship_link#test_friendship_link_sort</h3><table class="result"><tr class="param"><th>Parameter #1</th></tr><tr class="param stripe"><td>10</td></tr></table><p class="totop"><a href="#summary">back to summary</a></p>
<h3 id="m30">com.webtest.ljjdemo.Friendship_link#test_friendship_link_sort</h3><table class="result"><tr class="param"><th>Parameter #1</th></tr><tr class="param stripe"><td>1234567890</td></tr></table><p class="totop"><a href="#summary">back to summary</a></p>
<h3 id="m31">com.webtest.ljjdemo.Friendship_link#test_friendship_link_sort</h3><table class="result"><tr class="param"><th>Parameter #1</th></tr><tr class="param stripe"><td>0</td></tr></table><p class="totop"><a href="#summary">back to summary</a></p>
<h3 id="m32">com.webtest.ljjdemo.Friendship_link#test_friendship_link_sort</h3><table class="result"><tr class="param"><th>Parameter #1</th></tr><tr class="param stripe"><td>-1</td></tr></table><p class="totop"><a href="#summary">back to summary</a></p>
<h3 id="m33">com.webtest.ljjdemo.Friendship_link#test_friendship_link_sort</h3><table class="result"><tr class="param"><th>Parameter #1</th></tr><tr class="param stripe"><td>测试</td></tr></table><p class="totop"><a href="#summary">back to summary</a></p>
<h3 id="m34">com.webtest.ljjdemo.Growth_setting#test_growth_value</h3><table class="result"><tr class="param"><th>Parameter #1</th></tr><tr class="param stripe"><td>10</td></tr></table><p class="totop"><a href="#summary">back to summary</a></p>
<h3 id="m35">com.webtest.ljjdemo.Growth_setting#test_growth_value</h3><table class="result"><tr class="param"><th>Parameter #1</th></tr><tr class="param stripe"><td>-1</td></tr></table><p class="totop"><a href="#summary">back to summary</a></p>
<h3 id="m36">com.webtest.ljjdemo.Growth_setting#test_growth_value</h3><table class="result"><tr class="param"><th>Parameter #1</th></tr><tr class="param stripe"><td>123456</td></tr></table><p class="totop"><a href="#summary">back to summary</a></p>
<h3 id="m37">com.webtest.ljjdemo.Growth_setting#test_integral</h3><table class="result"><tr class="param"><th>Parameter #1</th></tr><tr class="param stripe"><td>-1</td></tr></table><p class="totop"><a href="#summary">back to summary</a></p>
<h3 id="m38">com.webtest.ljjdemo.Growth_setting#test_integral</h3><table class="result"><tr class="param"><th>Parameter #1</th></tr><tr class="param stripe"><td>10</td></tr></table><p class="totop"><a href="#summary">back to summary</a></p>
<h3 id="m39">com.webtest.ljjdemo.Growth_setting#test_integral</h3><table class="result"><tr class="param"><th>Parameter #1</th></tr><tr class="param stripe"><td>123456</td></tr></table><p class="totop"><a href="#summary">back to summary</a></p>
<h3 id="m40">com.webtest.ljjdemo.Level_setting#test_level_description</h3><table class="result"><tr class="param"><th>Parameter #1</th></tr><tr class="param stripe"><td>￥%#</td></tr></table><p class="totop"><a href="#summary">back to summary</a></p>
<h3 id="m41">com.webtest.ljjdemo.Level_setting#test_required_growth_value</h3><table class="result"><tr class="param"><th>Parameter #1</th></tr><tr class="param stripe"><td>10</td></tr></table><p class="totop"><a href="#summary">back to summary</a></p>
<h3 id="m42">com.webtest.ljjdemo.Level_setting#test_required_growth_value</h3><table class="result"><tr class="param"><th>Parameter #1</th></tr><tr class="param stripe"><td>12345678</td></tr></table><p class="totop"><a href="#summary">back to summary</a></p>
<h3 id="m43">com.webtest.ljjdemo.Sign_in_setting#test_Points_sign_in</h3><table class="result"><tr class="param"><th>Parameter #1</th></tr><tr class="param stripe"><td>-1</td></tr></table><p class="totop"><a href="#summary">back to summary</a></p>
<h3 id="m44">com.webtest.ljjdemo.Sign_in_setting#test_Points_sign_in</h3><table class="result"><tr class="param"><th>Parameter #1</th></tr><tr class="param stripe"><td>10</td></tr></table><p class="totop"><a href="#summary">back to summary</a></p>
<h3 id="m45">com.webtest.ljjdemo.Site_setting#test_forum_subtitle_enter</h3><table class="result"><tr class="param"><th>Parameter #1</th></tr><tr class="param stripe"><td>剑鱼论坛plus</td></tr></table><p class="totop"><a href="#summary">back to summary</a></p>
<h3 id="m46">com.webtest.ljjdemo.Site_setting#test_forum_subtitle_enter</h3><table class="result"><tr class="param"><th>Parameter #1</th></tr><tr class="param stripe"><td>￥%#</td></tr></table><p class="totop"><a href="#summary">back to summary</a></p>
<h3 id="m47">com.webtest.ljjdemo.Site_setting#test_forum_subtitle_enter</h3><table class="result"><tr class="param"><th>Parameter #1</th></tr><tr class="param stripe"><td>哈哈哈哈哈哈哈哈哈哈哈哈哈哈哈哈哈哈哈哈哈哈哈哈哈哈哈哈哈哈哈哈哈哈哈哈哈哈哈哈哈哈哈哈哈哈哈哈哈哈哈哈哈哈哈哈哈哈哈哈哈哈哈哈哈哈哈哈哈哈哈哈哈哈哈哈哈哈哈哈哈哈哈哈哈哈哈哈哈哈哈哈哈哈哈哈哈哈哈哈哈哈哈哈哈哈哈哈哈哈哈哈哈哈哈哈哈哈哈哈哈哈哈哈哈哈哈哈哈哈哈哈哈哈哈哈哈哈哈哈哈哈哈哈哈哈哈哈哈哈哈哈哈哈哈哈哈哈哈哈哈哈哈哈哈哈哈哈哈哈哈哈哈哈哈哈哈哈哈哈哈哈哈哈哈哈哈哈哈哈哈哈哈哈哈哈哈哈哈哈</td></tr></table><p class="totop"><a href="#summary">back to summary</a></p>
<h3 id="m48">com.webtest.ljjdemo.Site_setting#test_forum_subtitle_enter</h3><table class="result"><tr class="param"><th>Parameter #1</th></tr><tr class="param stripe"><td>12345</td></tr></table><p class="totop"><a href="#summary">back to summary</a></p>
<h3 id="m49">com.webtest.ljjdemo.Site_setting#test_forum_title_enter</h3><table class="result"><tr class="param"><th>Parameter #1</th></tr><tr class="param stripe"><td>￥%#</td></tr></table><p class="totop"><a href="#summary">back to summary</a></p>
<h3 id="m50">com.webtest.ljjdemo.Site_setting#test_forum_title_enter</h3><table class="result"><tr class="param"><th>Parameter #1</th></tr><tr class="param stripe"><td>剑鱼论坛</td></tr></table><p class="totop"><a href="#summary">back to summary</a></p>
<h3 id="m51">com.webtest.ljjdemo.Site_setting#test_forum_title_enter</h3><table class="result"><tr class="param"><th>Parameter #1</th></tr><tr class="param stripe"><td>哈哈哈哈哈哈哈哈哈哈哈哈哈哈哈哈哈哈哈哈哈哈哈哈哈哈哈哈哈哈哈哈哈哈哈哈哈哈哈哈哈哈哈哈哈哈哈哈哈哈哈哈哈哈哈哈哈哈哈哈哈哈哈哈哈哈哈哈哈哈哈哈哈哈哈哈哈哈哈哈哈哈哈哈哈哈哈哈哈哈哈哈哈哈哈哈哈哈哈哈哈哈哈哈哈哈哈哈哈哈哈哈哈哈哈哈哈哈哈哈哈哈哈哈哈哈哈哈哈哈哈哈哈哈哈哈哈哈哈哈哈哈哈哈哈哈哈哈哈哈哈哈哈哈哈哈哈哈哈哈哈哈哈哈哈哈哈哈哈哈哈哈哈哈哈哈哈哈哈哈哈哈哈哈哈哈哈哈哈哈哈哈哈哈哈哈哈哈哈哈</td></tr></table><p class="totop"><a href="#summary">back to summary</a></p>
<h3 id="m52">com.webtest.ljjdemo.Site_setting#test_forum_title_enter</h3><table class="result"><tr class="param"><th>Parameter #1</th></tr><tr class="param stripe"><td>12345</td></tr></table><p class="totop"><a href="#summary">back to summary</a></p>
</body>
</html>
