<?xml version="1.0" encoding="UTF-8"?>
<testng-results skipped="0" failed="25" ignored="0" total="50" passed="25">
  <reporter-output>
  </reporter-output>
  <suite name="s1" duration-ms="1111331" started-at="2020-11-25T13:13:03 CST" finished-at="2020-11-25T13:31:34 CST">
    <groups>
    </groups>
    <test name="test1" duration-ms="1111331" started-at="2020-11-25T13:13:03 CST" finished-at="2020-11-25T13:31:34 CST">
      <class name="com.webtest.ljjdemo.Growth_setting">
        <test-method status="PASS" signature="doBeforeClass()[pri:0, instance:com.webtest.ljjdemo.Growth_setting@23ceabc1]" name="doBeforeClass" is-config="true" duration-ms="2856" started-at="2020-11-25T13:19:57 CST" finished-at="2020-11-25T13:20:00 CST">
          <reporter-output>
          </reporter-output>
        </test-method> <!-- doBeforeClass -->
        <test-method status="PASS" signature="login_to()[pri:0, instance:com.webtest.ljjdemo.Growth_setting@23ceabc1]" name="login_to" is-config="true" duration-ms="9950" started-at="2020-11-25T13:20:00 CST" description="管理员登录" finished-at="2020-11-25T13:20:10 CST">
          <reporter-output>
          </reporter-output>
        </test-method> <!-- login_to -->
        <test-method status="PASS" signature="test_growth_value(java.lang.String)[pri:0, instance:com.webtest.ljjdemo.Growth_setting@23ceabc1]" name="test_growth_value" duration-ms="4490" started-at="2020-11-25T13:20:10 CST" description="增加成长值" data-provider="growth_value" finished-at="2020-11-25T13:20:15 CST">
          <params>
            <param index="0">
              <value>
                <![CDATA[-1]]>
              </value>
            </param>
          </params>
          <reporter-output>
          </reporter-output>
        </test-method> <!-- test_growth_value -->
        <test-method status="PASS" signature="submitAndQuit()[pri:0, instance:com.webtest.ljjdemo.Growth_setting@23ceabc1]" name="submitAndQuit" is-config="true" duration-ms="3350" started-at="2020-11-25T13:20:15 CST" finished-at="2020-11-25T13:20:18 CST">
          <reporter-output>
          </reporter-output>
        </test-method> <!-- submitAndQuit -->
        <test-method status="PASS" signature="doAfterMethod_2()[pri:0, instance:com.webtest.ljjdemo.Growth_setting@23ceabc1]" name="doAfterMethod_2" is-config="true" duration-ms="2781" started-at="2020-11-25T13:20:18 CST" finished-at="2020-11-25T13:20:21 CST">
          <reporter-output>
          </reporter-output>
        </test-method> <!-- doAfterMethod_2 -->
        <test-method status="PASS" signature="doBeforeClass()[pri:0, instance:com.webtest.ljjdemo.Growth_setting@23ceabc1]" name="doBeforeClass" is-config="true" duration-ms="2800" started-at="2020-11-25T13:20:21 CST" finished-at="2020-11-25T13:20:23 CST">
          <reporter-output>
          </reporter-output>
        </test-method> <!-- doBeforeClass -->
        <test-method status="PASS" signature="login_to()[pri:0, instance:com.webtest.ljjdemo.Growth_setting@23ceabc1]" name="login_to" is-config="true" duration-ms="9800" started-at="2020-11-25T13:20:23 CST" description="管理员登录" finished-at="2020-11-25T13:20:33 CST">
          <reporter-output>
          </reporter-output>
        </test-method> <!-- login_to -->
        <test-method status="PASS" signature="test_growth_value(java.lang.String)[pri:0, instance:com.webtest.ljjdemo.Growth_setting@23ceabc1]" name="test_growth_value" duration-ms="4379" started-at="2020-11-25T13:20:33 CST" description="增加成长值" data-provider="growth_value" finished-at="2020-11-25T13:20:38 CST">
          <params>
            <param index="0">
              <value>
                <![CDATA[10]]>
              </value>
            </param>
          </params>
          <reporter-output>
          </reporter-output>
        </test-method> <!-- test_growth_value -->
        <test-method status="PASS" signature="submitAndQuit()[pri:0, instance:com.webtest.ljjdemo.Growth_setting@23ceabc1]" name="submitAndQuit" is-config="true" duration-ms="3210" started-at="2020-11-25T13:20:38 CST" finished-at="2020-11-25T13:20:41 CST">
          <reporter-output>
          </reporter-output>
        </test-method> <!-- submitAndQuit -->
        <test-method status="PASS" signature="doAfterMethod_2()[pri:0, instance:com.webtest.ljjdemo.Growth_setting@23ceabc1]" name="doAfterMethod_2" is-config="true" duration-ms="2741" started-at="2020-11-25T13:20:41 CST" finished-at="2020-11-25T13:20:44 CST">
          <reporter-output>
          </reporter-output>
        </test-method> <!-- doAfterMethod_2 -->
        <test-method status="PASS" signature="doBeforeClass()[pri:0, instance:com.webtest.ljjdemo.Growth_setting@23ceabc1]" name="doBeforeClass" is-config="true" duration-ms="2678" started-at="2020-11-25T13:20:44 CST" finished-at="2020-11-25T13:20:46 CST">
          <reporter-output>
          </reporter-output>
        </test-method> <!-- doBeforeClass -->
        <test-method status="PASS" signature="login_to()[pri:0, instance:com.webtest.ljjdemo.Growth_setting@23ceabc1]" name="login_to" is-config="true" duration-ms="9951" started-at="2020-11-25T13:20:46 CST" description="管理员登录" finished-at="2020-11-25T13:20:56 CST">
          <reporter-output>
          </reporter-output>
        </test-method> <!-- login_to -->
        <test-method status="FAIL" signature="test_growth_value(java.lang.String)[pri:0, instance:com.webtest.ljjdemo.Growth_setting@23ceabc1]" name="test_growth_value" duration-ms="4301" started-at="2020-11-25T13:20:56 CST" description="增加成长值" data-provider="growth_value" finished-at="2020-11-25T13:21:01 CST">
          <params>
            <param index="0">
              <value>
                <![CDATA[#￥%]]>
              </value>
            </param>
          </params>
          <exception class="java.lang.AssertionError">
            <message>
              <![CDATA[expected [#￥%] but found [0]]]>
            </message>
            <full-stacktrace>
              <![CDATA[java.lang.AssertionError: expected [#￥%] but found [0]
at org.testng.Assert.fail(Assert.java:97)
at org.testng.Assert.assertEqualsImpl(Assert.java:136)
at org.testng.Assert.assertEquals(Assert.java:118)
at org.testng.Assert.assertEquals(Assert.java:575)
at org.testng.Assert.assertEquals(Assert.java:585)
at com.webtest.ljjdemo.Growth_setting.test_growth_value(Unknown Source)
at sun.reflect.NativeMethodAccessorImpl.invoke0(Native Method)
at sun.reflect.NativeMethodAccessorImpl.invoke(NativeMethodAccessorImpl.java:62)
at sun.reflect.DelegatingMethodAccessorImpl.invoke(DelegatingMethodAccessorImpl.java:43)
at java.lang.reflect.Method.invoke(Method.java:498)
at org.testng.internal.MethodInvocationHelper.invokeMethod(MethodInvocationHelper.java:134)
at org.testng.internal.TestInvoker.invokeMethod(TestInvoker.java:597)
at org.testng.internal.TestInvoker.invokeTestMethod(TestInvoker.java:173)
at org.testng.internal.MethodRunner.runInSequence(MethodRunner.java:46)
at org.testng.internal.TestInvoker$MethodInvocationAgent.invoke(TestInvoker.java:816)
at org.testng.internal.TestInvoker.invokeTestMethods(TestInvoker.java:146)
at org.testng.internal.TestMethodWorker.invokeTestMethods(TestMethodWorker.java:146)
at org.testng.internal.TestMethodWorker.run(TestMethodWorker.java:128)
at java.util.ArrayList.forEach(ArrayList.java:1257)
at org.testng.TestRunner.privateRun(TestRunner.java:766)
at org.testng.TestRunner.run(TestRunner.java:587)
at org.testng.SuiteRunner.runTest(SuiteRunner.java:384)
at org.testng.SuiteRunner.runSequentially(SuiteRunner.java:378)
at org.testng.SuiteRunner.privateRun(SuiteRunner.java:337)
at org.testng.SuiteRunner.run(SuiteRunner.java:286)
at org.testng.SuiteRunnerWorker.runSuite(SuiteRunnerWorker.java:53)
at org.testng.SuiteRunnerWorker.run(SuiteRunnerWorker.java:96)
at org.testng.TestNG.runSuitesSequentially(TestNG.java:1187)
at org.testng.TestNG.runSuitesLocally(TestNG.java:1109)
at org.testng.TestNG.runSuites(TestNG.java:1039)
at org.testng.TestNG.run(TestNG.java:1007)
at org.testng.TestNG.privateMain(TestNG.java:1336)
at org.testng.TestNG.main(TestNG.java:1304)
]]>
            </full-stacktrace>
          </exception> <!-- java.lang.AssertionError -->
          <reporter-output>
          </reporter-output>
        </test-method> <!-- test_growth_value -->
        <test-method status="PASS" signature="submitAndQuit()[pri:0, instance:com.webtest.ljjdemo.Growth_setting@23ceabc1]" name="submitAndQuit" is-config="true" duration-ms="3369" started-at="2020-11-25T13:21:01 CST" finished-at="2020-11-25T13:21:04 CST">
          <reporter-output>
          </reporter-output>
        </test-method> <!-- submitAndQuit -->
        <test-method status="PASS" signature="doAfterMethod_2()[pri:0, instance:com.webtest.ljjdemo.Growth_setting@23ceabc1]" name="doAfterMethod_2" is-config="true" duration-ms="2962" started-at="2020-11-25T13:21:04 CST" finished-at="2020-11-25T13:21:07 CST">
          <reporter-output>
          </reporter-output>
        </test-method> <!-- doAfterMethod_2 -->
        <test-method status="PASS" signature="doBeforeClass()[pri:0, instance:com.webtest.ljjdemo.Growth_setting@23ceabc1]" name="doBeforeClass" is-config="true" duration-ms="2829" started-at="2020-11-25T13:21:07 CST" finished-at="2020-11-25T13:21:10 CST">
          <reporter-output>
          </reporter-output>
        </test-method> <!-- doBeforeClass -->
        <test-method status="PASS" signature="login_to()[pri:0, instance:com.webtest.ljjdemo.Growth_setting@23ceabc1]" name="login_to" is-config="true" duration-ms="9919" started-at="2020-11-25T13:21:10 CST" description="管理员登录" finished-at="2020-11-25T13:21:20 CST">
          <reporter-output>
          </reporter-output>
        </test-method> <!-- login_to -->
        <test-method status="FAIL" signature="test_growth_value(java.lang.String)[pri:0, instance:com.webtest.ljjdemo.Growth_setting@23ceabc1]" name="test_growth_value" duration-ms="3531" started-at="2020-11-25T13:21:20 CST" description="增加成长值" data-provider="growth_value" finished-at="2020-11-25T13:21:23 CST">
          <params>
            <param index="0">
              <value>
                <![CDATA[liujunjiang]]>
              </value>
            </param>
          </params>
          <exception class="java.lang.AssertionError">
            <message>
              <![CDATA[expected [liujunjiang] but found [0]]]>
            </message>
            <full-stacktrace>
              <![CDATA[java.lang.AssertionError: expected [liujunjiang] but found [0]
at org.testng.Assert.fail(Assert.java:97)
at org.testng.Assert.assertEqualsImpl(Assert.java:136)
at org.testng.Assert.assertEquals(Assert.java:118)
at org.testng.Assert.assertEquals(Assert.java:575)
at org.testng.Assert.assertEquals(Assert.java:585)
at com.webtest.ljjdemo.Growth_setting.test_growth_value(Unknown Source)
at sun.reflect.NativeMethodAccessorImpl.invoke0(Native Method)
at sun.reflect.NativeMethodAccessorImpl.invoke(NativeMethodAccessorImpl.java:62)
at sun.reflect.DelegatingMethodAccessorImpl.invoke(DelegatingMethodAccessorImpl.java:43)
at java.lang.reflect.Method.invoke(Method.java:498)
at org.testng.internal.MethodInvocationHelper.invokeMethod(MethodInvocationHelper.java:134)
at org.testng.internal.TestInvoker.invokeMethod(TestInvoker.java:597)
at org.testng.internal.TestInvoker.invokeTestMethod(TestInvoker.java:173)
at org.testng.internal.MethodRunner.runInSequence(MethodRunner.java:46)
at org.testng.internal.TestInvoker$MethodInvocationAgent.invoke(TestInvoker.java:816)
at org.testng.internal.TestInvoker.invokeTestMethods(TestInvoker.java:146)
at org.testng.internal.TestMethodWorker.invokeTestMethods(TestMethodWorker.java:146)
at org.testng.internal.TestMethodWorker.run(TestMethodWorker.java:128)
at java.util.ArrayList.forEach(ArrayList.java:1257)
at org.testng.TestRunner.privateRun(TestRunner.java:766)
at org.testng.TestRunner.run(TestRunner.java:587)
at org.testng.SuiteRunner.runTest(SuiteRunner.java:384)
at org.testng.SuiteRunner.runSequentially(SuiteRunner.java:378)
at org.testng.SuiteRunner.privateRun(SuiteRunner.java:337)
at org.testng.SuiteRunner.run(SuiteRunner.java:286)
at org.testng.SuiteRunnerWorker.runSuite(SuiteRunnerWorker.java:53)
at org.testng.SuiteRunnerWorker.run(SuiteRunnerWorker.java:96)
at org.testng.TestNG.runSuitesSequentially(TestNG.java:1187)
at org.testng.TestNG.runSuitesLocally(TestNG.java:1109)
at org.testng.TestNG.runSuites(TestNG.java:1039)
at org.testng.TestNG.run(TestNG.java:1007)
at org.testng.TestNG.privateMain(TestNG.java:1336)
at org.testng.TestNG.main(TestNG.java:1304)
]]>
            </full-stacktrace>
          </exception> <!-- java.lang.AssertionError -->
          <reporter-output>
          </reporter-output>
        </test-method> <!-- test_growth_value -->
        <test-method status="PASS" signature="submitAndQuit()[pri:0, instance:com.webtest.ljjdemo.Growth_setting@23ceabc1]" name="submitAndQuit" is-config="true" duration-ms="3290" started-at="2020-11-25T13:21:23 CST" finished-at="2020-11-25T13:21:26 CST">
          <reporter-output>
          </reporter-output>
        </test-method> <!-- submitAndQuit -->
        <test-method status="PASS" signature="doAfterMethod_2()[pri:0, instance:com.webtest.ljjdemo.Growth_setting@23ceabc1]" name="doAfterMethod_2" is-config="true" duration-ms="869" started-at="2020-11-25T13:21:26 CST" finished-at="2020-11-25T13:21:27 CST">
          <reporter-output>
          </reporter-output>
        </test-method> <!-- doAfterMethod_2 -->
        <test-method status="PASS" signature="doBeforeClass()[pri:0, instance:com.webtest.ljjdemo.Growth_setting@23ceabc1]" name="doBeforeClass" is-config="true" duration-ms="2800" started-at="2020-11-25T13:21:27 CST" finished-at="2020-11-25T13:21:30 CST">
          <reporter-output>
          </reporter-output>
        </test-method> <!-- doBeforeClass -->
        <test-method status="PASS" signature="login_to()[pri:0, instance:com.webtest.ljjdemo.Growth_setting@23ceabc1]" name="login_to" is-config="true" duration-ms="10011" started-at="2020-11-25T13:21:30 CST" description="管理员登录" finished-at="2020-11-25T13:21:40 CST">
          <reporter-output>
          </reporter-output>
        </test-method> <!-- login_to -->
        <test-method status="PASS" signature="test_growth_value(java.lang.String)[pri:0, instance:com.webtest.ljjdemo.Growth_setting@23ceabc1]" name="test_growth_value" duration-ms="4319" started-at="2020-11-25T13:21:40 CST" description="增加成长值" data-provider="growth_value" finished-at="2020-11-25T13:21:44 CST">
          <params>
            <param index="0">
              <value>
                <![CDATA[123456]]>
              </value>
            </param>
          </params>
          <reporter-output>
          </reporter-output>
        </test-method> <!-- test_growth_value -->
        <test-method status="PASS" signature="submitAndQuit()[pri:0, instance:com.webtest.ljjdemo.Growth_setting@23ceabc1]" name="submitAndQuit" is-config="true" duration-ms="3211" started-at="2020-11-25T13:21:44 CST" finished-at="2020-11-25T13:21:48 CST">
          <reporter-output>
          </reporter-output>
        </test-method> <!-- submitAndQuit -->
        <test-method status="PASS" signature="doAfterMethod_2()[pri:0, instance:com.webtest.ljjdemo.Growth_setting@23ceabc1]" name="doAfterMethod_2" is-config="true" duration-ms="2650" started-at="2020-11-25T13:21:48 CST" finished-at="2020-11-25T13:21:50 CST">
          <reporter-output>
          </reporter-output>
        </test-method> <!-- doAfterMethod_2 -->
        <test-method status="PASS" signature="doBeforeClass()[pri:0, instance:com.webtest.ljjdemo.Growth_setting@23ceabc1]" name="doBeforeClass" is-config="true" duration-ms="2829" started-at="2020-11-25T13:21:50 CST" finished-at="2020-11-25T13:21:53 CST">
          <reporter-output>
          </reporter-output>
        </test-method> <!-- doBeforeClass -->
        <test-method status="PASS" signature="login_to()[pri:0, instance:com.webtest.ljjdemo.Growth_setting@23ceabc1]" name="login_to" is-config="true" duration-ms="9780" started-at="2020-11-25T13:21:53 CST" description="管理员登录" finished-at="2020-11-25T13:22:03 CST">
          <reporter-output>
          </reporter-output>
        </test-method> <!-- login_to -->
        <test-method status="PASS" signature="test_integral(java.lang.String)[pri:0, instance:com.webtest.ljjdemo.Growth_setting@23ceabc1]" name="test_integral" duration-ms="4241" started-at="2020-11-25T13:22:03 CST" description="增加成长值" data-provider="integral" finished-at="2020-11-25T13:22:07 CST">
          <params>
            <param index="0">
              <value>
                <![CDATA[-1]]>
              </value>
            </param>
          </params>
          <reporter-output>
          </reporter-output>
        </test-method> <!-- test_integral -->
        <test-method status="PASS" signature="submitAndQuit()[pri:0, instance:com.webtest.ljjdemo.Growth_setting@23ceabc1]" name="submitAndQuit" is-config="true" duration-ms="3429" started-at="2020-11-25T13:22:07 CST" finished-at="2020-11-25T13:22:11 CST">
          <reporter-output>
          </reporter-output>
        </test-method> <!-- submitAndQuit -->
        <test-method status="PASS" signature="doAfterMethod_2()[pri:0, instance:com.webtest.ljjdemo.Growth_setting@23ceabc1]" name="doAfterMethod_2" is-config="true" duration-ms="750" started-at="2020-11-25T13:22:11 CST" finished-at="2020-11-25T13:22:11 CST">
          <reporter-output>
          </reporter-output>
        </test-method> <!-- doAfterMethod_2 -->
        <test-method status="PASS" signature="doBeforeClass()[pri:0, instance:com.webtest.ljjdemo.Growth_setting@23ceabc1]" name="doBeforeClass" is-config="true" duration-ms="2810" started-at="2020-11-25T13:22:11 CST" finished-at="2020-11-25T13:22:14 CST">
          <reporter-output>
          </reporter-output>
        </test-method> <!-- doBeforeClass -->
        <test-method status="PASS" signature="login_to()[pri:0, instance:com.webtest.ljjdemo.Growth_setting@23ceabc1]" name="login_to" is-config="true" duration-ms="9772" started-at="2020-11-25T13:22:14 CST" description="管理员登录" finished-at="2020-11-25T13:22:24 CST">
          <reporter-output>
          </reporter-output>
        </test-method> <!-- login_to -->
        <test-method status="PASS" signature="test_integral(java.lang.String)[pri:0, instance:com.webtest.ljjdemo.Growth_setting@23ceabc1]" name="test_integral" duration-ms="3390" started-at="2020-11-25T13:22:24 CST" description="增加成长值" data-provider="integral" finished-at="2020-11-25T13:22:27 CST">
          <params>
            <param index="0">
              <value>
                <![CDATA[10]]>
              </value>
            </param>
          </params>
          <reporter-output>
          </reporter-output>
        </test-method> <!-- test_integral -->
        <test-method status="PASS" signature="submitAndQuit()[pri:0, instance:com.webtest.ljjdemo.Growth_setting@23ceabc1]" name="submitAndQuit" is-config="true" duration-ms="3197" started-at="2020-11-25T13:22:27 CST" finished-at="2020-11-25T13:22:31 CST">
          <reporter-output>
          </reporter-output>
        </test-method> <!-- submitAndQuit -->
        <test-method status="PASS" signature="doAfterMethod_2()[pri:0, instance:com.webtest.ljjdemo.Growth_setting@23ceabc1]" name="doAfterMethod_2" is-config="true" duration-ms="2740" started-at="2020-11-25T13:22:31 CST" finished-at="2020-11-25T13:22:33 CST">
          <reporter-output>
          </reporter-output>
        </test-method> <!-- doAfterMethod_2 -->
        <test-method status="PASS" signature="doBeforeClass()[pri:0, instance:com.webtest.ljjdemo.Growth_setting@23ceabc1]" name="doBeforeClass" is-config="true" duration-ms="2809" started-at="2020-11-25T13:22:33 CST" finished-at="2020-11-25T13:22:36 CST">
          <reporter-output>
          </reporter-output>
        </test-method> <!-- doBeforeClass -->
        <test-method status="PASS" signature="login_to()[pri:0, instance:com.webtest.ljjdemo.Growth_setting@23ceabc1]" name="login_to" is-config="true" duration-ms="10041" started-at="2020-11-25T13:22:36 CST" description="管理员登录" finished-at="2020-11-25T13:22:46 CST">
          <reporter-output>
          </reporter-output>
        </test-method> <!-- login_to -->
        <test-method status="FAIL" signature="test_integral(java.lang.String)[pri:0, instance:com.webtest.ljjdemo.Growth_setting@23ceabc1]" name="test_integral" duration-ms="4439" started-at="2020-11-25T13:22:46 CST" description="增加成长值" data-provider="integral" finished-at="2020-11-25T13:22:51 CST">
          <params>
            <param index="0">
              <value>
                <![CDATA[#￥%]]>
              </value>
            </param>
          </params>
          <exception class="java.lang.AssertionError">
            <message>
              <![CDATA[expected [#￥%] but found [0]]]>
            </message>
            <full-stacktrace>
              <![CDATA[java.lang.AssertionError: expected [#￥%] but found [0]
at org.testng.Assert.fail(Assert.java:97)
at org.testng.Assert.assertEqualsImpl(Assert.java:136)
at org.testng.Assert.assertEquals(Assert.java:118)
at org.testng.Assert.assertEquals(Assert.java:575)
at org.testng.Assert.assertEquals(Assert.java:585)
at com.webtest.ljjdemo.Growth_setting.test_integral(Unknown Source)
at sun.reflect.NativeMethodAccessorImpl.invoke0(Native Method)
at sun.reflect.NativeMethodAccessorImpl.invoke(NativeMethodAccessorImpl.java:62)
at sun.reflect.DelegatingMethodAccessorImpl.invoke(DelegatingMethodAccessorImpl.java:43)
at java.lang.reflect.Method.invoke(Method.java:498)
at org.testng.internal.MethodInvocationHelper.invokeMethod(MethodInvocationHelper.java:134)
at org.testng.internal.TestInvoker.invokeMethod(TestInvoker.java:597)
at org.testng.internal.TestInvoker.invokeTestMethod(TestInvoker.java:173)
at org.testng.internal.MethodRunner.runInSequence(MethodRunner.java:46)
at org.testng.internal.TestInvoker$MethodInvocationAgent.invoke(TestInvoker.java:816)
at org.testng.internal.TestInvoker.invokeTestMethods(TestInvoker.java:146)
at org.testng.internal.TestMethodWorker.invokeTestMethods(TestMethodWorker.java:146)
at org.testng.internal.TestMethodWorker.run(TestMethodWorker.java:128)
at java.util.ArrayList.forEach(ArrayList.java:1257)
at org.testng.TestRunner.privateRun(TestRunner.java:766)
at org.testng.TestRunner.run(TestRunner.java:587)
at org.testng.SuiteRunner.runTest(SuiteRunner.java:384)
at org.testng.SuiteRunner.runSequentially(SuiteRunner.java:378)
at org.testng.SuiteRunner.privateRun(SuiteRunner.java:337)
at org.testng.SuiteRunner.run(SuiteRunner.java:286)
at org.testng.SuiteRunnerWorker.runSuite(SuiteRunnerWorker.java:53)
at org.testng.SuiteRunnerWorker.run(SuiteRunnerWorker.java:96)
at org.testng.TestNG.runSuitesSequentially(TestNG.java:1187)
at org.testng.TestNG.runSuitesLocally(TestNG.java:1109)
at org.testng.TestNG.runSuites(TestNG.java:1039)
at org.testng.TestNG.run(TestNG.java:1007)
at org.testng.TestNG.privateMain(TestNG.java:1336)
at org.testng.TestNG.main(TestNG.java:1304)
]]>
            </full-stacktrace>
          </exception> <!-- java.lang.AssertionError -->
          <reporter-output>
          </reporter-output>
        </test-method> <!-- test_integral -->
        <test-method status="PASS" signature="submitAndQuit()[pri:0, instance:com.webtest.ljjdemo.Growth_setting@23ceabc1]" name="submitAndQuit" is-config="true" duration-ms="3455" started-at="2020-11-25T13:22:51 CST" finished-at="2020-11-25T13:22:54 CST">
          <reporter-output>
          </reporter-output>
        </test-method> <!-- submitAndQuit -->
        <test-method status="PASS" signature="doAfterMethod_2()[pri:0, instance:com.webtest.ljjdemo.Growth_setting@23ceabc1]" name="doAfterMethod_2" is-config="true" duration-ms="786" started-at="2020-11-25T13:22:54 CST" finished-at="2020-11-25T13:22:55 CST">
          <reporter-output>
          </reporter-output>
        </test-method> <!-- doAfterMethod_2 -->
        <test-method status="PASS" signature="doBeforeClass()[pri:0, instance:com.webtest.ljjdemo.Growth_setting@23ceabc1]" name="doBeforeClass" is-config="true" duration-ms="2799" started-at="2020-11-25T13:22:55 CST" finished-at="2020-11-25T13:22:58 CST">
          <reporter-output>
          </reporter-output>
        </test-method> <!-- doBeforeClass -->
        <test-method status="PASS" signature="login_to()[pri:0, instance:com.webtest.ljjdemo.Growth_setting@23ceabc1]" name="login_to" is-config="true" duration-ms="9961" started-at="2020-11-25T13:22:58 CST" description="管理员登录" finished-at="2020-11-25T13:23:08 CST">
          <reporter-output>
          </reporter-output>
        </test-method> <!-- login_to -->
        <test-method status="FAIL" signature="test_integral(java.lang.String)[pri:0, instance:com.webtest.ljjdemo.Growth_setting@23ceabc1]" name="test_integral" duration-ms="3359" started-at="2020-11-25T13:23:08 CST" description="增加成长值" data-provider="integral" finished-at="2020-11-25T13:23:11 CST">
          <params>
            <param index="0">
              <value>
                <![CDATA[liujunjiang]]>
              </value>
            </param>
          </params>
          <exception class="java.lang.AssertionError">
            <message>
              <![CDATA[expected [liujunjiang] but found [0]]]>
            </message>
            <full-stacktrace>
              <![CDATA[java.lang.AssertionError: expected [liujunjiang] but found [0]
at org.testng.Assert.fail(Assert.java:97)
at org.testng.Assert.assertEqualsImpl(Assert.java:136)
at org.testng.Assert.assertEquals(Assert.java:118)
at org.testng.Assert.assertEquals(Assert.java:575)
at org.testng.Assert.assertEquals(Assert.java:585)
at com.webtest.ljjdemo.Growth_setting.test_integral(Unknown Source)
at sun.reflect.NativeMethodAccessorImpl.invoke0(Native Method)
at sun.reflect.NativeMethodAccessorImpl.invoke(NativeMethodAccessorImpl.java:62)
at sun.reflect.DelegatingMethodAccessorImpl.invoke(DelegatingMethodAccessorImpl.java:43)
at java.lang.reflect.Method.invoke(Method.java:498)
at org.testng.internal.MethodInvocationHelper.invokeMethod(MethodInvocationHelper.java:134)
at org.testng.internal.TestInvoker.invokeMethod(TestInvoker.java:597)
at org.testng.internal.TestInvoker.invokeTestMethod(TestInvoker.java:173)
at org.testng.internal.MethodRunner.runInSequence(MethodRunner.java:46)
at org.testng.internal.TestInvoker$MethodInvocationAgent.invoke(TestInvoker.java:816)
at org.testng.internal.TestInvoker.invokeTestMethods(TestInvoker.java:146)
at org.testng.internal.TestMethodWorker.invokeTestMethods(TestMethodWorker.java:146)
at org.testng.internal.TestMethodWorker.run(TestMethodWorker.java:128)
at java.util.ArrayList.forEach(ArrayList.java:1257)
at org.testng.TestRunner.privateRun(TestRunner.java:766)
at org.testng.TestRunner.run(TestRunner.java:587)
at org.testng.SuiteRunner.runTest(SuiteRunner.java:384)
at org.testng.SuiteRunner.runSequentially(SuiteRunner.java:378)
at org.testng.SuiteRunner.privateRun(SuiteRunner.java:337)
at org.testng.SuiteRunner.run(SuiteRunner.java:286)
at org.testng.SuiteRunnerWorker.runSuite(SuiteRunnerWorker.java:53)
at org.testng.SuiteRunnerWorker.run(SuiteRunnerWorker.java:96)
at org.testng.TestNG.runSuitesSequentially(TestNG.java:1187)
at org.testng.TestNG.runSuitesLocally(TestNG.java:1109)
at org.testng.TestNG.runSuites(TestNG.java:1039)
at org.testng.TestNG.run(TestNG.java:1007)
at org.testng.TestNG.privateMain(TestNG.java:1336)
at org.testng.TestNG.main(TestNG.java:1304)
]]>
            </full-stacktrace>
          </exception> <!-- java.lang.AssertionError -->
          <reporter-output>
          </reporter-output>
        </test-method> <!-- test_integral -->
        <test-method status="PASS" signature="submitAndQuit()[pri:0, instance:com.webtest.ljjdemo.Growth_setting@23ceabc1]" name="submitAndQuit" is-config="true" duration-ms="3223" started-at="2020-11-25T13:23:11 CST" finished-at="2020-11-25T13:23:14 CST">
          <reporter-output>
          </reporter-output>
        </test-method> <!-- submitAndQuit -->
        <test-method status="PASS" signature="doAfterMethod_2()[pri:0, instance:com.webtest.ljjdemo.Growth_setting@23ceabc1]" name="doAfterMethod_2" is-config="true" duration-ms="2918" started-at="2020-11-25T13:23:14 CST" finished-at="2020-11-25T13:23:17 CST">
          <reporter-output>
          </reporter-output>
        </test-method> <!-- doAfterMethod_2 -->
        <test-method status="PASS" signature="doBeforeClass()[pri:0, instance:com.webtest.ljjdemo.Growth_setting@23ceabc1]" name="doBeforeClass" is-config="true" duration-ms="2799" started-at="2020-11-25T13:23:17 CST" finished-at="2020-11-25T13:23:20 CST">
          <reporter-output>
          </reporter-output>
        </test-method> <!-- doBeforeClass -->
        <test-method status="PASS" signature="login_to()[pri:0, instance:com.webtest.ljjdemo.Growth_setting@23ceabc1]" name="login_to" is-config="true" duration-ms="9761" started-at="2020-11-25T13:23:20 CST" description="管理员登录" finished-at="2020-11-25T13:23:30 CST">
          <reporter-output>
          </reporter-output>
        </test-method> <!-- login_to -->
        <test-method status="PASS" signature="test_integral(java.lang.String)[pri:0, instance:com.webtest.ljjdemo.Growth_setting@23ceabc1]" name="test_integral" duration-ms="4460" started-at="2020-11-25T13:23:30 CST" description="增加成长值" data-provider="integral" finished-at="2020-11-25T13:23:34 CST">
          <params>
            <param index="0">
              <value>
                <![CDATA[123456]]>
              </value>
            </param>
          </params>
          <reporter-output>
          </reporter-output>
        </test-method> <!-- test_integral -->
        <test-method status="PASS" signature="submitAndQuit()[pri:0, instance:com.webtest.ljjdemo.Growth_setting@23ceabc1]" name="submitAndQuit" is-config="true" duration-ms="3313" started-at="2020-11-25T13:23:34 CST" finished-at="2020-11-25T13:23:37 CST">
          <reporter-output>
          </reporter-output>
        </test-method> <!-- submitAndQuit -->
        <test-method status="PASS" signature="doAfterMethod_2()[pri:0, instance:com.webtest.ljjdemo.Growth_setting@23ceabc1]" name="doAfterMethod_2" is-config="true" duration-ms="705" started-at="2020-11-25T13:23:37 CST" finished-at="2020-11-25T13:23:38 CST">
          <reporter-output>
          </reporter-output>
        </test-method> <!-- doAfterMethod_2 -->
        <test-method status="PASS" signature="doAfterMethod()[pri:0, instance:com.webtest.ljjdemo.Growth_setting@23ceabc1]" name="doAfterMethod" is-config="true" duration-ms="0" started-at="2020-11-25T13:23:38 CST" finished-at="2020-11-25T13:23:38 CST">
          <reporter-output>
          </reporter-output>
        </test-method> <!-- doAfterMethod -->
      </class> <!-- com.webtest.ljjdemo.Growth_setting -->
      <class name="com.webtest.ljjdemo.Site_setting">
        <test-method status="PASS" signature="doBeforeClass()[pri:0, instance:com.webtest.ljjdemo.Site_setting@215be6bb]" name="doBeforeClass" is-config="true" duration-ms="3807" started-at="2020-11-25T13:13:03 CST" finished-at="2020-11-25T13:13:07 CST">
          <reporter-output>
          </reporter-output>
        </test-method> <!-- doBeforeClass -->
        <test-method status="PASS" signature="login_to()[pri:0, instance:com.webtest.ljjdemo.Site_setting@215be6bb]" name="login_to" is-config="true" duration-ms="13281" started-at="2020-11-25T13:13:07 CST" description="管理员登录" finished-at="2020-11-25T13:13:20 CST">
          <reporter-output>
          </reporter-output>
        </test-method> <!-- login_to -->
        <test-method status="PASS" signature="test_forum_subtitle_enter(java.lang.String)[pri:0, instance:com.webtest.ljjdemo.Site_setting@215be6bb]" name="test_forum_subtitle_enter" duration-ms="6949" started-at="2020-11-25T13:13:20 CST" description="论坛副名称" data-provider="forum_subtitle" finished-at="2020-11-25T13:13:27 CST">
          <params>
            <param index="0">
              <value>
                <![CDATA[剑鱼论坛plus]]>
              </value>
            </param>
          </params>
          <reporter-output>
          </reporter-output>
        </test-method> <!-- test_forum_subtitle_enter -->
        <test-method status="PASS" signature="submitAndQuit()[pri:0, instance:com.webtest.ljjdemo.Site_setting@215be6bb]" name="submitAndQuit" is-config="true" duration-ms="3648" started-at="2020-11-25T13:13:27 CST" finished-at="2020-11-25T13:13:31 CST">
          <reporter-output>
          </reporter-output>
        </test-method> <!-- submitAndQuit -->
        <test-method status="PASS" signature="doAfterMethod_2()[pri:0, instance:com.webtest.ljjdemo.Site_setting@215be6bb]" name="doAfterMethod_2" is-config="true" duration-ms="2752" started-at="2020-11-25T13:13:31 CST" finished-at="2020-11-25T13:13:33 CST">
          <reporter-output>
          </reporter-output>
        </test-method> <!-- doAfterMethod_2 -->
        <test-method status="PASS" signature="doBeforeClass()[pri:0, instance:com.webtest.ljjdemo.Site_setting@215be6bb]" name="doBeforeClass" is-config="true" duration-ms="2810" started-at="2020-11-25T13:13:33 CST" finished-at="2020-11-25T13:13:36 CST">
          <reporter-output>
          </reporter-output>
        </test-method> <!-- doBeforeClass -->
        <test-method status="PASS" signature="login_to()[pri:0, instance:com.webtest.ljjdemo.Site_setting@215be6bb]" name="login_to" is-config="true" duration-ms="9910" started-at="2020-11-25T13:13:36 CST" description="管理员登录" finished-at="2020-11-25T13:13:46 CST">
          <reporter-output>
          </reporter-output>
        </test-method> <!-- login_to -->
        <test-method status="PASS" signature="test_forum_subtitle_enter(java.lang.String)[pri:0, instance:com.webtest.ljjdemo.Site_setting@215be6bb]" name="test_forum_subtitle_enter" duration-ms="6716" started-at="2020-11-25T13:13:46 CST" description="论坛副名称" data-provider="forum_subtitle" finished-at="2020-11-25T13:13:53 CST">
          <params>
            <param index="0">
              <value>
                <![CDATA[￥%#]]>
              </value>
            </param>
          </params>
          <reporter-output>
          </reporter-output>
        </test-method> <!-- test_forum_subtitle_enter -->
        <test-method status="PASS" signature="submitAndQuit()[pri:0, instance:com.webtest.ljjdemo.Site_setting@215be6bb]" name="submitAndQuit" is-config="true" duration-ms="3196" started-at="2020-11-25T13:13:53 CST" finished-at="2020-11-25T13:13:56 CST">
          <reporter-output>
          </reporter-output>
        </test-method> <!-- submitAndQuit -->
        <test-method status="PASS" signature="doAfterMethod_2()[pri:0, instance:com.webtest.ljjdemo.Site_setting@215be6bb]" name="doAfterMethod_2" is-config="true" duration-ms="2809" started-at="2020-11-25T13:13:56 CST" finished-at="2020-11-25T13:13:59 CST">
          <reporter-output>
          </reporter-output>
        </test-method> <!-- doAfterMethod_2 -->
        <test-method status="PASS" signature="doBeforeClass()[pri:0, instance:com.webtest.ljjdemo.Site_setting@215be6bb]" name="doBeforeClass" is-config="true" duration-ms="2859" started-at="2020-11-25T13:13:59 CST" finished-at="2020-11-25T13:14:02 CST">
          <reporter-output>
          </reporter-output>
        </test-method> <!-- doBeforeClass -->
        <test-method status="PASS" signature="login_to()[pri:0, instance:com.webtest.ljjdemo.Site_setting@215be6bb]" name="login_to" is-config="true" duration-ms="9909" started-at="2020-11-25T13:14:02 CST" description="管理员登录" finished-at="2020-11-25T13:14:12 CST">
          <reporter-output>
          </reporter-output>
        </test-method> <!-- login_to -->
        <test-method status="PASS" signature="test_forum_subtitle_enter(java.lang.String)[pri:0, instance:com.webtest.ljjdemo.Site_setting@215be6bb]" name="test_forum_subtitle_enter" duration-ms="6852" started-at="2020-11-25T13:14:12 CST" description="论坛副名称" data-provider="forum_subtitle" finished-at="2020-11-25T13:14:19 CST">
          <params>
            <param index="0">
              <value>
                <![CDATA[哈哈哈哈哈哈哈哈哈哈哈哈哈哈哈哈哈哈哈哈哈哈哈哈哈哈哈哈哈哈哈哈哈哈哈哈哈哈哈哈哈哈哈哈哈哈哈哈哈哈哈哈哈哈哈哈哈哈哈哈哈哈哈哈哈哈哈哈哈哈哈哈哈哈哈哈哈哈哈哈哈哈哈哈哈哈哈哈哈哈哈哈哈哈哈哈哈哈哈哈哈哈哈哈哈哈哈哈哈哈哈哈哈哈哈哈哈哈哈哈哈哈哈哈哈哈哈哈哈哈哈哈哈哈哈哈哈哈哈哈哈哈哈哈哈哈哈哈哈哈哈哈哈哈哈哈哈哈哈哈哈哈哈哈哈哈哈哈哈哈哈哈哈哈哈哈哈哈哈哈哈哈哈哈哈哈哈哈哈哈哈哈哈哈哈哈哈哈哈哈]]>
              </value>
            </param>
          </params>
          <reporter-output>
          </reporter-output>
        </test-method> <!-- test_forum_subtitle_enter -->
        <test-method status="PASS" signature="submitAndQuit()[pri:0, instance:com.webtest.ljjdemo.Site_setting@215be6bb]" name="submitAndQuit" is-config="true" duration-ms="3412" started-at="2020-11-25T13:14:19 CST" finished-at="2020-11-25T13:14:22 CST">
          <reporter-output>
          </reporter-output>
        </test-method> <!-- submitAndQuit -->
        <test-method status="PASS" signature="doAfterMethod_2()[pri:0, instance:com.webtest.ljjdemo.Site_setting@215be6bb]" name="doAfterMethod_2" is-config="true" duration-ms="2687" started-at="2020-11-25T13:14:22 CST" finished-at="2020-11-25T13:14:25 CST">
          <reporter-output>
          </reporter-output>
        </test-method> <!-- doAfterMethod_2 -->
        <test-method status="PASS" signature="doBeforeClass()[pri:0, instance:com.webtest.ljjdemo.Site_setting@215be6bb]" name="doBeforeClass" is-config="true" duration-ms="2803" started-at="2020-11-25T13:14:25 CST" finished-at="2020-11-25T13:14:27 CST">
          <reporter-output>
          </reporter-output>
        </test-method> <!-- doBeforeClass -->
        <test-method status="PASS" signature="login_to()[pri:0, instance:com.webtest.ljjdemo.Site_setting@215be6bb]" name="login_to" is-config="true" duration-ms="9758" started-at="2020-11-25T13:14:27 CST" description="管理员登录" finished-at="2020-11-25T13:14:37 CST">
          <reporter-output>
          </reporter-output>
        </test-method> <!-- login_to -->
        <test-method status="PASS" signature="test_forum_subtitle_enter(java.lang.String)[pri:0, instance:com.webtest.ljjdemo.Site_setting@215be6bb]" name="test_forum_subtitle_enter" duration-ms="6780" started-at="2020-11-25T13:14:37 CST" description="论坛副名称" data-provider="forum_subtitle" finished-at="2020-11-25T13:14:44 CST">
          <params>
            <param index="0">
              <value>
                <![CDATA[12345]]>
              </value>
            </param>
          </params>
          <reporter-output>
          </reporter-output>
        </test-method> <!-- test_forum_subtitle_enter -->
        <test-method status="PASS" signature="submitAndQuit()[pri:0, instance:com.webtest.ljjdemo.Site_setting@215be6bb]" name="submitAndQuit" is-config="true" duration-ms="3260" started-at="2020-11-25T13:14:44 CST" finished-at="2020-11-25T13:14:47 CST">
          <reporter-output>
          </reporter-output>
        </test-method> <!-- submitAndQuit -->
        <test-method status="PASS" signature="doAfterMethod_2()[pri:0, instance:com.webtest.ljjdemo.Site_setting@215be6bb]" name="doAfterMethod_2" is-config="true" duration-ms="3040" started-at="2020-11-25T13:14:47 CST" finished-at="2020-11-25T13:14:50 CST">
          <reporter-output>
          </reporter-output>
        </test-method> <!-- doAfterMethod_2 -->
        <test-method status="PASS" signature="doBeforeClass()[pri:0, instance:com.webtest.ljjdemo.Site_setting@215be6bb]" name="doBeforeClass" is-config="true" duration-ms="2703" started-at="2020-11-25T13:14:50 CST" finished-at="2020-11-25T13:14:53 CST">
          <reporter-output>
          </reporter-output>
        </test-method> <!-- doBeforeClass -->
        <test-method status="PASS" signature="login_to()[pri:0, instance:com.webtest.ljjdemo.Site_setting@215be6bb]" name="login_to" is-config="true" duration-ms="9878" started-at="2020-11-25T13:14:53 CST" description="管理员登录" finished-at="2020-11-25T13:15:03 CST">
          <reporter-output>
          </reporter-output>
        </test-method> <!-- login_to -->
        <test-method status="PASS" signature="test_forum_title_enter(java.lang.String)[pri:0, instance:com.webtest.ljjdemo.Site_setting@215be6bb]" name="test_forum_title_enter" duration-ms="6820" started-at="2020-11-25T13:15:03 CST" description="论坛名称" data-provider="forum_title" finished-at="2020-11-25T13:15:10 CST">
          <params>
            <param index="0">
              <value>
                <![CDATA[￥%#]]>
              </value>
            </param>
          </params>
          <reporter-output>
          </reporter-output>
        </test-method> <!-- test_forum_title_enter -->
        <test-method status="PASS" signature="submitAndQuit()[pri:0, instance:com.webtest.ljjdemo.Site_setting@215be6bb]" name="submitAndQuit" is-config="true" duration-ms="3229" started-at="2020-11-25T13:15:10 CST" finished-at="2020-11-25T13:15:13 CST">
          <reporter-output>
          </reporter-output>
        </test-method> <!-- submitAndQuit -->
        <test-method status="PASS" signature="doAfterMethod_2()[pri:0, instance:com.webtest.ljjdemo.Site_setting@215be6bb]" name="doAfterMethod_2" is-config="true" duration-ms="731" started-at="2020-11-25T13:15:13 CST" finished-at="2020-11-25T13:15:14 CST">
          <reporter-output>
          </reporter-output>
        </test-method> <!-- doAfterMethod_2 -->
        <test-method status="PASS" signature="doBeforeClass()[pri:0, instance:com.webtest.ljjdemo.Site_setting@215be6bb]" name="doBeforeClass" is-config="true" duration-ms="2742" started-at="2020-11-25T13:15:14 CST" finished-at="2020-11-25T13:15:16 CST">
          <reporter-output>
          </reporter-output>
        </test-method> <!-- doBeforeClass -->
        <test-method status="PASS" signature="login_to()[pri:0, instance:com.webtest.ljjdemo.Site_setting@215be6bb]" name="login_to" is-config="true" duration-ms="9878" started-at="2020-11-25T13:15:16 CST" description="管理员登录" finished-at="2020-11-25T13:15:26 CST">
          <reporter-output>
          </reporter-output>
        </test-method> <!-- login_to -->
        <test-method status="PASS" signature="test_forum_title_enter(java.lang.String)[pri:0, instance:com.webtest.ljjdemo.Site_setting@215be6bb]" name="test_forum_title_enter" duration-ms="6773" started-at="2020-11-25T13:15:26 CST" description="论坛名称" data-provider="forum_title" finished-at="2020-11-25T13:15:33 CST">
          <params>
            <param index="0">
              <value>
                <![CDATA[剑鱼论坛]]>
              </value>
            </param>
          </params>
          <reporter-output>
          </reporter-output>
        </test-method> <!-- test_forum_title_enter -->
        <test-method status="PASS" signature="submitAndQuit()[pri:0, instance:com.webtest.ljjdemo.Site_setting@215be6bb]" name="submitAndQuit" is-config="true" duration-ms="3347" started-at="2020-11-25T13:15:33 CST" finished-at="2020-11-25T13:15:36 CST">
          <reporter-output>
          </reporter-output>
        </test-method> <!-- submitAndQuit -->
        <test-method status="PASS" signature="doAfterMethod_2()[pri:0, instance:com.webtest.ljjdemo.Site_setting@215be6bb]" name="doAfterMethod_2" is-config="true" duration-ms="800" started-at="2020-11-25T13:15:36 CST" finished-at="2020-11-25T13:15:37 CST">
          <reporter-output>
          </reporter-output>
        </test-method> <!-- doAfterMethod_2 -->
        <test-method status="PASS" signature="doBeforeClass()[pri:0, instance:com.webtest.ljjdemo.Site_setting@215be6bb]" name="doBeforeClass" is-config="true" duration-ms="2725" started-at="2020-11-25T13:15:37 CST" finished-at="2020-11-25T13:15:40 CST">
          <reporter-output>
          </reporter-output>
        </test-method> <!-- doBeforeClass -->
        <test-method status="PASS" signature="login_to()[pri:0, instance:com.webtest.ljjdemo.Site_setting@215be6bb]" name="login_to" is-config="true" duration-ms="9725" started-at="2020-11-25T13:15:40 CST" description="管理员登录" finished-at="2020-11-25T13:15:50 CST">
          <reporter-output>
          </reporter-output>
        </test-method> <!-- login_to -->
        <test-method status="PASS" signature="test_forum_title_enter(java.lang.String)[pri:0, instance:com.webtest.ljjdemo.Site_setting@215be6bb]" name="test_forum_title_enter" duration-ms="6981" started-at="2020-11-25T13:15:50 CST" description="论坛名称" data-provider="forum_title" finished-at="2020-11-25T13:15:57 CST">
          <params>
            <param index="0">
              <value>
                <![CDATA[哈哈哈哈哈哈哈哈哈哈哈哈哈哈哈哈哈哈哈哈哈哈哈哈哈哈哈哈哈哈哈哈哈哈哈哈哈哈哈哈哈哈哈哈哈哈哈哈哈哈哈哈哈哈哈哈哈哈哈哈哈哈哈哈哈哈哈哈哈哈哈哈哈哈哈哈哈哈哈哈哈哈哈哈哈哈哈哈哈哈哈哈哈哈哈哈哈哈哈哈哈哈哈哈哈哈哈哈哈哈哈哈哈哈哈哈哈哈哈哈哈哈哈哈哈哈哈哈哈哈哈哈哈哈哈哈哈哈哈哈哈哈哈哈哈哈哈哈哈哈哈哈哈哈哈哈哈哈哈哈哈哈哈哈哈哈哈哈哈哈哈哈哈哈哈哈哈哈哈哈哈哈哈哈哈哈哈哈哈哈哈哈哈哈哈哈哈哈哈哈]]>
              </value>
            </param>
          </params>
          <reporter-output>
          </reporter-output>
        </test-method> <!-- test_forum_title_enter -->
        <test-method status="PASS" signature="submitAndQuit()[pri:0, instance:com.webtest.ljjdemo.Site_setting@215be6bb]" name="submitAndQuit" is-config="true" duration-ms="3188" started-at="2020-11-25T13:15:57 CST" finished-at="2020-11-25T13:16:00 CST">
          <reporter-output>
          </reporter-output>
        </test-method> <!-- submitAndQuit -->
        <test-method status="PASS" signature="doAfterMethod_2()[pri:0, instance:com.webtest.ljjdemo.Site_setting@215be6bb]" name="doAfterMethod_2" is-config="true" duration-ms="722" started-at="2020-11-25T13:16:00 CST" finished-at="2020-11-25T13:16:01 CST">
          <reporter-output>
          </reporter-output>
        </test-method> <!-- doAfterMethod_2 -->
        <test-method status="PASS" signature="doBeforeClass()[pri:0, instance:com.webtest.ljjdemo.Site_setting@215be6bb]" name="doBeforeClass" is-config="true" duration-ms="2891" started-at="2020-11-25T13:16:01 CST" finished-at="2020-11-25T13:16:03 CST">
          <reporter-output>
          </reporter-output>
        </test-method> <!-- doBeforeClass -->
        <test-method status="PASS" signature="login_to()[pri:0, instance:com.webtest.ljjdemo.Site_setting@215be6bb]" name="login_to" is-config="true" duration-ms="9829" started-at="2020-11-25T13:16:03 CST" description="管理员登录" finished-at="2020-11-25T13:16:13 CST">
          <reporter-output>
          </reporter-output>
        </test-method> <!-- login_to -->
        <test-method status="PASS" signature="test_forum_title_enter(java.lang.String)[pri:0, instance:com.webtest.ljjdemo.Site_setting@215be6bb]" name="test_forum_title_enter" duration-ms="6679" started-at="2020-11-25T13:16:13 CST" description="论坛名称" data-provider="forum_title" finished-at="2020-11-25T13:16:20 CST">
          <params>
            <param index="0">
              <value>
                <![CDATA[12345]]>
              </value>
            </param>
          </params>
          <reporter-output>
          </reporter-output>
        </test-method> <!-- test_forum_title_enter -->
        <test-method status="PASS" signature="submitAndQuit()[pri:0, instance:com.webtest.ljjdemo.Site_setting@215be6bb]" name="submitAndQuit" is-config="true" duration-ms="3234" started-at="2020-11-25T13:16:20 CST" finished-at="2020-11-25T13:16:23 CST">
          <reporter-output>
          </reporter-output>
        </test-method> <!-- submitAndQuit -->
        <test-method status="PASS" signature="doAfterMethod_2()[pri:0, instance:com.webtest.ljjdemo.Site_setting@215be6bb]" name="doAfterMethod_2" is-config="true" duration-ms="766" started-at="2020-11-25T13:16:23 CST" finished-at="2020-11-25T13:16:24 CST">
          <reporter-output>
          </reporter-output>
        </test-method> <!-- doAfterMethod_2 -->
        <test-method status="PASS" signature="doAfterMethod()[pri:0, instance:com.webtest.ljjdemo.Site_setting@215be6bb]" name="doAfterMethod" is-config="true" duration-ms="0" started-at="2020-11-25T13:16:24 CST" finished-at="2020-11-25T13:16:24 CST">
          <reporter-output>
          </reporter-output>
        </test-method> <!-- doAfterMethod -->
      </class> <!-- com.webtest.ljjdemo.Site_setting -->
      <class name="com.webtest.ljjdemo.Level_setting">
        <test-method status="PASS" signature="doBeforeClass()[pri:0, instance:com.webtest.ljjdemo.Level_setting@5dfcfece]" name="doBeforeClass" is-config="true" duration-ms="2756" started-at="2020-11-25T13:17:24 CST" finished-at="2020-11-25T13:17:27 CST">
          <reporter-output>
          </reporter-output>
        </test-method> <!-- doBeforeClass -->
        <test-method status="PASS" signature="login_to()[pri:0, instance:com.webtest.ljjdemo.Level_setting@5dfcfece]" name="login_to" is-config="true" duration-ms="9969" started-at="2020-11-25T13:17:27 CST" description="管理员登录" finished-at="2020-11-25T13:17:37 CST">
          <reporter-output>
          </reporter-output>
        </test-method> <!-- login_to -->
        <test-method status="FAIL" signature="test_level_description(java.lang.String)[pri:0, instance:com.webtest.ljjdemo.Level_setting@5dfcfece]" name="test_level_description" duration-ms="4285" started-at="2020-11-25T13:17:37 CST" description="等级描述" data-provider="level_description" finished-at="2020-11-25T13:17:41 CST">
          <params>
            <param index="0">
              <value>
                <![CDATA[1级]]>
              </value>
            </param>
          </params>
          <exception class="java.lang.AssertionError">
            <message>
              <![CDATA[expected [1级] but found []]]>
            </message>
            <full-stacktrace>
              <![CDATA[java.lang.AssertionError: expected [1级] but found []
at org.testng.Assert.fail(Assert.java:97)
at org.testng.Assert.assertEqualsImpl(Assert.java:136)
at org.testng.Assert.assertEquals(Assert.java:118)
at org.testng.Assert.assertEquals(Assert.java:575)
at org.testng.Assert.assertEquals(Assert.java:585)
at com.webtest.ljjdemo.Level_setting.test_level_description(Unknown Source)
at sun.reflect.NativeMethodAccessorImpl.invoke0(Native Method)
at sun.reflect.NativeMethodAccessorImpl.invoke(NativeMethodAccessorImpl.java:62)
at sun.reflect.DelegatingMethodAccessorImpl.invoke(DelegatingMethodAccessorImpl.java:43)
at java.lang.reflect.Method.invoke(Method.java:498)
at org.testng.internal.MethodInvocationHelper.invokeMethod(MethodInvocationHelper.java:134)
at org.testng.internal.TestInvoker.invokeMethod(TestInvoker.java:597)
at org.testng.internal.TestInvoker.invokeTestMethod(TestInvoker.java:173)
at org.testng.internal.MethodRunner.runInSequence(MethodRunner.java:46)
at org.testng.internal.TestInvoker$MethodInvocationAgent.invoke(TestInvoker.java:816)
at org.testng.internal.TestInvoker.invokeTestMethods(TestInvoker.java:146)
at org.testng.internal.TestMethodWorker.invokeTestMethods(TestMethodWorker.java:146)
at org.testng.internal.TestMethodWorker.run(TestMethodWorker.java:128)
at java.util.ArrayList.forEach(ArrayList.java:1257)
at org.testng.TestRunner.privateRun(TestRunner.java:766)
at org.testng.TestRunner.run(TestRunner.java:587)
at org.testng.SuiteRunner.runTest(SuiteRunner.java:384)
at org.testng.SuiteRunner.runSequentially(SuiteRunner.java:378)
at org.testng.SuiteRunner.privateRun(SuiteRunner.java:337)
at org.testng.SuiteRunner.run(SuiteRunner.java:286)
at org.testng.SuiteRunnerWorker.runSuite(SuiteRunnerWorker.java:53)
at org.testng.SuiteRunnerWorker.run(SuiteRunnerWorker.java:96)
at org.testng.TestNG.runSuitesSequentially(TestNG.java:1187)
at org.testng.TestNG.runSuitesLocally(TestNG.java:1109)
at org.testng.TestNG.runSuites(TestNG.java:1039)
at org.testng.TestNG.run(TestNG.java:1007)
at org.testng.TestNG.privateMain(TestNG.java:1336)
at org.testng.TestNG.main(TestNG.java:1304)
]]>
            </full-stacktrace>
          </exception> <!-- java.lang.AssertionError -->
          <reporter-output>
          </reporter-output>
        </test-method> <!-- test_level_description -->
        <test-method status="PASS" signature="submitAndQuit()[pri:0, instance:com.webtest.ljjdemo.Level_setting@5dfcfece]" name="submitAndQuit" is-config="true" duration-ms="3209" started-at="2020-11-25T13:17:41 CST" finished-at="2020-11-25T13:17:45 CST">
          <reporter-output>
          </reporter-output>
        </test-method> <!-- submitAndQuit -->
        <test-method status="PASS" signature="doAfterMethod_2()[pri:0, instance:com.webtest.ljjdemo.Level_setting@5dfcfece]" name="doAfterMethod_2" is-config="true" duration-ms="2691" started-at="2020-11-25T13:17:45 CST" finished-at="2020-11-25T13:17:47 CST">
          <reporter-output>
          </reporter-output>
        </test-method> <!-- doAfterMethod_2 -->
        <test-method status="PASS" signature="doBeforeClass()[pri:0, instance:com.webtest.ljjdemo.Level_setting@5dfcfece]" name="doBeforeClass" is-config="true" duration-ms="2799" started-at="2020-11-25T13:17:47 CST" finished-at="2020-11-25T13:17:50 CST">
          <reporter-output>
          </reporter-output>
        </test-method> <!-- doBeforeClass -->
        <test-method status="PASS" signature="login_to()[pri:0, instance:com.webtest.ljjdemo.Level_setting@5dfcfece]" name="login_to" is-config="true" duration-ms="9840" started-at="2020-11-25T13:17:50 CST" description="管理员登录" finished-at="2020-11-25T13:18:00 CST">
          <reporter-output>
          </reporter-output>
        </test-method> <!-- login_to -->
        <test-method status="PASS" signature="test_level_description(java.lang.String)[pri:0, instance:com.webtest.ljjdemo.Level_setting@5dfcfece]" name="test_level_description" duration-ms="4360" started-at="2020-11-25T13:18:00 CST" description="等级描述" data-provider="level_description" finished-at="2020-11-25T13:18:04 CST">
          <params>
            <param index="0">
              <value>
                <![CDATA[￥%#]]>
              </value>
            </param>
          </params>
          <reporter-output>
          </reporter-output>
        </test-method> <!-- test_level_description -->
        <test-method status="PASS" signature="submitAndQuit()[pri:0, instance:com.webtest.ljjdemo.Level_setting@5dfcfece]" name="submitAndQuit" is-config="true" duration-ms="3232" started-at="2020-11-25T13:18:04 CST" finished-at="2020-11-25T13:18:08 CST">
          <reporter-output>
          </reporter-output>
        </test-method> <!-- submitAndQuit -->
        <test-method status="PASS" signature="doAfterMethod_2()[pri:0, instance:com.webtest.ljjdemo.Level_setting@5dfcfece]" name="doAfterMethod_2" is-config="true" duration-ms="2628" started-at="2020-11-25T13:18:08 CST" finished-at="2020-11-25T13:18:10 CST">
          <reporter-output>
          </reporter-output>
        </test-method> <!-- doAfterMethod_2 -->
        <test-method status="PASS" signature="doBeforeClass()[pri:0, instance:com.webtest.ljjdemo.Level_setting@5dfcfece]" name="doBeforeClass" is-config="true" duration-ms="2822" started-at="2020-11-25T13:18:10 CST" finished-at="2020-11-25T13:18:13 CST">
          <reporter-output>
          </reporter-output>
        </test-method> <!-- doBeforeClass -->
        <test-method status="PASS" signature="login_to()[pri:0, instance:com.webtest.ljjdemo.Level_setting@5dfcfece]" name="login_to" is-config="true" duration-ms="9799" started-at="2020-11-25T13:18:13 CST" description="管理员登录" finished-at="2020-11-25T13:18:23 CST">
          <reporter-output>
          </reporter-output>
        </test-method> <!-- login_to -->
        <test-method status="FAIL" signature="test_required_growth_value(java.lang.String)[pri:0, instance:com.webtest.ljjdemo.Level_setting@5dfcfece]" name="test_required_growth_value" duration-ms="4249" started-at="2020-11-25T13:18:23 CST" description="所需成长值" data-provider="required_growth_value" finished-at="2020-11-25T13:18:27 CST">
          <params>
            <param index="0">
              <value>
                <![CDATA[-1]]>
              </value>
            </param>
          </params>
          <exception class="java.lang.AssertionError">
            <message>
              <![CDATA[expected [-1] but found [0]]]>
            </message>
            <full-stacktrace>
              <![CDATA[java.lang.AssertionError: expected [-1] but found [0]
at org.testng.Assert.fail(Assert.java:97)
at org.testng.Assert.assertEqualsImpl(Assert.java:136)
at org.testng.Assert.assertEquals(Assert.java:118)
at org.testng.Assert.assertEquals(Assert.java:575)
at org.testng.Assert.assertEquals(Assert.java:585)
at com.webtest.ljjdemo.Level_setting.test_required_growth_value(Unknown Source)
at sun.reflect.NativeMethodAccessorImpl.invoke0(Native Method)
at sun.reflect.NativeMethodAccessorImpl.invoke(NativeMethodAccessorImpl.java:62)
at sun.reflect.DelegatingMethodAccessorImpl.invoke(DelegatingMethodAccessorImpl.java:43)
at java.lang.reflect.Method.invoke(Method.java:498)
at org.testng.internal.MethodInvocationHelper.invokeMethod(MethodInvocationHelper.java:134)
at org.testng.internal.TestInvoker.invokeMethod(TestInvoker.java:597)
at org.testng.internal.TestInvoker.invokeTestMethod(TestInvoker.java:173)
at org.testng.internal.MethodRunner.runInSequence(MethodRunner.java:46)
at org.testng.internal.TestInvoker$MethodInvocationAgent.invoke(TestInvoker.java:816)
at org.testng.internal.TestInvoker.invokeTestMethods(TestInvoker.java:146)
at org.testng.internal.TestMethodWorker.invokeTestMethods(TestMethodWorker.java:146)
at org.testng.internal.TestMethodWorker.run(TestMethodWorker.java:128)
at java.util.ArrayList.forEach(ArrayList.java:1257)
at org.testng.TestRunner.privateRun(TestRunner.java:766)
at org.testng.TestRunner.run(TestRunner.java:587)
at org.testng.SuiteRunner.runTest(SuiteRunner.java:384)
at org.testng.SuiteRunner.runSequentially(SuiteRunner.java:378)
at org.testng.SuiteRunner.privateRun(SuiteRunner.java:337)
at org.testng.SuiteRunner.run(SuiteRunner.java:286)
at org.testng.SuiteRunnerWorker.runSuite(SuiteRunnerWorker.java:53)
at org.testng.SuiteRunnerWorker.run(SuiteRunnerWorker.java:96)
at org.testng.TestNG.runSuitesSequentially(TestNG.java:1187)
at org.testng.TestNG.runSuitesLocally(TestNG.java:1109)
at org.testng.TestNG.runSuites(TestNG.java:1039)
at org.testng.TestNG.run(TestNG.java:1007)
at org.testng.TestNG.privateMain(TestNG.java:1336)
at org.testng.TestNG.main(TestNG.java:1304)
]]>
            </full-stacktrace>
          </exception> <!-- java.lang.AssertionError -->
          <reporter-output>
          </reporter-output>
        </test-method> <!-- test_required_growth_value -->
        <test-method status="PASS" signature="submitAndQuit()[pri:0, instance:com.webtest.ljjdemo.Level_setting@5dfcfece]" name="submitAndQuit" is-config="true" duration-ms="3200" started-at="2020-11-25T13:18:27 CST" finished-at="2020-11-25T13:18:30 CST">
          <reporter-output>
          </reporter-output>
        </test-method> <!-- submitAndQuit -->
        <test-method status="PASS" signature="doAfterMethod_2()[pri:0, instance:com.webtest.ljjdemo.Level_setting@5dfcfece]" name="doAfterMethod_2" is-config="true" duration-ms="871" started-at="2020-11-25T13:18:30 CST" finished-at="2020-11-25T13:18:31 CST">
          <reporter-output>
          </reporter-output>
        </test-method> <!-- doAfterMethod_2 -->
        <test-method status="PASS" signature="doBeforeClass()[pri:0, instance:com.webtest.ljjdemo.Level_setting@5dfcfece]" name="doBeforeClass" is-config="true" duration-ms="2727" started-at="2020-11-25T13:18:31 CST" finished-at="2020-11-25T13:18:34 CST">
          <reporter-output>
          </reporter-output>
        </test-method> <!-- doBeforeClass -->
        <test-method status="PASS" signature="login_to()[pri:0, instance:com.webtest.ljjdemo.Level_setting@5dfcfece]" name="login_to" is-config="true" duration-ms="9982" started-at="2020-11-25T13:18:34 CST" description="管理员登录" finished-at="2020-11-25T13:18:44 CST">
          <reporter-output>
          </reporter-output>
        </test-method> <!-- login_to -->
        <test-method status="PASS" signature="test_required_growth_value(java.lang.String)[pri:0, instance:com.webtest.ljjdemo.Level_setting@5dfcfece]" name="test_required_growth_value" duration-ms="3400" started-at="2020-11-25T13:18:44 CST" description="所需成长值" data-provider="required_growth_value" finished-at="2020-11-25T13:18:47 CST">
          <params>
            <param index="0">
              <value>
                <![CDATA[10]]>
              </value>
            </param>
          </params>
          <reporter-output>
          </reporter-output>
        </test-method> <!-- test_required_growth_value -->
        <test-method status="PASS" signature="submitAndQuit()[pri:0, instance:com.webtest.ljjdemo.Level_setting@5dfcfece]" name="submitAndQuit" is-config="true" duration-ms="3218" started-at="2020-11-25T13:18:47 CST" finished-at="2020-11-25T13:18:50 CST">
          <reporter-output>
          </reporter-output>
        </test-method> <!-- submitAndQuit -->
        <test-method status="PASS" signature="doAfterMethod_2()[pri:0, instance:com.webtest.ljjdemo.Level_setting@5dfcfece]" name="doAfterMethod_2" is-config="true" duration-ms="801" started-at="2020-11-25T13:18:50 CST" finished-at="2020-11-25T13:18:51 CST">
          <reporter-output>
          </reporter-output>
        </test-method> <!-- doAfterMethod_2 -->
        <test-method status="PASS" signature="doBeforeClass()[pri:0, instance:com.webtest.ljjdemo.Level_setting@5dfcfece]" name="doBeforeClass" is-config="true" duration-ms="2792" started-at="2020-11-25T13:18:51 CST" finished-at="2020-11-25T13:18:54 CST">
          <reporter-output>
          </reporter-output>
        </test-method> <!-- doBeforeClass -->
        <test-method status="PASS" signature="login_to()[pri:0, instance:com.webtest.ljjdemo.Level_setting@5dfcfece]" name="login_to" is-config="true" duration-ms="9758" started-at="2020-11-25T13:18:54 CST" description="管理员登录" finished-at="2020-11-25T13:19:04 CST">
          <reporter-output>
          </reporter-output>
        </test-method> <!-- login_to -->
        <test-method status="FAIL" signature="test_required_growth_value(java.lang.String)[pri:0, instance:com.webtest.ljjdemo.Level_setting@5dfcfece]" name="test_required_growth_value" duration-ms="4491" started-at="2020-11-25T13:19:04 CST" description="所需成长值" data-provider="required_growth_value" finished-at="2020-11-25T13:19:08 CST">
          <params>
            <param index="0">
              <value>
                <![CDATA[￥%#]]>
              </value>
            </param>
          </params>
          <exception class="java.lang.AssertionError">
            <message>
              <![CDATA[expected [￥%#] but found [0]]]>
            </message>
            <full-stacktrace>
              <![CDATA[java.lang.AssertionError: expected [￥%#] but found [0]
at org.testng.Assert.fail(Assert.java:97)
at org.testng.Assert.assertEqualsImpl(Assert.java:136)
at org.testng.Assert.assertEquals(Assert.java:118)
at org.testng.Assert.assertEquals(Assert.java:575)
at org.testng.Assert.assertEquals(Assert.java:585)
at com.webtest.ljjdemo.Level_setting.test_required_growth_value(Unknown Source)
at sun.reflect.NativeMethodAccessorImpl.invoke0(Native Method)
at sun.reflect.NativeMethodAccessorImpl.invoke(NativeMethodAccessorImpl.java:62)
at sun.reflect.DelegatingMethodAccessorImpl.invoke(DelegatingMethodAccessorImpl.java:43)
at java.lang.reflect.Method.invoke(Method.java:498)
at org.testng.internal.MethodInvocationHelper.invokeMethod(MethodInvocationHelper.java:134)
at org.testng.internal.TestInvoker.invokeMethod(TestInvoker.java:597)
at org.testng.internal.TestInvoker.invokeTestMethod(TestInvoker.java:173)
at org.testng.internal.MethodRunner.runInSequence(MethodRunner.java:46)
at org.testng.internal.TestInvoker$MethodInvocationAgent.invoke(TestInvoker.java:816)
at org.testng.internal.TestInvoker.invokeTestMethods(TestInvoker.java:146)
at org.testng.internal.TestMethodWorker.invokeTestMethods(TestMethodWorker.java:146)
at org.testng.internal.TestMethodWorker.run(TestMethodWorker.java:128)
at java.util.ArrayList.forEach(ArrayList.java:1257)
at org.testng.TestRunner.privateRun(TestRunner.java:766)
at org.testng.TestRunner.run(TestRunner.java:587)
at org.testng.SuiteRunner.runTest(SuiteRunner.java:384)
at org.testng.SuiteRunner.runSequentially(SuiteRunner.java:378)
at org.testng.SuiteRunner.privateRun(SuiteRunner.java:337)
at org.testng.SuiteRunner.run(SuiteRunner.java:286)
at org.testng.SuiteRunnerWorker.runSuite(SuiteRunnerWorker.java:53)
at org.testng.SuiteRunnerWorker.run(SuiteRunnerWorker.java:96)
at org.testng.TestNG.runSuitesSequentially(TestNG.java:1187)
at org.testng.TestNG.runSuitesLocally(TestNG.java:1109)
at org.testng.TestNG.runSuites(TestNG.java:1039)
at org.testng.TestNG.run(TestNG.java:1007)
at org.testng.TestNG.privateMain(TestNG.java:1336)
at org.testng.TestNG.main(TestNG.java:1304)
]]>
            </full-stacktrace>
          </exception> <!-- java.lang.AssertionError -->
          <reporter-output>
          </reporter-output>
        </test-method> <!-- test_required_growth_value -->
        <test-method status="PASS" signature="submitAndQuit()[pri:0, instance:com.webtest.ljjdemo.Level_setting@5dfcfece]" name="submitAndQuit" is-config="true" duration-ms="3279" started-at="2020-11-25T13:19:08 CST" finished-at="2020-11-25T13:19:12 CST">
          <reporter-output>
          </reporter-output>
        </test-method> <!-- submitAndQuit -->
        <test-method status="PASS" signature="doAfterMethod_2()[pri:0, instance:com.webtest.ljjdemo.Level_setting@5dfcfece]" name="doAfterMethod_2" is-config="true" duration-ms="670" started-at="2020-11-25T13:19:12 CST" finished-at="2020-11-25T13:19:12 CST">
          <reporter-output>
          </reporter-output>
        </test-method> <!-- doAfterMethod_2 -->
        <test-method status="PASS" signature="doBeforeClass()[pri:0, instance:com.webtest.ljjdemo.Level_setting@5dfcfece]" name="doBeforeClass" is-config="true" duration-ms="2760" started-at="2020-11-25T13:19:12 CST" finished-at="2020-11-25T13:19:15 CST">
          <reporter-output>
          </reporter-output>
        </test-method> <!-- doBeforeClass -->
        <test-method status="PASS" signature="login_to()[pri:0, instance:com.webtest.ljjdemo.Level_setting@5dfcfece]" name="login_to" is-config="true" duration-ms="10111" started-at="2020-11-25T13:19:15 CST" description="管理员登录" finished-at="2020-11-25T13:19:25 CST">
          <reporter-output>
          </reporter-output>
        </test-method> <!-- login_to -->
        <test-method status="FAIL" signature="test_required_growth_value(java.lang.String)[pri:0, instance:com.webtest.ljjdemo.Level_setting@5dfcfece]" name="test_required_growth_value" duration-ms="3450" started-at="2020-11-25T13:19:25 CST" description="所需成长值" data-provider="required_growth_value" finished-at="2020-11-25T13:19:29 CST">
          <params>
            <param index="0">
              <value>
                <![CDATA[liujunjiang]]>
              </value>
            </param>
          </params>
          <exception class="java.lang.AssertionError">
            <message>
              <![CDATA[expected [liujunjiang] but found [0]]]>
            </message>
            <full-stacktrace>
              <![CDATA[java.lang.AssertionError: expected [liujunjiang] but found [0]
at org.testng.Assert.fail(Assert.java:97)
at org.testng.Assert.assertEqualsImpl(Assert.java:136)
at org.testng.Assert.assertEquals(Assert.java:118)
at org.testng.Assert.assertEquals(Assert.java:575)
at org.testng.Assert.assertEquals(Assert.java:585)
at com.webtest.ljjdemo.Level_setting.test_required_growth_value(Unknown Source)
at sun.reflect.NativeMethodAccessorImpl.invoke0(Native Method)
at sun.reflect.NativeMethodAccessorImpl.invoke(NativeMethodAccessorImpl.java:62)
at sun.reflect.DelegatingMethodAccessorImpl.invoke(DelegatingMethodAccessorImpl.java:43)
at java.lang.reflect.Method.invoke(Method.java:498)
at org.testng.internal.MethodInvocationHelper.invokeMethod(MethodInvocationHelper.java:134)
at org.testng.internal.TestInvoker.invokeMethod(TestInvoker.java:597)
at org.testng.internal.TestInvoker.invokeTestMethod(TestInvoker.java:173)
at org.testng.internal.MethodRunner.runInSequence(MethodRunner.java:46)
at org.testng.internal.TestInvoker$MethodInvocationAgent.invoke(TestInvoker.java:816)
at org.testng.internal.TestInvoker.invokeTestMethods(TestInvoker.java:146)
at org.testng.internal.TestMethodWorker.invokeTestMethods(TestMethodWorker.java:146)
at org.testng.internal.TestMethodWorker.run(TestMethodWorker.java:128)
at java.util.ArrayList.forEach(ArrayList.java:1257)
at org.testng.TestRunner.privateRun(TestRunner.java:766)
at org.testng.TestRunner.run(TestRunner.java:587)
at org.testng.SuiteRunner.runTest(SuiteRunner.java:384)
at org.testng.SuiteRunner.runSequentially(SuiteRunner.java:378)
at org.testng.SuiteRunner.privateRun(SuiteRunner.java:337)
at org.testng.SuiteRunner.run(SuiteRunner.java:286)
at org.testng.SuiteRunnerWorker.runSuite(SuiteRunnerWorker.java:53)
at org.testng.SuiteRunnerWorker.run(SuiteRunnerWorker.java:96)
at org.testng.TestNG.runSuitesSequentially(TestNG.java:1187)
at org.testng.TestNG.runSuitesLocally(TestNG.java:1109)
at org.testng.TestNG.runSuites(TestNG.java:1039)
at org.testng.TestNG.run(TestNG.java:1007)
at org.testng.TestNG.privateMain(TestNG.java:1336)
at org.testng.TestNG.main(TestNG.java:1304)
]]>
            </full-stacktrace>
          </exception> <!-- java.lang.AssertionError -->
          <reporter-output>
          </reporter-output>
        </test-method> <!-- test_required_growth_value -->
        <test-method status="PASS" signature="submitAndQuit()[pri:0, instance:com.webtest.ljjdemo.Level_setting@5dfcfece]" name="submitAndQuit" is-config="true" duration-ms="3230" started-at="2020-11-25T13:19:29 CST" finished-at="2020-11-25T13:19:32 CST">
          <reporter-output>
          </reporter-output>
        </test-method> <!-- submitAndQuit -->
        <test-method status="PASS" signature="doAfterMethod_2()[pri:0, instance:com.webtest.ljjdemo.Level_setting@5dfcfece]" name="doAfterMethod_2" is-config="true" duration-ms="2630" started-at="2020-11-25T13:19:32 CST" finished-at="2020-11-25T13:19:34 CST">
          <reporter-output>
          </reporter-output>
        </test-method> <!-- doAfterMethod_2 -->
        <test-method status="PASS" signature="doBeforeClass()[pri:0, instance:com.webtest.ljjdemo.Level_setting@5dfcfece]" name="doBeforeClass" is-config="true" duration-ms="2760" started-at="2020-11-25T13:19:34 CST" finished-at="2020-11-25T13:19:37 CST">
          <reporter-output>
          </reporter-output>
        </test-method> <!-- doBeforeClass -->
        <test-method status="PASS" signature="login_to()[pri:0, instance:com.webtest.ljjdemo.Level_setting@5dfcfece]" name="login_to" is-config="true" duration-ms="9720" started-at="2020-11-25T13:19:37 CST" description="管理员登录" finished-at="2020-11-25T13:19:47 CST">
          <reporter-output>
          </reporter-output>
        </test-method> <!-- login_to -->
        <test-method status="PASS" signature="test_required_growth_value(java.lang.String)[pri:0, instance:com.webtest.ljjdemo.Level_setting@5dfcfece]" name="test_required_growth_value" duration-ms="4239" started-at="2020-11-25T13:19:47 CST" description="所需成长值" data-provider="required_growth_value" finished-at="2020-11-25T13:19:51 CST">
          <params>
            <param index="0">
              <value>
                <![CDATA[12345678]]>
              </value>
            </param>
          </params>
          <reporter-output>
          </reporter-output>
        </test-method> <!-- test_required_growth_value -->
        <test-method status="PASS" signature="submitAndQuit()[pri:0, instance:com.webtest.ljjdemo.Level_setting@5dfcfece]" name="submitAndQuit" is-config="true" duration-ms="3263" started-at="2020-11-25T13:19:51 CST" finished-at="2020-11-25T13:19:54 CST">
          <reporter-output>
          </reporter-output>
        </test-method> <!-- submitAndQuit -->
        <test-method status="PASS" signature="doAfterMethod_2()[pri:0, instance:com.webtest.ljjdemo.Level_setting@5dfcfece]" name="doAfterMethod_2" is-config="true" duration-ms="2798" started-at="2020-11-25T13:19:54 CST" finished-at="2020-11-25T13:19:57 CST">
          <reporter-output>
          </reporter-output>
        </test-method> <!-- doAfterMethod_2 -->
        <test-method status="PASS" signature="doAfterMethod()[pri:0, instance:com.webtest.ljjdemo.Level_setting@5dfcfece]" name="doAfterMethod" is-config="true" duration-ms="0" started-at="2020-11-25T13:19:57 CST" finished-at="2020-11-25T13:19:57 CST">
          <reporter-output>
          </reporter-output>
        </test-method> <!-- doAfterMethod -->
      </class> <!-- com.webtest.ljjdemo.Level_setting -->
      <class name="com.webtest.ljjdemo.Friendship_link">
        <test-method status="PASS" signature="doBeforeClass()[pri:0, instance:com.webtest.ljjdemo.Friendship_link@5d5eef3d]" name="doBeforeClass" is-config="true" duration-ms="2782" started-at="2020-11-25T13:23:38 CST" finished-at="2020-11-25T13:23:41 CST">
          <reporter-output>
          </reporter-output>
        </test-method> <!-- doBeforeClass -->
        <test-method status="PASS" signature="login_to()[pri:0, instance:com.webtest.ljjdemo.Friendship_link@5d5eef3d]" name="login_to" is-config="true" duration-ms="6764" started-at="2020-11-25T13:23:41 CST" description="管理员登录" finished-at="2020-11-25T13:23:48 CST">
          <reporter-output>
          </reporter-output>
        </test-method> <!-- login_to -->
        <test-method status="FAIL" signature="test_friendship_link_add(java.lang.String, java.lang.String)[pri:0, instance:com.webtest.ljjdemo.Friendship_link@5d5eef3d]" name="test_friendship_link_add" duration-ms="3550" started-at="2020-11-25T13:23:48 CST" description="添加友情链接" data-provider="friendship_link_add" finished-at="2020-11-25T13:23:51 CST">
          <params>
            <param index="0">
              <value>
                <![CDATA[百度]]>
              </value>
            </param>
            <param index="1">
              <value>
                <![CDATA[http://baidu.com]]>
              </value>
            </param>
          </params>
          <exception class="org.openqa.selenium.ElementClickInterceptedException">
            <message>
              <![CDATA[Element <label class="custom-control-label"> is not clickable at point (295,636) because another element <div class="fixed-bottom text-right text-light"> obscures it
Build info: version: '3.141.59', revision: 'e82be7d358', time: '2018-11-14T08:25:53'
System info: host: 'DESKTOP-H2NQ5S1', ip: '192.168.56.1', os.name: 'Windows 10', os.arch: 'amd64', os.version: '10.0', java.version: '1.8.0_171'
Driver info: org.openqa.selenium.firefox.FirefoxDriver
Capabilities {acceptInsecureCerts: true, browserName: firefox, browserVersion: 78.0.2, javascriptEnabled: true, moz:accessibilityChecks: false, moz:buildID: 20200708170202, moz:geckodriverVersion: 0.27.0, moz:headless: true, moz:processID: 24764, moz:profile: C:\Users\Administrator.DESK..., moz:shutdownTimeout: 60000, moz:useNonSpecCompliantPointerOrigin: false, moz:webdriverClick: true, pageLoadStrategy: normal, platform: WINDOWS, platformName: WINDOWS, platformVersion: 10.0, rotatable: false, setWindowRect: true, strictFileInteractability: false, timeouts: {implicit: 0, pageLoad: 300000, script: 30000}, unhandledPromptBehavior: dismiss and notify}
Session ID: 714a707a-3400-415c-a391-f7166395dbb5]]>
            </message>
            <full-stacktrace>
              <![CDATA[org.openqa.selenium.ElementClickInterceptedException: Element <label class="custom-control-label"> is not clickable at point (295,636) because another element <div class="fixed-bottom text-right text-light"> obscures it
Build info: version: '3.141.59', revision: 'e82be7d358', time: '2018-11-14T08:25:53'
System info: host: 'DESKTOP-H2NQ5S1', ip: '192.168.56.1', os.name: 'Windows 10', os.arch: 'amd64', os.version: '10.0', java.version: '1.8.0_171'
Driver info: org.openqa.selenium.firefox.FirefoxDriver
Capabilities {acceptInsecureCerts: true, browserName: firefox, browserVersion: 78.0.2, javascriptEnabled: true, moz:accessibilityChecks: false, moz:buildID: 20200708170202, moz:geckodriverVersion: 0.27.0, moz:headless: true, moz:processID: 24764, moz:profile: C:\Users\Administrator.DESK..., moz:shutdownTimeout: 60000, moz:useNonSpecCompliantPointerOrigin: false, moz:webdriverClick: true, pageLoadStrategy: normal, platform: WINDOWS, platformName: WINDOWS, platformVersion: 10.0, rotatable: false, setWindowRect: true, strictFileInteractability: false, timeouts: {implicit: 0, pageLoad: 300000, script: 30000}, unhandledPromptBehavior: dismiss and notify}
Session ID: 714a707a-3400-415c-a391-f7166395dbb5
at sun.reflect.NativeConstructorAccessorImpl.newInstance0(Native Method)
at sun.reflect.NativeConstructorAccessorImpl.newInstance(NativeConstructorAccessorImpl.java:62)
at sun.reflect.DelegatingConstructorAccessorImpl.newInstance(DelegatingConstructorAccessorImpl.java:45)
at java.lang.reflect.Constructor.newInstance(Constructor.java:423)
at org.openqa.selenium.remote.http.W3CHttpResponseCodec.createException(W3CHttpResponseCodec.java:187)
at org.openqa.selenium.remote.http.W3CHttpResponseCodec.decode(W3CHttpResponseCodec.java:122)
at org.openqa.selenium.remote.http.W3CHttpResponseCodec.decode(W3CHttpResponseCodec.java:49)
at org.openqa.selenium.remote.HttpCommandExecutor.execute(HttpCommandExecutor.java:158)
at org.openqa.selenium.remote.service.DriverCommandExecutor.execute(DriverCommandExecutor.java:83)
at org.openqa.selenium.remote.RemoteWebDriver.execute(RemoteWebDriver.java:552)
at org.openqa.selenium.remote.RemoteWebElement.execute(RemoteWebElement.java:285)
at org.openqa.selenium.remote.RemoteWebElement.click(RemoteWebElement.java:84)
at com.webtest.core.WebDriverEngine.click(Unknown Source)
at com.webtest.ljjdemo.Friendship_link.test_friendship_link_add(Unknown Source)
at sun.reflect.NativeMethodAccessorImpl.invoke0(Native Method)
at sun.reflect.NativeMethodAccessorImpl.invoke(NativeMethodAccessorImpl.java:62)
at sun.reflect.DelegatingMethodAccessorImpl.invoke(DelegatingMethodAccessorImpl.java:43)
at java.lang.reflect.Method.invoke(Method.java:498)
at org.testng.internal.MethodInvocationHelper.invokeMethod(MethodInvocationHelper.java:134)
at org.testng.internal.TestInvoker.invokeMethod(TestInvoker.java:597)
at org.testng.internal.TestInvoker.invokeTestMethod(TestInvoker.java:173)
at org.testng.internal.MethodRunner.runInSequence(MethodRunner.java:46)
at org.testng.internal.TestInvoker$MethodInvocationAgent.invoke(TestInvoker.java:816)
at org.testng.internal.TestInvoker.invokeTestMethods(TestInvoker.java:146)
at org.testng.internal.TestMethodWorker.invokeTestMethods(TestMethodWorker.java:146)
at org.testng.internal.TestMethodWorker.run(TestMethodWorker.java:128)
at java.util.ArrayList.forEach(ArrayList.java:1257)
at org.testng.TestRunner.privateRun(TestRunner.java:766)
at org.testng.TestRunner.run(TestRunner.java:587)
at org.testng.SuiteRunner.runTest(SuiteRunner.java:384)
at org.testng.SuiteRunner.runSequentially(SuiteRunner.java:378)
at org.testng.SuiteRunner.privateRun(SuiteRunner.java:337)
at org.testng.SuiteRunner.run(SuiteRunner.java:286)
at org.testng.SuiteRunnerWorker.runSuite(SuiteRunnerWorker.java:53)
at org.testng.SuiteRunnerWorker.run(SuiteRunnerWorker.java:96)
at org.testng.TestNG.runSuitesSequentially(TestNG.java:1187)
at org.testng.TestNG.runSuitesLocally(TestNG.java:1109)
at org.testng.TestNG.runSuites(TestNG.java:1039)
at org.testng.TestNG.run(TestNG.java:1007)
at org.testng.TestNG.privateMain(TestNG.java:1336)
at org.testng.TestNG.main(TestNG.java:1304)
]]>
            </full-stacktrace>
          </exception> <!-- org.openqa.selenium.ElementClickInterceptedException -->
          <reporter-output>
          </reporter-output>
        </test-method> <!-- test_friendship_link_add -->
        <test-method status="PASS" signature="submitAndQuit()[pri:0, instance:com.webtest.ljjdemo.Friendship_link@5d5eef3d]" name="submitAndQuit" is-config="true" duration-ms="6740" started-at="2020-11-25T13:23:51 CST" finished-at="2020-11-25T13:23:58 CST">
          <reporter-output>
          </reporter-output>
        </test-method> <!-- submitAndQuit -->
        <test-method status="PASS" signature="doAfterMethod_2()[pri:0, instance:com.webtest.ljjdemo.Friendship_link@5d5eef3d]" name="doAfterMethod_2" is-config="true" duration-ms="649" started-at="2020-11-25T13:23:58 CST" finished-at="2020-11-25T13:23:59 CST">
          <reporter-output>
          </reporter-output>
        </test-method> <!-- doAfterMethod_2 -->
        <test-method status="PASS" signature="doBeforeClass()[pri:0, instance:com.webtest.ljjdemo.Friendship_link@5d5eef3d]" name="doBeforeClass" is-config="true" duration-ms="2821" started-at="2020-11-25T13:23:59 CST" finished-at="2020-11-25T13:24:01 CST">
          <reporter-output>
          </reporter-output>
        </test-method> <!-- doBeforeClass -->
        <test-method status="PASS" signature="login_to()[pri:0, instance:com.webtest.ljjdemo.Friendship_link@5d5eef3d]" name="login_to" is-config="true" duration-ms="6557" started-at="2020-11-25T13:24:01 CST" description="管理员登录" finished-at="2020-11-25T13:24:08 CST">
          <reporter-output>
          </reporter-output>
        </test-method> <!-- login_to -->
        <test-method status="FAIL" signature="test_friendship_link_add(java.lang.String, java.lang.String)[pri:0, instance:com.webtest.ljjdemo.Friendship_link@5d5eef3d]" name="test_friendship_link_add" duration-ms="3593" started-at="2020-11-25T13:24:08 CST" description="添加友情链接" data-provider="friendship_link_add" finished-at="2020-11-25T13:24:12 CST">
          <params>
            <param index="0">
              <value>
                <![CDATA[#￥%]]>
              </value>
            </param>
            <param index="1">
              <value>
                <![CDATA[http://baidu.com]]>
              </value>
            </param>
          </params>
          <exception class="org.openqa.selenium.ElementClickInterceptedException">
            <message>
              <![CDATA[Element <label class="custom-control-label"> is not clickable at point (295,636) because another element <div class="fixed-bottom text-right text-light"> obscures it
Build info: version: '3.141.59', revision: 'e82be7d358', time: '2018-11-14T08:25:53'
System info: host: 'DESKTOP-H2NQ5S1', ip: '192.168.56.1', os.name: 'Windows 10', os.arch: 'amd64', os.version: '10.0', java.version: '1.8.0_171'
Driver info: org.openqa.selenium.firefox.FirefoxDriver
Capabilities {acceptInsecureCerts: true, browserName: firefox, browserVersion: 78.0.2, javascriptEnabled: true, moz:accessibilityChecks: false, moz:buildID: 20200708170202, moz:geckodriverVersion: 0.27.0, moz:headless: true, moz:processID: 21840, moz:profile: C:\Users\Administrator.DESK..., moz:shutdownTimeout: 60000, moz:useNonSpecCompliantPointerOrigin: false, moz:webdriverClick: true, pageLoadStrategy: normal, platform: WINDOWS, platformName: WINDOWS, platformVersion: 10.0, rotatable: false, setWindowRect: true, strictFileInteractability: false, timeouts: {implicit: 0, pageLoad: 300000, script: 30000}, unhandledPromptBehavior: dismiss and notify}
Session ID: eaeb3a1e-6f82-40e7-b7c7-b9bd197e8878]]>
            </message>
            <full-stacktrace>
              <![CDATA[org.openqa.selenium.ElementClickInterceptedException: Element <label class="custom-control-label"> is not clickable at point (295,636) because another element <div class="fixed-bottom text-right text-light"> obscures it
Build info: version: '3.141.59', revision: 'e82be7d358', time: '2018-11-14T08:25:53'
System info: host: 'DESKTOP-H2NQ5S1', ip: '192.168.56.1', os.name: 'Windows 10', os.arch: 'amd64', os.version: '10.0', java.version: '1.8.0_171'
Driver info: org.openqa.selenium.firefox.FirefoxDriver
Capabilities {acceptInsecureCerts: true, browserName: firefox, browserVersion: 78.0.2, javascriptEnabled: true, moz:accessibilityChecks: false, moz:buildID: 20200708170202, moz:geckodriverVersion: 0.27.0, moz:headless: true, moz:processID: 21840, moz:profile: C:\Users\Administrator.DESK..., moz:shutdownTimeout: 60000, moz:useNonSpecCompliantPointerOrigin: false, moz:webdriverClick: true, pageLoadStrategy: normal, platform: WINDOWS, platformName: WINDOWS, platformVersion: 10.0, rotatable: false, setWindowRect: true, strictFileInteractability: false, timeouts: {implicit: 0, pageLoad: 300000, script: 30000}, unhandledPromptBehavior: dismiss and notify}
Session ID: eaeb3a1e-6f82-40e7-b7c7-b9bd197e8878
at sun.reflect.NativeConstructorAccessorImpl.newInstance0(Native Method)
at sun.reflect.NativeConstructorAccessorImpl.newInstance(NativeConstructorAccessorImpl.java:62)
at sun.reflect.DelegatingConstructorAccessorImpl.newInstance(DelegatingConstructorAccessorImpl.java:45)
at java.lang.reflect.Constructor.newInstance(Constructor.java:423)
at org.openqa.selenium.remote.http.W3CHttpResponseCodec.createException(W3CHttpResponseCodec.java:187)
at org.openqa.selenium.remote.http.W3CHttpResponseCodec.decode(W3CHttpResponseCodec.java:122)
at org.openqa.selenium.remote.http.W3CHttpResponseCodec.decode(W3CHttpResponseCodec.java:49)
at org.openqa.selenium.remote.HttpCommandExecutor.execute(HttpCommandExecutor.java:158)
at org.openqa.selenium.remote.service.DriverCommandExecutor.execute(DriverCommandExecutor.java:83)
at org.openqa.selenium.remote.RemoteWebDriver.execute(RemoteWebDriver.java:552)
at org.openqa.selenium.remote.RemoteWebElement.execute(RemoteWebElement.java:285)
at org.openqa.selenium.remote.RemoteWebElement.click(RemoteWebElement.java:84)
at com.webtest.core.WebDriverEngine.click(Unknown Source)
at com.webtest.ljjdemo.Friendship_link.test_friendship_link_add(Unknown Source)
at sun.reflect.NativeMethodAccessorImpl.invoke0(Native Method)
at sun.reflect.NativeMethodAccessorImpl.invoke(NativeMethodAccessorImpl.java:62)
at sun.reflect.DelegatingMethodAccessorImpl.invoke(DelegatingMethodAccessorImpl.java:43)
at java.lang.reflect.Method.invoke(Method.java:498)
at org.testng.internal.MethodInvocationHelper.invokeMethod(MethodInvocationHelper.java:134)
at org.testng.internal.TestInvoker.invokeMethod(TestInvoker.java:597)
at org.testng.internal.TestInvoker.invokeTestMethod(TestInvoker.java:173)
at org.testng.internal.MethodRunner.runInSequence(MethodRunner.java:46)
at org.testng.internal.TestInvoker$MethodInvocationAgent.invoke(TestInvoker.java:816)
at org.testng.internal.TestInvoker.invokeTestMethods(TestInvoker.java:146)
at org.testng.internal.TestMethodWorker.invokeTestMethods(TestMethodWorker.java:146)
at org.testng.internal.TestMethodWorker.run(TestMethodWorker.java:128)
at java.util.ArrayList.forEach(ArrayList.java:1257)
at org.testng.TestRunner.privateRun(TestRunner.java:766)
at org.testng.TestRunner.run(TestRunner.java:587)
at org.testng.SuiteRunner.runTest(SuiteRunner.java:384)
at org.testng.SuiteRunner.runSequentially(SuiteRunner.java:378)
at org.testng.SuiteRunner.privateRun(SuiteRunner.java:337)
at org.testng.SuiteRunner.run(SuiteRunner.java:286)
at org.testng.SuiteRunnerWorker.runSuite(SuiteRunnerWorker.java:53)
at org.testng.SuiteRunnerWorker.run(SuiteRunnerWorker.java:96)
at org.testng.TestNG.runSuitesSequentially(TestNG.java:1187)
at org.testng.TestNG.runSuitesLocally(TestNG.java:1109)
at org.testng.TestNG.runSuites(TestNG.java:1039)
at org.testng.TestNG.run(TestNG.java:1007)
at org.testng.TestNG.privateMain(TestNG.java:1336)
at org.testng.TestNG.main(TestNG.java:1304)
]]>
            </full-stacktrace>
          </exception> <!-- org.openqa.selenium.ElementClickInterceptedException -->
          <reporter-output>
          </reporter-output>
        </test-method> <!-- test_friendship_link_add -->
        <test-method status="PASS" signature="submitAndQuit()[pri:0, instance:com.webtest.ljjdemo.Friendship_link@5d5eef3d]" name="submitAndQuit" is-config="true" duration-ms="6723" started-at="2020-11-25T13:24:12 CST" finished-at="2020-11-25T13:24:18 CST">
          <reporter-output>
          </reporter-output>
        </test-method> <!-- submitAndQuit -->
        <test-method status="PASS" signature="doAfterMethod_2()[pri:0, instance:com.webtest.ljjdemo.Friendship_link@5d5eef3d]" name="doAfterMethod_2" is-config="true" duration-ms="2697" started-at="2020-11-25T13:24:18 CST" finished-at="2020-11-25T13:24:21 CST">
          <reporter-output>
          </reporter-output>
        </test-method> <!-- doAfterMethod_2 -->
        <test-method status="PASS" signature="doBeforeClass()[pri:0, instance:com.webtest.ljjdemo.Friendship_link@5d5eef3d]" name="doBeforeClass" is-config="true" duration-ms="2810" started-at="2020-11-25T13:24:21 CST" finished-at="2020-11-25T13:24:24 CST">
          <reporter-output>
          </reporter-output>
        </test-method> <!-- doBeforeClass -->
        <test-method status="PASS" signature="login_to()[pri:0, instance:com.webtest.ljjdemo.Friendship_link@5d5eef3d]" name="login_to" is-config="true" duration-ms="6730" started-at="2020-11-25T13:24:24 CST" description="管理员登录" finished-at="2020-11-25T13:24:31 CST">
          <reporter-output>
          </reporter-output>
        </test-method> <!-- login_to -->
        <test-method status="FAIL" signature="test_friendship_link_add(java.lang.String, java.lang.String)[pri:0, instance:com.webtest.ljjdemo.Friendship_link@5d5eef3d]" name="test_friendship_link_add" duration-ms="3400" started-at="2020-11-25T13:24:31 CST" description="添加友情链接" data-provider="friendship_link_add" finished-at="2020-11-25T13:24:34 CST">
          <params>
            <param index="0">
              <value>
                <![CDATA[哈哈哈哈哈哈哈哈哈哈哈哈哈哈哈哈哈哈哈哈哈哈哈哈哈哈哈哈哈哈哈哈哈哈哈哈哈哈哈哈哈哈哈哈哈哈哈哈哈哈哈哈哈哈哈哈哈哈哈哈哈哈哈哈哈哈哈哈哈哈哈哈哈哈哈哈哈哈哈哈哈哈哈哈哈哈哈哈哈哈哈哈哈哈哈哈哈哈哈哈哈哈哈哈哈哈哈哈哈哈哈哈哈哈哈哈哈哈哈哈哈哈哈哈哈哈哈哈哈哈哈哈哈哈哈哈哈哈哈哈哈哈哈哈哈哈哈哈哈哈哈哈哈哈哈哈哈哈哈哈哈哈哈哈哈哈哈哈哈哈哈哈哈哈哈哈哈哈哈哈哈哈哈哈哈哈哈哈哈哈哈哈哈哈哈哈哈哈哈哈]]>
              </value>
            </param>
            <param index="1">
              <value>
                <![CDATA[http://baidu.com]]>
              </value>
            </param>
          </params>
          <exception class="org.openqa.selenium.ElementClickInterceptedException">
            <message>
              <![CDATA[Element <label class="custom-control-label"> is not clickable at point (295,636) because another element <div class="fixed-bottom text-right text-light"> obscures it
Build info: version: '3.141.59', revision: 'e82be7d358', time: '2018-11-14T08:25:53'
System info: host: 'DESKTOP-H2NQ5S1', ip: '192.168.56.1', os.name: 'Windows 10', os.arch: 'amd64', os.version: '10.0', java.version: '1.8.0_171'
Driver info: org.openqa.selenium.firefox.FirefoxDriver
Capabilities {acceptInsecureCerts: true, browserName: firefox, browserVersion: 78.0.2, javascriptEnabled: true, moz:accessibilityChecks: false, moz:buildID: 20200708170202, moz:geckodriverVersion: 0.27.0, moz:headless: true, moz:processID: 19880, moz:profile: C:\Users\Administrator.DESK..., moz:shutdownTimeout: 60000, moz:useNonSpecCompliantPointerOrigin: false, moz:webdriverClick: true, pageLoadStrategy: normal, platform: WINDOWS, platformName: WINDOWS, platformVersion: 10.0, rotatable: false, setWindowRect: true, strictFileInteractability: false, timeouts: {implicit: 0, pageLoad: 300000, script: 30000}, unhandledPromptBehavior: dismiss and notify}
Session ID: d671e036-eb36-4620-974c-b2fd04395ed8]]>
            </message>
            <full-stacktrace>
              <![CDATA[org.openqa.selenium.ElementClickInterceptedException: Element <label class="custom-control-label"> is not clickable at point (295,636) because another element <div class="fixed-bottom text-right text-light"> obscures it
Build info: version: '3.141.59', revision: 'e82be7d358', time: '2018-11-14T08:25:53'
System info: host: 'DESKTOP-H2NQ5S1', ip: '192.168.56.1', os.name: 'Windows 10', os.arch: 'amd64', os.version: '10.0', java.version: '1.8.0_171'
Driver info: org.openqa.selenium.firefox.FirefoxDriver
Capabilities {acceptInsecureCerts: true, browserName: firefox, browserVersion: 78.0.2, javascriptEnabled: true, moz:accessibilityChecks: false, moz:buildID: 20200708170202, moz:geckodriverVersion: 0.27.0, moz:headless: true, moz:processID: 19880, moz:profile: C:\Users\Administrator.DESK..., moz:shutdownTimeout: 60000, moz:useNonSpecCompliantPointerOrigin: false, moz:webdriverClick: true, pageLoadStrategy: normal, platform: WINDOWS, platformName: WINDOWS, platformVersion: 10.0, rotatable: false, setWindowRect: true, strictFileInteractability: false, timeouts: {implicit: 0, pageLoad: 300000, script: 30000}, unhandledPromptBehavior: dismiss and notify}
Session ID: d671e036-eb36-4620-974c-b2fd04395ed8
at sun.reflect.NativeConstructorAccessorImpl.newInstance0(Native Method)
at sun.reflect.NativeConstructorAccessorImpl.newInstance(NativeConstructorAccessorImpl.java:62)
at sun.reflect.DelegatingConstructorAccessorImpl.newInstance(DelegatingConstructorAccessorImpl.java:45)
at java.lang.reflect.Constructor.newInstance(Constructor.java:423)
at org.openqa.selenium.remote.http.W3CHttpResponseCodec.createException(W3CHttpResponseCodec.java:187)
at org.openqa.selenium.remote.http.W3CHttpResponseCodec.decode(W3CHttpResponseCodec.java:122)
at org.openqa.selenium.remote.http.W3CHttpResponseCodec.decode(W3CHttpResponseCodec.java:49)
at org.openqa.selenium.remote.HttpCommandExecutor.execute(HttpCommandExecutor.java:158)
at org.openqa.selenium.remote.service.DriverCommandExecutor.execute(DriverCommandExecutor.java:83)
at org.openqa.selenium.remote.RemoteWebDriver.execute(RemoteWebDriver.java:552)
at org.openqa.selenium.remote.RemoteWebElement.execute(RemoteWebElement.java:285)
at org.openqa.selenium.remote.RemoteWebElement.click(RemoteWebElement.java:84)
at com.webtest.core.WebDriverEngine.click(Unknown Source)
at com.webtest.ljjdemo.Friendship_link.test_friendship_link_add(Unknown Source)
at sun.reflect.NativeMethodAccessorImpl.invoke0(Native Method)
at sun.reflect.NativeMethodAccessorImpl.invoke(NativeMethodAccessorImpl.java:62)
at sun.reflect.DelegatingMethodAccessorImpl.invoke(DelegatingMethodAccessorImpl.java:43)
at java.lang.reflect.Method.invoke(Method.java:498)
at org.testng.internal.MethodInvocationHelper.invokeMethod(MethodInvocationHelper.java:134)
at org.testng.internal.TestInvoker.invokeMethod(TestInvoker.java:597)
at org.testng.internal.TestInvoker.invokeTestMethod(TestInvoker.java:173)
at org.testng.internal.MethodRunner.runInSequence(MethodRunner.java:46)
at org.testng.internal.TestInvoker$MethodInvocationAgent.invoke(TestInvoker.java:816)
at org.testng.internal.TestInvoker.invokeTestMethods(TestInvoker.java:146)
at org.testng.internal.TestMethodWorker.invokeTestMethods(TestMethodWorker.java:146)
at org.testng.internal.TestMethodWorker.run(TestMethodWorker.java:128)
at java.util.ArrayList.forEach(ArrayList.java:1257)
at org.testng.TestRunner.privateRun(TestRunner.java:766)
at org.testng.TestRunner.run(TestRunner.java:587)
at org.testng.SuiteRunner.runTest(SuiteRunner.java:384)
at org.testng.SuiteRunner.runSequentially(SuiteRunner.java:378)
at org.testng.SuiteRunner.privateRun(SuiteRunner.java:337)
at org.testng.SuiteRunner.run(SuiteRunner.java:286)
at org.testng.SuiteRunnerWorker.runSuite(SuiteRunnerWorker.java:53)
at org.testng.SuiteRunnerWorker.run(SuiteRunnerWorker.java:96)
at org.testng.TestNG.runSuitesSequentially(TestNG.java:1187)
at org.testng.TestNG.runSuitesLocally(TestNG.java:1109)
at org.testng.TestNG.runSuites(TestNG.java:1039)
at org.testng.TestNG.run(TestNG.java:1007)
at org.testng.TestNG.privateMain(TestNG.java:1336)
at org.testng.TestNG.main(TestNG.java:1304)
]]>
            </full-stacktrace>
          </exception> <!-- org.openqa.selenium.ElementClickInterceptedException -->
          <reporter-output>
          </reporter-output>
        </test-method> <!-- test_friendship_link_add -->
        <test-method status="PASS" signature="submitAndQuit()[pri:0, instance:com.webtest.ljjdemo.Friendship_link@5d5eef3d]" name="submitAndQuit" is-config="true" duration-ms="6580" started-at="2020-11-25T13:24:34 CST" finished-at="2020-11-25T13:24:41 CST">
          <reporter-output>
          </reporter-output>
        </test-method> <!-- submitAndQuit -->
        <test-method status="PASS" signature="doAfterMethod_2()[pri:0, instance:com.webtest.ljjdemo.Friendship_link@5d5eef3d]" name="doAfterMethod_2" is-config="true" duration-ms="2600" started-at="2020-11-25T13:24:41 CST" finished-at="2020-11-25T13:24:43 CST">
          <reporter-output>
          </reporter-output>
        </test-method> <!-- doAfterMethod_2 -->
        <test-method status="PASS" signature="doBeforeClass()[pri:0, instance:com.webtest.ljjdemo.Friendship_link@5d5eef3d]" name="doBeforeClass" is-config="true" duration-ms="2790" started-at="2020-11-25T13:24:43 CST" finished-at="2020-11-25T13:24:46 CST">
          <reporter-output>
          </reporter-output>
        </test-method> <!-- doBeforeClass -->
        <test-method status="PASS" signature="login_to()[pri:0, instance:com.webtest.ljjdemo.Friendship_link@5d5eef3d]" name="login_to" is-config="true" duration-ms="6610" started-at="2020-11-25T13:24:46 CST" description="管理员登录" finished-at="2020-11-25T13:24:53 CST">
          <reporter-output>
          </reporter-output>
        </test-method> <!-- login_to -->
        <test-method status="FAIL" signature="test_friendship_link_add(java.lang.String, java.lang.String)[pri:0, instance:com.webtest.ljjdemo.Friendship_link@5d5eef3d]" name="test_friendship_link_add" duration-ms="3540" started-at="2020-11-25T13:24:53 CST" description="添加友情链接" data-provider="friendship_link_add" finished-at="2020-11-25T13:24:56 CST">
          <params>
            <param index="0">
              <value>
                <![CDATA[百度]]>
              </value>
            </param>
            <param index="1">
              <value>
                <![CDATA[baidu.com]]>
              </value>
            </param>
          </params>
          <exception class="org.openqa.selenium.ElementClickInterceptedException">
            <message>
              <![CDATA[Element <label class="custom-control-label"> is not clickable at point (295,636) because another element <div class="fixed-bottom text-right text-light"> obscures it
Build info: version: '3.141.59', revision: 'e82be7d358', time: '2018-11-14T08:25:53'
System info: host: 'DESKTOP-H2NQ5S1', ip: '192.168.56.1', os.name: 'Windows 10', os.arch: 'amd64', os.version: '10.0', java.version: '1.8.0_171'
Driver info: org.openqa.selenium.firefox.FirefoxDriver
Capabilities {acceptInsecureCerts: true, browserName: firefox, browserVersion: 78.0.2, javascriptEnabled: true, moz:accessibilityChecks: false, moz:buildID: 20200708170202, moz:geckodriverVersion: 0.27.0, moz:headless: true, moz:processID: 17236, moz:profile: C:\Users\Administrator.DESK..., moz:shutdownTimeout: 60000, moz:useNonSpecCompliantPointerOrigin: false, moz:webdriverClick: true, pageLoadStrategy: normal, platform: WINDOWS, platformName: WINDOWS, platformVersion: 10.0, rotatable: false, setWindowRect: true, strictFileInteractability: false, timeouts: {implicit: 0, pageLoad: 300000, script: 30000}, unhandledPromptBehavior: dismiss and notify}
Session ID: ecfc440c-3b73-4a2d-ab84-631226365519]]>
            </message>
            <full-stacktrace>
              <![CDATA[org.openqa.selenium.ElementClickInterceptedException: Element <label class="custom-control-label"> is not clickable at point (295,636) because another element <div class="fixed-bottom text-right text-light"> obscures it
Build info: version: '3.141.59', revision: 'e82be7d358', time: '2018-11-14T08:25:53'
System info: host: 'DESKTOP-H2NQ5S1', ip: '192.168.56.1', os.name: 'Windows 10', os.arch: 'amd64', os.version: '10.0', java.version: '1.8.0_171'
Driver info: org.openqa.selenium.firefox.FirefoxDriver
Capabilities {acceptInsecureCerts: true, browserName: firefox, browserVersion: 78.0.2, javascriptEnabled: true, moz:accessibilityChecks: false, moz:buildID: 20200708170202, moz:geckodriverVersion: 0.27.0, moz:headless: true, moz:processID: 17236, moz:profile: C:\Users\Administrator.DESK..., moz:shutdownTimeout: 60000, moz:useNonSpecCompliantPointerOrigin: false, moz:webdriverClick: true, pageLoadStrategy: normal, platform: WINDOWS, platformName: WINDOWS, platformVersion: 10.0, rotatable: false, setWindowRect: true, strictFileInteractability: false, timeouts: {implicit: 0, pageLoad: 300000, script: 30000}, unhandledPromptBehavior: dismiss and notify}
Session ID: ecfc440c-3b73-4a2d-ab84-631226365519
at sun.reflect.NativeConstructorAccessorImpl.newInstance0(Native Method)
at sun.reflect.NativeConstructorAccessorImpl.newInstance(NativeConstructorAccessorImpl.java:62)
at sun.reflect.DelegatingConstructorAccessorImpl.newInstance(DelegatingConstructorAccessorImpl.java:45)
at java.lang.reflect.Constructor.newInstance(Constructor.java:423)
at org.openqa.selenium.remote.http.W3CHttpResponseCodec.createException(W3CHttpResponseCodec.java:187)
at org.openqa.selenium.remote.http.W3CHttpResponseCodec.decode(W3CHttpResponseCodec.java:122)
at org.openqa.selenium.remote.http.W3CHttpResponseCodec.decode(W3CHttpResponseCodec.java:49)
at org.openqa.selenium.remote.HttpCommandExecutor.execute(HttpCommandExecutor.java:158)
at org.openqa.selenium.remote.service.DriverCommandExecutor.execute(DriverCommandExecutor.java:83)
at org.openqa.selenium.remote.RemoteWebDriver.execute(RemoteWebDriver.java:552)
at org.openqa.selenium.remote.RemoteWebElement.execute(RemoteWebElement.java:285)
at org.openqa.selenium.remote.RemoteWebElement.click(RemoteWebElement.java:84)
at com.webtest.core.WebDriverEngine.click(Unknown Source)
at com.webtest.ljjdemo.Friendship_link.test_friendship_link_add(Unknown Source)
at sun.reflect.NativeMethodAccessorImpl.invoke0(Native Method)
at sun.reflect.NativeMethodAccessorImpl.invoke(NativeMethodAccessorImpl.java:62)
at sun.reflect.DelegatingMethodAccessorImpl.invoke(DelegatingMethodAccessorImpl.java:43)
at java.lang.reflect.Method.invoke(Method.java:498)
at org.testng.internal.MethodInvocationHelper.invokeMethod(MethodInvocationHelper.java:134)
at org.testng.internal.TestInvoker.invokeMethod(TestInvoker.java:597)
at org.testng.internal.TestInvoker.invokeTestMethod(TestInvoker.java:173)
at org.testng.internal.MethodRunner.runInSequence(MethodRunner.java:46)
at org.testng.internal.TestInvoker$MethodInvocationAgent.invoke(TestInvoker.java:816)
at org.testng.internal.TestInvoker.invokeTestMethods(TestInvoker.java:146)
at org.testng.internal.TestMethodWorker.invokeTestMethods(TestMethodWorker.java:146)
at org.testng.internal.TestMethodWorker.run(TestMethodWorker.java:128)
at java.util.ArrayList.forEach(ArrayList.java:1257)
at org.testng.TestRunner.privateRun(TestRunner.java:766)
at org.testng.TestRunner.run(TestRunner.java:587)
at org.testng.SuiteRunner.runTest(SuiteRunner.java:384)
at org.testng.SuiteRunner.runSequentially(SuiteRunner.java:378)
at org.testng.SuiteRunner.privateRun(SuiteRunner.java:337)
at org.testng.SuiteRunner.run(SuiteRunner.java:286)
at org.testng.SuiteRunnerWorker.runSuite(SuiteRunnerWorker.java:53)
at org.testng.SuiteRunnerWorker.run(SuiteRunnerWorker.java:96)
at org.testng.TestNG.runSuitesSequentially(TestNG.java:1187)
at org.testng.TestNG.runSuitesLocally(TestNG.java:1109)
at org.testng.TestNG.runSuites(TestNG.java:1039)
at org.testng.TestNG.run(TestNG.java:1007)
at org.testng.TestNG.privateMain(TestNG.java:1336)
at org.testng.TestNG.main(TestNG.java:1304)
]]>
            </full-stacktrace>
          </exception> <!-- org.openqa.selenium.ElementClickInterceptedException -->
          <reporter-output>
          </reporter-output>
        </test-method> <!-- test_friendship_link_add -->
        <test-method status="PASS" signature="submitAndQuit()[pri:0, instance:com.webtest.ljjdemo.Friendship_link@5d5eef3d]" name="submitAndQuit" is-config="true" duration-ms="6591" started-at="2020-11-25T13:24:56 CST" finished-at="2020-11-25T13:25:03 CST">
          <reporter-output>
          </reporter-output>
        </test-method> <!-- submitAndQuit -->
        <test-method status="PASS" signature="doAfterMethod_2()[pri:0, instance:com.webtest.ljjdemo.Friendship_link@5d5eef3d]" name="doAfterMethod_2" is-config="true" duration-ms="739" started-at="2020-11-25T13:25:03 CST" finished-at="2020-11-25T13:25:03 CST">
          <reporter-output>
          </reporter-output>
        </test-method> <!-- doAfterMethod_2 -->
        <test-method status="PASS" signature="doBeforeClass()[pri:0, instance:com.webtest.ljjdemo.Friendship_link@5d5eef3d]" name="doBeforeClass" is-config="true" duration-ms="2850" started-at="2020-11-25T13:25:03 CST" finished-at="2020-11-25T13:25:06 CST">
          <reporter-output>
          </reporter-output>
        </test-method> <!-- doBeforeClass -->
        <test-method status="PASS" signature="login_to()[pri:0, instance:com.webtest.ljjdemo.Friendship_link@5d5eef3d]" name="login_to" is-config="true" duration-ms="6752" started-at="2020-11-25T13:25:06 CST" description="管理员登录" finished-at="2020-11-25T13:25:13 CST">
          <reporter-output>
          </reporter-output>
        </test-method> <!-- login_to -->
        <test-method status="FAIL" signature="test_friendship_link_add(java.lang.String, java.lang.String)[pri:0, instance:com.webtest.ljjdemo.Friendship_link@5d5eef3d]" name="test_friendship_link_add" duration-ms="3427" started-at="2020-11-25T13:25:13 CST" description="添加友情链接" data-provider="friendship_link_add" finished-at="2020-11-25T13:25:16 CST">
          <params>
            <param index="0">
              <value>
                <![CDATA[#￥%]]>
              </value>
            </param>
            <param index="1">
              <value>
                <![CDATA[baidu.com]]>
              </value>
            </param>
          </params>
          <exception class="org.openqa.selenium.ElementClickInterceptedException">
            <message>
              <![CDATA[Element <label class="custom-control-label"> is not clickable at point (295,636) because another element <div class="fixed-bottom text-right text-light"> obscures it
Build info: version: '3.141.59', revision: 'e82be7d358', time: '2018-11-14T08:25:53'
System info: host: 'DESKTOP-H2NQ5S1', ip: '192.168.56.1', os.name: 'Windows 10', os.arch: 'amd64', os.version: '10.0', java.version: '1.8.0_171'
Driver info: org.openqa.selenium.firefox.FirefoxDriver
Capabilities {acceptInsecureCerts: true, browserName: firefox, browserVersion: 78.0.2, javascriptEnabled: true, moz:accessibilityChecks: false, moz:buildID: 20200708170202, moz:geckodriverVersion: 0.27.0, moz:headless: true, moz:processID: 7964, moz:profile: C:\Users\Administrator.DESK..., moz:shutdownTimeout: 60000, moz:useNonSpecCompliantPointerOrigin: false, moz:webdriverClick: true, pageLoadStrategy: normal, platform: WINDOWS, platformName: WINDOWS, platformVersion: 10.0, rotatable: false, setWindowRect: true, strictFileInteractability: false, timeouts: {implicit: 0, pageLoad: 300000, script: 30000}, unhandledPromptBehavior: dismiss and notify}
Session ID: d9230365-3309-4528-962c-69a217ec3fc5]]>
            </message>
            <full-stacktrace>
              <![CDATA[org.openqa.selenium.ElementClickInterceptedException: Element <label class="custom-control-label"> is not clickable at point (295,636) because another element <div class="fixed-bottom text-right text-light"> obscures it
Build info: version: '3.141.59', revision: 'e82be7d358', time: '2018-11-14T08:25:53'
System info: host: 'DESKTOP-H2NQ5S1', ip: '192.168.56.1', os.name: 'Windows 10', os.arch: 'amd64', os.version: '10.0', java.version: '1.8.0_171'
Driver info: org.openqa.selenium.firefox.FirefoxDriver
Capabilities {acceptInsecureCerts: true, browserName: firefox, browserVersion: 78.0.2, javascriptEnabled: true, moz:accessibilityChecks: false, moz:buildID: 20200708170202, moz:geckodriverVersion: 0.27.0, moz:headless: true, moz:processID: 7964, moz:profile: C:\Users\Administrator.DESK..., moz:shutdownTimeout: 60000, moz:useNonSpecCompliantPointerOrigin: false, moz:webdriverClick: true, pageLoadStrategy: normal, platform: WINDOWS, platformName: WINDOWS, platformVersion: 10.0, rotatable: false, setWindowRect: true, strictFileInteractability: false, timeouts: {implicit: 0, pageLoad: 300000, script: 30000}, unhandledPromptBehavior: dismiss and notify}
Session ID: d9230365-3309-4528-962c-69a217ec3fc5
at sun.reflect.NativeConstructorAccessorImpl.newInstance0(Native Method)
at sun.reflect.NativeConstructorAccessorImpl.newInstance(NativeConstructorAccessorImpl.java:62)
at sun.reflect.DelegatingConstructorAccessorImpl.newInstance(DelegatingConstructorAccessorImpl.java:45)
at java.lang.reflect.Constructor.newInstance(Constructor.java:423)
at org.openqa.selenium.remote.http.W3CHttpResponseCodec.createException(W3CHttpResponseCodec.java:187)
at org.openqa.selenium.remote.http.W3CHttpResponseCodec.decode(W3CHttpResponseCodec.java:122)
at org.openqa.selenium.remote.http.W3CHttpResponseCodec.decode(W3CHttpResponseCodec.java:49)
at org.openqa.selenium.remote.HttpCommandExecutor.execute(HttpCommandExecutor.java:158)
at org.openqa.selenium.remote.service.DriverCommandExecutor.execute(DriverCommandExecutor.java:83)
at org.openqa.selenium.remote.RemoteWebDriver.execute(RemoteWebDriver.java:552)
at org.openqa.selenium.remote.RemoteWebElement.execute(RemoteWebElement.java:285)
at org.openqa.selenium.remote.RemoteWebElement.click(RemoteWebElement.java:84)
at com.webtest.core.WebDriverEngine.click(Unknown Source)
at com.webtest.ljjdemo.Friendship_link.test_friendship_link_add(Unknown Source)
at sun.reflect.NativeMethodAccessorImpl.invoke0(Native Method)
at sun.reflect.NativeMethodAccessorImpl.invoke(NativeMethodAccessorImpl.java:62)
at sun.reflect.DelegatingMethodAccessorImpl.invoke(DelegatingMethodAccessorImpl.java:43)
at java.lang.reflect.Method.invoke(Method.java:498)
at org.testng.internal.MethodInvocationHelper.invokeMethod(MethodInvocationHelper.java:134)
at org.testng.internal.TestInvoker.invokeMethod(TestInvoker.java:597)
at org.testng.internal.TestInvoker.invokeTestMethod(TestInvoker.java:173)
at org.testng.internal.MethodRunner.runInSequence(MethodRunner.java:46)
at org.testng.internal.TestInvoker$MethodInvocationAgent.invoke(TestInvoker.java:816)
at org.testng.internal.TestInvoker.invokeTestMethods(TestInvoker.java:146)
at org.testng.internal.TestMethodWorker.invokeTestMethods(TestMethodWorker.java:146)
at org.testng.internal.TestMethodWorker.run(TestMethodWorker.java:128)
at java.util.ArrayList.forEach(ArrayList.java:1257)
at org.testng.TestRunner.privateRun(TestRunner.java:766)
at org.testng.TestRunner.run(TestRunner.java:587)
at org.testng.SuiteRunner.runTest(SuiteRunner.java:384)
at org.testng.SuiteRunner.runSequentially(SuiteRunner.java:378)
at org.testng.SuiteRunner.privateRun(SuiteRunner.java:337)
at org.testng.SuiteRunner.run(SuiteRunner.java:286)
at org.testng.SuiteRunnerWorker.runSuite(SuiteRunnerWorker.java:53)
at org.testng.SuiteRunnerWorker.run(SuiteRunnerWorker.java:96)
at org.testng.TestNG.runSuitesSequentially(TestNG.java:1187)
at org.testng.TestNG.runSuitesLocally(TestNG.java:1109)
at org.testng.TestNG.runSuites(TestNG.java:1039)
at org.testng.TestNG.run(TestNG.java:1007)
at org.testng.TestNG.privateMain(TestNG.java:1336)
at org.testng.TestNG.main(TestNG.java:1304)
]]>
            </full-stacktrace>
          </exception> <!-- org.openqa.selenium.ElementClickInterceptedException -->
          <reporter-output>
          </reporter-output>
        </test-method> <!-- test_friendship_link_add -->
        <test-method status="PASS" signature="submitAndQuit()[pri:0, instance:com.webtest.ljjdemo.Friendship_link@5d5eef3d]" name="submitAndQuit" is-config="true" duration-ms="6574" started-at="2020-11-25T13:25:16 CST" finished-at="2020-11-25T13:25:23 CST">
          <reporter-output>
          </reporter-output>
        </test-method> <!-- submitAndQuit -->
        <test-method status="PASS" signature="doAfterMethod_2()[pri:0, instance:com.webtest.ljjdemo.Friendship_link@5d5eef3d]" name="doAfterMethod_2" is-config="true" duration-ms="697" started-at="2020-11-25T13:25:23 CST" finished-at="2020-11-25T13:25:24 CST">
          <reporter-output>
          </reporter-output>
        </test-method> <!-- doAfterMethod_2 -->
        <test-method status="PASS" signature="doBeforeClass()[pri:0, instance:com.webtest.ljjdemo.Friendship_link@5d5eef3d]" name="doBeforeClass" is-config="true" duration-ms="2703" started-at="2020-11-25T13:25:24 CST" finished-at="2020-11-25T13:25:26 CST">
          <reporter-output>
          </reporter-output>
        </test-method> <!-- doBeforeClass -->
        <test-method status="PASS" signature="login_to()[pri:0, instance:com.webtest.ljjdemo.Friendship_link@5d5eef3d]" name="login_to" is-config="true" duration-ms="6537" started-at="2020-11-25T13:25:26 CST" description="管理员登录" finished-at="2020-11-25T13:25:33 CST">
          <reporter-output>
          </reporter-output>
        </test-method> <!-- login_to -->
        <test-method status="FAIL" signature="test_friendship_link_add(java.lang.String, java.lang.String)[pri:0, instance:com.webtest.ljjdemo.Friendship_link@5d5eef3d]" name="test_friendship_link_add" duration-ms="3559" started-at="2020-11-25T13:25:33 CST" description="添加友情链接" data-provider="friendship_link_add" finished-at="2020-11-25T13:25:36 CST">
          <params>
            <param index="0">
              <value>
                <![CDATA[哈哈哈哈哈哈哈哈哈哈哈哈哈哈哈哈哈哈哈哈哈哈哈哈哈哈哈哈哈哈哈哈哈哈哈哈哈哈哈哈哈哈哈哈哈哈哈哈哈哈哈哈哈哈哈哈哈哈哈哈哈哈哈哈哈哈哈哈哈哈哈哈哈哈哈哈哈哈哈哈哈哈哈哈哈哈哈哈哈哈哈哈哈哈哈哈哈哈哈哈哈哈哈哈哈哈哈哈哈哈哈哈哈哈哈哈哈哈哈哈哈哈哈哈哈哈哈哈哈哈哈哈哈哈哈哈哈哈哈哈哈哈哈哈哈哈哈哈哈哈哈哈哈哈哈哈哈哈哈哈哈哈哈哈哈哈哈哈哈哈哈哈哈哈哈哈哈哈哈哈哈哈哈哈哈哈哈哈哈哈哈哈哈哈哈哈哈哈哈哈]]>
              </value>
            </param>
            <param index="1">
              <value>
                <![CDATA[baidu.com]]>
              </value>
            </param>
          </params>
          <exception class="org.openqa.selenium.ElementClickInterceptedException">
            <message>
              <![CDATA[Element <label class="custom-control-label"> is not clickable at point (295,636) because another element <div class="fixed-bottom text-right text-light"> obscures it
Build info: version: '3.141.59', revision: 'e82be7d358', time: '2018-11-14T08:25:53'
System info: host: 'DESKTOP-H2NQ5S1', ip: '192.168.56.1', os.name: 'Windows 10', os.arch: 'amd64', os.version: '10.0', java.version: '1.8.0_171'
Driver info: org.openqa.selenium.firefox.FirefoxDriver
Capabilities {acceptInsecureCerts: true, browserName: firefox, browserVersion: 78.0.2, javascriptEnabled: true, moz:accessibilityChecks: false, moz:buildID: 20200708170202, moz:geckodriverVersion: 0.27.0, moz:headless: true, moz:processID: 10088, moz:profile: C:\Users\Administrator.DESK..., moz:shutdownTimeout: 60000, moz:useNonSpecCompliantPointerOrigin: false, moz:webdriverClick: true, pageLoadStrategy: normal, platform: WINDOWS, platformName: WINDOWS, platformVersion: 10.0, rotatable: false, setWindowRect: true, strictFileInteractability: false, timeouts: {implicit: 0, pageLoad: 300000, script: 30000}, unhandledPromptBehavior: dismiss and notify}
Session ID: 697c578c-0a16-4266-8175-f3cf95ad1680]]>
            </message>
            <full-stacktrace>
              <![CDATA[org.openqa.selenium.ElementClickInterceptedException: Element <label class="custom-control-label"> is not clickable at point (295,636) because another element <div class="fixed-bottom text-right text-light"> obscures it
Build info: version: '3.141.59', revision: 'e82be7d358', time: '2018-11-14T08:25:53'
System info: host: 'DESKTOP-H2NQ5S1', ip: '192.168.56.1', os.name: 'Windows 10', os.arch: 'amd64', os.version: '10.0', java.version: '1.8.0_171'
Driver info: org.openqa.selenium.firefox.FirefoxDriver
Capabilities {acceptInsecureCerts: true, browserName: firefox, browserVersion: 78.0.2, javascriptEnabled: true, moz:accessibilityChecks: false, moz:buildID: 20200708170202, moz:geckodriverVersion: 0.27.0, moz:headless: true, moz:processID: 10088, moz:profile: C:\Users\Administrator.DESK..., moz:shutdownTimeout: 60000, moz:useNonSpecCompliantPointerOrigin: false, moz:webdriverClick: true, pageLoadStrategy: normal, platform: WINDOWS, platformName: WINDOWS, platformVersion: 10.0, rotatable: false, setWindowRect: true, strictFileInteractability: false, timeouts: {implicit: 0, pageLoad: 300000, script: 30000}, unhandledPromptBehavior: dismiss and notify}
Session ID: 697c578c-0a16-4266-8175-f3cf95ad1680
at sun.reflect.NativeConstructorAccessorImpl.newInstance0(Native Method)
at sun.reflect.NativeConstructorAccessorImpl.newInstance(NativeConstructorAccessorImpl.java:62)
at sun.reflect.DelegatingConstructorAccessorImpl.newInstance(DelegatingConstructorAccessorImpl.java:45)
at java.lang.reflect.Constructor.newInstance(Constructor.java:423)
at org.openqa.selenium.remote.http.W3CHttpResponseCodec.createException(W3CHttpResponseCodec.java:187)
at org.openqa.selenium.remote.http.W3CHttpResponseCodec.decode(W3CHttpResponseCodec.java:122)
at org.openqa.selenium.remote.http.W3CHttpResponseCodec.decode(W3CHttpResponseCodec.java:49)
at org.openqa.selenium.remote.HttpCommandExecutor.execute(HttpCommandExecutor.java:158)
at org.openqa.selenium.remote.service.DriverCommandExecutor.execute(DriverCommandExecutor.java:83)
at org.openqa.selenium.remote.RemoteWebDriver.execute(RemoteWebDriver.java:552)
at org.openqa.selenium.remote.RemoteWebElement.execute(RemoteWebElement.java:285)
at org.openqa.selenium.remote.RemoteWebElement.click(RemoteWebElement.java:84)
at com.webtest.core.WebDriverEngine.click(Unknown Source)
at com.webtest.ljjdemo.Friendship_link.test_friendship_link_add(Unknown Source)
at sun.reflect.NativeMethodAccessorImpl.invoke0(Native Method)
at sun.reflect.NativeMethodAccessorImpl.invoke(NativeMethodAccessorImpl.java:62)
at sun.reflect.DelegatingMethodAccessorImpl.invoke(DelegatingMethodAccessorImpl.java:43)
at java.lang.reflect.Method.invoke(Method.java:498)
at org.testng.internal.MethodInvocationHelper.invokeMethod(MethodInvocationHelper.java:134)
at org.testng.internal.TestInvoker.invokeMethod(TestInvoker.java:597)
at org.testng.internal.TestInvoker.invokeTestMethod(TestInvoker.java:173)
at org.testng.internal.MethodRunner.runInSequence(MethodRunner.java:46)
at org.testng.internal.TestInvoker$MethodInvocationAgent.invoke(TestInvoker.java:816)
at org.testng.internal.TestInvoker.invokeTestMethods(TestInvoker.java:146)
at org.testng.internal.TestMethodWorker.invokeTestMethods(TestMethodWorker.java:146)
at org.testng.internal.TestMethodWorker.run(TestMethodWorker.java:128)
at java.util.ArrayList.forEach(ArrayList.java:1257)
at org.testng.TestRunner.privateRun(TestRunner.java:766)
at org.testng.TestRunner.run(TestRunner.java:587)
at org.testng.SuiteRunner.runTest(SuiteRunner.java:384)
at org.testng.SuiteRunner.runSequentially(SuiteRunner.java:378)
at org.testng.SuiteRunner.privateRun(SuiteRunner.java:337)
at org.testng.SuiteRunner.run(SuiteRunner.java:286)
at org.testng.SuiteRunnerWorker.runSuite(SuiteRunnerWorker.java:53)
at org.testng.SuiteRunnerWorker.run(SuiteRunnerWorker.java:96)
at org.testng.TestNG.runSuitesSequentially(TestNG.java:1187)
at org.testng.TestNG.runSuitesLocally(TestNG.java:1109)
at org.testng.TestNG.runSuites(TestNG.java:1039)
at org.testng.TestNG.run(TestNG.java:1007)
at org.testng.TestNG.privateMain(TestNG.java:1336)
at org.testng.TestNG.main(TestNG.java:1304)
]]>
            </full-stacktrace>
          </exception> <!-- org.openqa.selenium.ElementClickInterceptedException -->
          <reporter-output>
          </reporter-output>
        </test-method> <!-- test_friendship_link_add -->
        <test-method status="PASS" signature="submitAndQuit()[pri:0, instance:com.webtest.ljjdemo.Friendship_link@5d5eef3d]" name="submitAndQuit" is-config="true" duration-ms="6621" started-at="2020-11-25T13:25:36 CST" finished-at="2020-11-25T13:25:43 CST">
          <reporter-output>
          </reporter-output>
        </test-method> <!-- submitAndQuit -->
        <test-method status="PASS" signature="doAfterMethod_2()[pri:0, instance:com.webtest.ljjdemo.Friendship_link@5d5eef3d]" name="doAfterMethod_2" is-config="true" duration-ms="2820" started-at="2020-11-25T13:25:43 CST" finished-at="2020-11-25T13:25:46 CST">
          <reporter-output>
          </reporter-output>
        </test-method> <!-- doAfterMethod_2 -->
        <test-method status="PASS" signature="doBeforeClass()[pri:0, instance:com.webtest.ljjdemo.Friendship_link@5d5eef3d]" name="doBeforeClass" is-config="true" duration-ms="2849" started-at="2020-11-25T13:25:46 CST" finished-at="2020-11-25T13:25:49 CST">
          <reporter-output>
          </reporter-output>
        </test-method> <!-- doBeforeClass -->
        <test-method status="PASS" signature="login_to()[pri:0, instance:com.webtest.ljjdemo.Friendship_link@5d5eef3d]" name="login_to" is-config="true" duration-ms="6714" started-at="2020-11-25T13:25:49 CST" description="管理员登录" finished-at="2020-11-25T13:25:55 CST">
          <reporter-output>
          </reporter-output>
        </test-method> <!-- login_to -->
        <test-method status="FAIL" signature="test_friendship_link_add(java.lang.String, java.lang.String)[pri:0, instance:com.webtest.ljjdemo.Friendship_link@5d5eef3d]" name="test_friendship_link_add" duration-ms="3438" started-at="2020-11-25T13:25:55 CST" description="添加友情链接" data-provider="friendship_link_add" finished-at="2020-11-25T13:25:59 CST">
          <params>
            <param index="0">
              <value>
                <![CDATA[百度]]>
              </value>
            </param>
            <param index="1">
              <value>
                <![CDATA[https://baidu.com]]>
              </value>
            </param>
          </params>
          <exception class="org.openqa.selenium.ElementClickInterceptedException">
            <message>
              <![CDATA[Element <label class="custom-control-label"> is not clickable at point (295,636) because another element <div class="fixed-bottom text-right text-light"> obscures it
Build info: version: '3.141.59', revision: 'e82be7d358', time: '2018-11-14T08:25:53'
System info: host: 'DESKTOP-H2NQ5S1', ip: '192.168.56.1', os.name: 'Windows 10', os.arch: 'amd64', os.version: '10.0', java.version: '1.8.0_171'
Driver info: org.openqa.selenium.firefox.FirefoxDriver
Capabilities {acceptInsecureCerts: true, browserName: firefox, browserVersion: 78.0.2, javascriptEnabled: true, moz:accessibilityChecks: false, moz:buildID: 20200708170202, moz:geckodriverVersion: 0.27.0, moz:headless: true, moz:processID: 21876, moz:profile: C:\Users\Administrator.DESK..., moz:shutdownTimeout: 60000, moz:useNonSpecCompliantPointerOrigin: false, moz:webdriverClick: true, pageLoadStrategy: normal, platform: WINDOWS, platformName: WINDOWS, platformVersion: 10.0, rotatable: false, setWindowRect: true, strictFileInteractability: false, timeouts: {implicit: 0, pageLoad: 300000, script: 30000}, unhandledPromptBehavior: dismiss and notify}
Session ID: efa1b2c3-ee65-4dbf-b48f-665df4960a59]]>
            </message>
            <full-stacktrace>
              <![CDATA[org.openqa.selenium.ElementClickInterceptedException: Element <label class="custom-control-label"> is not clickable at point (295,636) because another element <div class="fixed-bottom text-right text-light"> obscures it
Build info: version: '3.141.59', revision: 'e82be7d358', time: '2018-11-14T08:25:53'
System info: host: 'DESKTOP-H2NQ5S1', ip: '192.168.56.1', os.name: 'Windows 10', os.arch: 'amd64', os.version: '10.0', java.version: '1.8.0_171'
Driver info: org.openqa.selenium.firefox.FirefoxDriver
Capabilities {acceptInsecureCerts: true, browserName: firefox, browserVersion: 78.0.2, javascriptEnabled: true, moz:accessibilityChecks: false, moz:buildID: 20200708170202, moz:geckodriverVersion: 0.27.0, moz:headless: true, moz:processID: 21876, moz:profile: C:\Users\Administrator.DESK..., moz:shutdownTimeout: 60000, moz:useNonSpecCompliantPointerOrigin: false, moz:webdriverClick: true, pageLoadStrategy: normal, platform: WINDOWS, platformName: WINDOWS, platformVersion: 10.0, rotatable: false, setWindowRect: true, strictFileInteractability: false, timeouts: {implicit: 0, pageLoad: 300000, script: 30000}, unhandledPromptBehavior: dismiss and notify}
Session ID: efa1b2c3-ee65-4dbf-b48f-665df4960a59
at sun.reflect.NativeConstructorAccessorImpl.newInstance0(Native Method)
at sun.reflect.NativeConstructorAccessorImpl.newInstance(NativeConstructorAccessorImpl.java:62)
at sun.reflect.DelegatingConstructorAccessorImpl.newInstance(DelegatingConstructorAccessorImpl.java:45)
at java.lang.reflect.Constructor.newInstance(Constructor.java:423)
at org.openqa.selenium.remote.http.W3CHttpResponseCodec.createException(W3CHttpResponseCodec.java:187)
at org.openqa.selenium.remote.http.W3CHttpResponseCodec.decode(W3CHttpResponseCodec.java:122)
at org.openqa.selenium.remote.http.W3CHttpResponseCodec.decode(W3CHttpResponseCodec.java:49)
at org.openqa.selenium.remote.HttpCommandExecutor.execute(HttpCommandExecutor.java:158)
at org.openqa.selenium.remote.service.DriverCommandExecutor.execute(DriverCommandExecutor.java:83)
at org.openqa.selenium.remote.RemoteWebDriver.execute(RemoteWebDriver.java:552)
at org.openqa.selenium.remote.RemoteWebElement.execute(RemoteWebElement.java:285)
at org.openqa.selenium.remote.RemoteWebElement.click(RemoteWebElement.java:84)
at com.webtest.core.WebDriverEngine.click(Unknown Source)
at com.webtest.ljjdemo.Friendship_link.test_friendship_link_add(Unknown Source)
at sun.reflect.NativeMethodAccessorImpl.invoke0(Native Method)
at sun.reflect.NativeMethodAccessorImpl.invoke(NativeMethodAccessorImpl.java:62)
at sun.reflect.DelegatingMethodAccessorImpl.invoke(DelegatingMethodAccessorImpl.java:43)
at java.lang.reflect.Method.invoke(Method.java:498)
at org.testng.internal.MethodInvocationHelper.invokeMethod(MethodInvocationHelper.java:134)
at org.testng.internal.TestInvoker.invokeMethod(TestInvoker.java:597)
at org.testng.internal.TestInvoker.invokeTestMethod(TestInvoker.java:173)
at org.testng.internal.MethodRunner.runInSequence(MethodRunner.java:46)
at org.testng.internal.TestInvoker$MethodInvocationAgent.invoke(TestInvoker.java:816)
at org.testng.internal.TestInvoker.invokeTestMethods(TestInvoker.java:146)
at org.testng.internal.TestMethodWorker.invokeTestMethods(TestMethodWorker.java:146)
at org.testng.internal.TestMethodWorker.run(TestMethodWorker.java:128)
at java.util.ArrayList.forEach(ArrayList.java:1257)
at org.testng.TestRunner.privateRun(TestRunner.java:766)
at org.testng.TestRunner.run(TestRunner.java:587)
at org.testng.SuiteRunner.runTest(SuiteRunner.java:384)
at org.testng.SuiteRunner.runSequentially(SuiteRunner.java:378)
at org.testng.SuiteRunner.privateRun(SuiteRunner.java:337)
at org.testng.SuiteRunner.run(SuiteRunner.java:286)
at org.testng.SuiteRunnerWorker.runSuite(SuiteRunnerWorker.java:53)
at org.testng.SuiteRunnerWorker.run(SuiteRunnerWorker.java:96)
at org.testng.TestNG.runSuitesSequentially(TestNG.java:1187)
at org.testng.TestNG.runSuitesLocally(TestNG.java:1109)
at org.testng.TestNG.runSuites(TestNG.java:1039)
at org.testng.TestNG.run(TestNG.java:1007)
at org.testng.TestNG.privateMain(TestNG.java:1336)
at org.testng.TestNG.main(TestNG.java:1304)
]]>
            </full-stacktrace>
          </exception> <!-- org.openqa.selenium.ElementClickInterceptedException -->
          <reporter-output>
          </reporter-output>
        </test-method> <!-- test_friendship_link_add -->
        <test-method status="PASS" signature="submitAndQuit()[pri:0, instance:com.webtest.ljjdemo.Friendship_link@5d5eef3d]" name="submitAndQuit" is-config="true" duration-ms="6571" started-at="2020-11-25T13:25:59 CST" finished-at="2020-11-25T13:26:06 CST">
          <reporter-output>
          </reporter-output>
        </test-method> <!-- submitAndQuit -->
        <test-method status="PASS" signature="doAfterMethod_2()[pri:0, instance:com.webtest.ljjdemo.Friendship_link@5d5eef3d]" name="doAfterMethod_2" is-config="true" duration-ms="767" started-at="2020-11-25T13:26:06 CST" finished-at="2020-11-25T13:26:06 CST">
          <reporter-output>
          </reporter-output>
        </test-method> <!-- doAfterMethod_2 -->
        <test-method status="PASS" signature="doBeforeClass()[pri:0, instance:com.webtest.ljjdemo.Friendship_link@5d5eef3d]" name="doBeforeClass" is-config="true" duration-ms="2779" started-at="2020-11-25T13:26:06 CST" finished-at="2020-11-25T13:26:09 CST">
          <reporter-output>
          </reporter-output>
        </test-method> <!-- doBeforeClass -->
        <test-method status="PASS" signature="login_to()[pri:0, instance:com.webtest.ljjdemo.Friendship_link@5d5eef3d]" name="login_to" is-config="true" duration-ms="6641" started-at="2020-11-25T13:26:09 CST" description="管理员登录" finished-at="2020-11-25T13:26:16 CST">
          <reporter-output>
          </reporter-output>
        </test-method> <!-- login_to -->
        <test-method status="FAIL" signature="test_friendship_link_add(java.lang.String, java.lang.String)[pri:0, instance:com.webtest.ljjdemo.Friendship_link@5d5eef3d]" name="test_friendship_link_add" duration-ms="3440" started-at="2020-11-25T13:26:16 CST" description="添加友情链接" data-provider="friendship_link_add" finished-at="2020-11-25T13:26:19 CST">
          <params>
            <param index="0">
              <value>
                <![CDATA[#￥%]]>
              </value>
            </param>
            <param index="1">
              <value>
                <![CDATA[https://baidu.com]]>
              </value>
            </param>
          </params>
          <exception class="org.openqa.selenium.ElementClickInterceptedException">
            <message>
              <![CDATA[Element <label class="custom-control-label"> is not clickable at point (295,636) because another element <div class="fixed-bottom text-right text-light"> obscures it
Build info: version: '3.141.59', revision: 'e82be7d358', time: '2018-11-14T08:25:53'
System info: host: 'DESKTOP-H2NQ5S1', ip: '192.168.56.1', os.name: 'Windows 10', os.arch: 'amd64', os.version: '10.0', java.version: '1.8.0_171'
Driver info: org.openqa.selenium.firefox.FirefoxDriver
Capabilities {acceptInsecureCerts: true, browserName: firefox, browserVersion: 78.0.2, javascriptEnabled: true, moz:accessibilityChecks: false, moz:buildID: 20200708170202, moz:geckodriverVersion: 0.27.0, moz:headless: true, moz:processID: 12864, moz:profile: C:\Users\Administrator.DESK..., moz:shutdownTimeout: 60000, moz:useNonSpecCompliantPointerOrigin: false, moz:webdriverClick: true, pageLoadStrategy: normal, platform: WINDOWS, platformName: WINDOWS, platformVersion: 10.0, rotatable: false, setWindowRect: true, strictFileInteractability: false, timeouts: {implicit: 0, pageLoad: 300000, script: 30000}, unhandledPromptBehavior: dismiss and notify}
Session ID: f9b6e333-7656-445c-aa7c-19eaa208fd15]]>
            </message>
            <full-stacktrace>
              <![CDATA[org.openqa.selenium.ElementClickInterceptedException: Element <label class="custom-control-label"> is not clickable at point (295,636) because another element <div class="fixed-bottom text-right text-light"> obscures it
Build info: version: '3.141.59', revision: 'e82be7d358', time: '2018-11-14T08:25:53'
System info: host: 'DESKTOP-H2NQ5S1', ip: '192.168.56.1', os.name: 'Windows 10', os.arch: 'amd64', os.version: '10.0', java.version: '1.8.0_171'
Driver info: org.openqa.selenium.firefox.FirefoxDriver
Capabilities {acceptInsecureCerts: true, browserName: firefox, browserVersion: 78.0.2, javascriptEnabled: true, moz:accessibilityChecks: false, moz:buildID: 20200708170202, moz:geckodriverVersion: 0.27.0, moz:headless: true, moz:processID: 12864, moz:profile: C:\Users\Administrator.DESK..., moz:shutdownTimeout: 60000, moz:useNonSpecCompliantPointerOrigin: false, moz:webdriverClick: true, pageLoadStrategy: normal, platform: WINDOWS, platformName: WINDOWS, platformVersion: 10.0, rotatable: false, setWindowRect: true, strictFileInteractability: false, timeouts: {implicit: 0, pageLoad: 300000, script: 30000}, unhandledPromptBehavior: dismiss and notify}
Session ID: f9b6e333-7656-445c-aa7c-19eaa208fd15
at sun.reflect.NativeConstructorAccessorImpl.newInstance0(Native Method)
at sun.reflect.NativeConstructorAccessorImpl.newInstance(NativeConstructorAccessorImpl.java:62)
at sun.reflect.DelegatingConstructorAccessorImpl.newInstance(DelegatingConstructorAccessorImpl.java:45)
at java.lang.reflect.Constructor.newInstance(Constructor.java:423)
at org.openqa.selenium.remote.http.W3CHttpResponseCodec.createException(W3CHttpResponseCodec.java:187)
at org.openqa.selenium.remote.http.W3CHttpResponseCodec.decode(W3CHttpResponseCodec.java:122)
at org.openqa.selenium.remote.http.W3CHttpResponseCodec.decode(W3CHttpResponseCodec.java:49)
at org.openqa.selenium.remote.HttpCommandExecutor.execute(HttpCommandExecutor.java:158)
at org.openqa.selenium.remote.service.DriverCommandExecutor.execute(DriverCommandExecutor.java:83)
at org.openqa.selenium.remote.RemoteWebDriver.execute(RemoteWebDriver.java:552)
at org.openqa.selenium.remote.RemoteWebElement.execute(RemoteWebElement.java:285)
at org.openqa.selenium.remote.RemoteWebElement.click(RemoteWebElement.java:84)
at com.webtest.core.WebDriverEngine.click(Unknown Source)
at com.webtest.ljjdemo.Friendship_link.test_friendship_link_add(Unknown Source)
at sun.reflect.NativeMethodAccessorImpl.invoke0(Native Method)
at sun.reflect.NativeMethodAccessorImpl.invoke(NativeMethodAccessorImpl.java:62)
at sun.reflect.DelegatingMethodAccessorImpl.invoke(DelegatingMethodAccessorImpl.java:43)
at java.lang.reflect.Method.invoke(Method.java:498)
at org.testng.internal.MethodInvocationHelper.invokeMethod(MethodInvocationHelper.java:134)
at org.testng.internal.TestInvoker.invokeMethod(TestInvoker.java:597)
at org.testng.internal.TestInvoker.invokeTestMethod(TestInvoker.java:173)
at org.testng.internal.MethodRunner.runInSequence(MethodRunner.java:46)
at org.testng.internal.TestInvoker$MethodInvocationAgent.invoke(TestInvoker.java:816)
at org.testng.internal.TestInvoker.invokeTestMethods(TestInvoker.java:146)
at org.testng.internal.TestMethodWorker.invokeTestMethods(TestMethodWorker.java:146)
at org.testng.internal.TestMethodWorker.run(TestMethodWorker.java:128)
at java.util.ArrayList.forEach(ArrayList.java:1257)
at org.testng.TestRunner.privateRun(TestRunner.java:766)
at org.testng.TestRunner.run(TestRunner.java:587)
at org.testng.SuiteRunner.runTest(SuiteRunner.java:384)
at org.testng.SuiteRunner.runSequentially(SuiteRunner.java:378)
at org.testng.SuiteRunner.privateRun(SuiteRunner.java:337)
at org.testng.SuiteRunner.run(SuiteRunner.java:286)
at org.testng.SuiteRunnerWorker.runSuite(SuiteRunnerWorker.java:53)
at org.testng.SuiteRunnerWorker.run(SuiteRunnerWorker.java:96)
at org.testng.TestNG.runSuitesSequentially(TestNG.java:1187)
at org.testng.TestNG.runSuitesLocally(TestNG.java:1109)
at org.testng.TestNG.runSuites(TestNG.java:1039)
at org.testng.TestNG.run(TestNG.java:1007)
at org.testng.TestNG.privateMain(TestNG.java:1336)
at org.testng.TestNG.main(TestNG.java:1304)
]]>
            </full-stacktrace>
          </exception> <!-- org.openqa.selenium.ElementClickInterceptedException -->
          <reporter-output>
          </reporter-output>
        </test-method> <!-- test_friendship_link_add -->
        <test-method status="PASS" signature="submitAndQuit()[pri:0, instance:com.webtest.ljjdemo.Friendship_link@5d5eef3d]" name="submitAndQuit" is-config="true" duration-ms="6540" started-at="2020-11-25T13:26:19 CST" finished-at="2020-11-25T13:26:26 CST">
          <reporter-output>
          </reporter-output>
        </test-method> <!-- submitAndQuit -->
        <test-method status="PASS" signature="doAfterMethod_2()[pri:0, instance:com.webtest.ljjdemo.Friendship_link@5d5eef3d]" name="doAfterMethod_2" is-config="true" duration-ms="695" started-at="2020-11-25T13:26:26 CST" finished-at="2020-11-25T13:26:26 CST">
          <reporter-output>
          </reporter-output>
        </test-method> <!-- doAfterMethod_2 -->
        <test-method status="PASS" signature="doBeforeClass()[pri:0, instance:com.webtest.ljjdemo.Friendship_link@5d5eef3d]" name="doBeforeClass" is-config="true" duration-ms="2824" started-at="2020-11-25T13:26:26 CST" finished-at="2020-11-25T13:26:29 CST">
          <reporter-output>
          </reporter-output>
        </test-method> <!-- doBeforeClass -->
        <test-method status="PASS" signature="login_to()[pri:0, instance:com.webtest.ljjdemo.Friendship_link@5d5eef3d]" name="login_to" is-config="true" duration-ms="6783" started-at="2020-11-25T13:26:29 CST" description="管理员登录" finished-at="2020-11-25T13:26:36 CST">
          <reporter-output>
          </reporter-output>
        </test-method> <!-- login_to -->
        <test-method status="FAIL" signature="test_friendship_link_add(java.lang.String, java.lang.String)[pri:0, instance:com.webtest.ljjdemo.Friendship_link@5d5eef3d]" name="test_friendship_link_add" duration-ms="3518" started-at="2020-11-25T13:26:36 CST" description="添加友情链接" data-provider="friendship_link_add" finished-at="2020-11-25T13:26:39 CST">
          <params>
            <param index="0">
              <value>
                <![CDATA[哈哈哈哈哈哈哈哈哈哈哈哈哈哈哈哈哈哈哈哈哈哈哈哈哈哈哈哈哈哈哈哈哈哈哈哈哈哈哈哈哈哈哈哈哈哈哈哈哈哈哈哈哈哈哈哈哈哈哈哈哈哈哈哈哈哈哈哈哈哈哈哈哈哈哈哈哈哈哈哈哈哈哈哈哈哈哈哈哈哈哈哈哈哈哈哈哈哈哈哈哈哈哈哈哈哈哈哈哈哈哈哈哈哈哈哈哈哈哈哈哈哈哈哈哈哈哈哈哈哈哈哈哈哈哈哈哈哈哈哈哈哈哈哈哈哈哈哈哈哈哈哈哈哈哈哈哈哈哈哈哈哈哈哈哈哈哈哈哈哈哈哈哈哈哈哈哈哈哈哈哈哈哈哈哈哈哈哈哈哈哈哈哈哈哈哈哈哈哈哈]]>
              </value>
            </param>
            <param index="1">
              <value>
                <![CDATA[https://baidu.com]]>
              </value>
            </param>
          </params>
          <exception class="org.openqa.selenium.ElementClickInterceptedException">
            <message>
              <![CDATA[Element <label class="custom-control-label"> is not clickable at point (295,636) because another element <div class="fixed-bottom text-right text-light"> obscures it
Build info: version: '3.141.59', revision: 'e82be7d358', time: '2018-11-14T08:25:53'
System info: host: 'DESKTOP-H2NQ5S1', ip: '192.168.56.1', os.name: 'Windows 10', os.arch: 'amd64', os.version: '10.0', java.version: '1.8.0_171'
Driver info: org.openqa.selenium.firefox.FirefoxDriver
Capabilities {acceptInsecureCerts: true, browserName: firefox, browserVersion: 78.0.2, javascriptEnabled: true, moz:accessibilityChecks: false, moz:buildID: 20200708170202, moz:geckodriverVersion: 0.27.0, moz:headless: true, moz:processID: 15468, moz:profile: C:\Users\Administrator.DESK..., moz:shutdownTimeout: 60000, moz:useNonSpecCompliantPointerOrigin: false, moz:webdriverClick: true, pageLoadStrategy: normal, platform: WINDOWS, platformName: WINDOWS, platformVersion: 10.0, rotatable: false, setWindowRect: true, strictFileInteractability: false, timeouts: {implicit: 0, pageLoad: 300000, script: 30000}, unhandledPromptBehavior: dismiss and notify}
Session ID: 7d4f623d-0500-4eed-8f4c-e0e753babfb0]]>
            </message>
            <full-stacktrace>
              <![CDATA[org.openqa.selenium.ElementClickInterceptedException: Element <label class="custom-control-label"> is not clickable at point (295,636) because another element <div class="fixed-bottom text-right text-light"> obscures it
Build info: version: '3.141.59', revision: 'e82be7d358', time: '2018-11-14T08:25:53'
System info: host: 'DESKTOP-H2NQ5S1', ip: '192.168.56.1', os.name: 'Windows 10', os.arch: 'amd64', os.version: '10.0', java.version: '1.8.0_171'
Driver info: org.openqa.selenium.firefox.FirefoxDriver
Capabilities {acceptInsecureCerts: true, browserName: firefox, browserVersion: 78.0.2, javascriptEnabled: true, moz:accessibilityChecks: false, moz:buildID: 20200708170202, moz:geckodriverVersion: 0.27.0, moz:headless: true, moz:processID: 15468, moz:profile: C:\Users\Administrator.DESK..., moz:shutdownTimeout: 60000, moz:useNonSpecCompliantPointerOrigin: false, moz:webdriverClick: true, pageLoadStrategy: normal, platform: WINDOWS, platformName: WINDOWS, platformVersion: 10.0, rotatable: false, setWindowRect: true, strictFileInteractability: false, timeouts: {implicit: 0, pageLoad: 300000, script: 30000}, unhandledPromptBehavior: dismiss and notify}
Session ID: 7d4f623d-0500-4eed-8f4c-e0e753babfb0
at sun.reflect.NativeConstructorAccessorImpl.newInstance0(Native Method)
at sun.reflect.NativeConstructorAccessorImpl.newInstance(NativeConstructorAccessorImpl.java:62)
at sun.reflect.DelegatingConstructorAccessorImpl.newInstance(DelegatingConstructorAccessorImpl.java:45)
at java.lang.reflect.Constructor.newInstance(Constructor.java:423)
at org.openqa.selenium.remote.http.W3CHttpResponseCodec.createException(W3CHttpResponseCodec.java:187)
at org.openqa.selenium.remote.http.W3CHttpResponseCodec.decode(W3CHttpResponseCodec.java:122)
at org.openqa.selenium.remote.http.W3CHttpResponseCodec.decode(W3CHttpResponseCodec.java:49)
at org.openqa.selenium.remote.HttpCommandExecutor.execute(HttpCommandExecutor.java:158)
at org.openqa.selenium.remote.service.DriverCommandExecutor.execute(DriverCommandExecutor.java:83)
at org.openqa.selenium.remote.RemoteWebDriver.execute(RemoteWebDriver.java:552)
at org.openqa.selenium.remote.RemoteWebElement.execute(RemoteWebElement.java:285)
at org.openqa.selenium.remote.RemoteWebElement.click(RemoteWebElement.java:84)
at com.webtest.core.WebDriverEngine.click(Unknown Source)
at com.webtest.ljjdemo.Friendship_link.test_friendship_link_add(Unknown Source)
at sun.reflect.NativeMethodAccessorImpl.invoke0(Native Method)
at sun.reflect.NativeMethodAccessorImpl.invoke(NativeMethodAccessorImpl.java:62)
at sun.reflect.DelegatingMethodAccessorImpl.invoke(DelegatingMethodAccessorImpl.java:43)
at java.lang.reflect.Method.invoke(Method.java:498)
at org.testng.internal.MethodInvocationHelper.invokeMethod(MethodInvocationHelper.java:134)
at org.testng.internal.TestInvoker.invokeMethod(TestInvoker.java:597)
at org.testng.internal.TestInvoker.invokeTestMethod(TestInvoker.java:173)
at org.testng.internal.MethodRunner.runInSequence(MethodRunner.java:46)
at org.testng.internal.TestInvoker$MethodInvocationAgent.invoke(TestInvoker.java:816)
at org.testng.internal.TestInvoker.invokeTestMethods(TestInvoker.java:146)
at org.testng.internal.TestMethodWorker.invokeTestMethods(TestMethodWorker.java:146)
at org.testng.internal.TestMethodWorker.run(TestMethodWorker.java:128)
at java.util.ArrayList.forEach(ArrayList.java:1257)
at org.testng.TestRunner.privateRun(TestRunner.java:766)
at org.testng.TestRunner.run(TestRunner.java:587)
at org.testng.SuiteRunner.runTest(SuiteRunner.java:384)
at org.testng.SuiteRunner.runSequentially(SuiteRunner.java:378)
at org.testng.SuiteRunner.privateRun(SuiteRunner.java:337)
at org.testng.SuiteRunner.run(SuiteRunner.java:286)
at org.testng.SuiteRunnerWorker.runSuite(SuiteRunnerWorker.java:53)
at org.testng.SuiteRunnerWorker.run(SuiteRunnerWorker.java:96)
at org.testng.TestNG.runSuitesSequentially(TestNG.java:1187)
at org.testng.TestNG.runSuitesLocally(TestNG.java:1109)
at org.testng.TestNG.runSuites(TestNG.java:1039)
at org.testng.TestNG.run(TestNG.java:1007)
at org.testng.TestNG.privateMain(TestNG.java:1336)
at org.testng.TestNG.main(TestNG.java:1304)
]]>
            </full-stacktrace>
          </exception> <!-- org.openqa.selenium.ElementClickInterceptedException -->
          <reporter-output>
          </reporter-output>
        </test-method> <!-- test_friendship_link_add -->
        <test-method status="PASS" signature="submitAndQuit()[pri:0, instance:com.webtest.ljjdemo.Friendship_link@5d5eef3d]" name="submitAndQuit" is-config="true" duration-ms="6870" started-at="2020-11-25T13:26:39 CST" finished-at="2020-11-25T13:26:46 CST">
          <reporter-output>
          </reporter-output>
        </test-method> <!-- submitAndQuit -->
        <test-method status="PASS" signature="doAfterMethod_2()[pri:0, instance:com.webtest.ljjdemo.Friendship_link@5d5eef3d]" name="doAfterMethod_2" is-config="true" duration-ms="2555" started-at="2020-11-25T13:26:46 CST" finished-at="2020-11-25T13:26:49 CST">
          <reporter-output>
          </reporter-output>
        </test-method> <!-- doAfterMethod_2 -->
        <test-method status="PASS" signature="doBeforeClass()[pri:0, instance:com.webtest.ljjdemo.Friendship_link@5d5eef3d]" name="doBeforeClass" is-config="true" duration-ms="2795" started-at="2020-11-25T13:26:49 CST" finished-at="2020-11-25T13:26:52 CST">
          <reporter-output>
          </reporter-output>
        </test-method> <!-- doBeforeClass -->
        <test-method status="PASS" signature="login_to()[pri:0, instance:com.webtest.ljjdemo.Friendship_link@5d5eef3d]" name="login_to" is-config="true" duration-ms="6610" started-at="2020-11-25T13:26:52 CST" description="管理员登录" finished-at="2020-11-25T13:26:58 CST">
          <reporter-output>
          </reporter-output>
        </test-method> <!-- login_to -->
        <test-method status="FAIL" signature="test_friendship_link_add(java.lang.String, java.lang.String)[pri:0, instance:com.webtest.ljjdemo.Friendship_link@5d5eef3d]" name="test_friendship_link_add" duration-ms="3370" started-at="2020-11-25T13:26:58 CST" description="添加友情链接" data-provider="friendship_link_add" finished-at="2020-11-25T13:27:02 CST">
          <params>
            <param index="0">
              <value>
                <![CDATA[123]]>
              </value>
            </param>
            <param index="1">
              <value>
                <![CDATA[http://baidu.com]]>
              </value>
            </param>
          </params>
          <exception class="org.openqa.selenium.ElementClickInterceptedException">
            <message>
              <![CDATA[Element <label class="custom-control-label"> is not clickable at point (295,636) because another element <div class="fixed-bottom text-right text-light"> obscures it
Build info: version: '3.141.59', revision: 'e82be7d358', time: '2018-11-14T08:25:53'
System info: host: 'DESKTOP-H2NQ5S1', ip: '192.168.56.1', os.name: 'Windows 10', os.arch: 'amd64', os.version: '10.0', java.version: '1.8.0_171'
Driver info: org.openqa.selenium.firefox.FirefoxDriver
Capabilities {acceptInsecureCerts: true, browserName: firefox, browserVersion: 78.0.2, javascriptEnabled: true, moz:accessibilityChecks: false, moz:buildID: 20200708170202, moz:geckodriverVersion: 0.27.0, moz:headless: true, moz:processID: 10916, moz:profile: C:\Users\Administrator.DESK..., moz:shutdownTimeout: 60000, moz:useNonSpecCompliantPointerOrigin: false, moz:webdriverClick: true, pageLoadStrategy: normal, platform: WINDOWS, platformName: WINDOWS, platformVersion: 10.0, rotatable: false, setWindowRect: true, strictFileInteractability: false, timeouts: {implicit: 0, pageLoad: 300000, script: 30000}, unhandledPromptBehavior: dismiss and notify}
Session ID: 0e5c8794-1648-45db-914a-891c4f6bbf9e]]>
            </message>
            <full-stacktrace>
              <![CDATA[org.openqa.selenium.ElementClickInterceptedException: Element <label class="custom-control-label"> is not clickable at point (295,636) because another element <div class="fixed-bottom text-right text-light"> obscures it
Build info: version: '3.141.59', revision: 'e82be7d358', time: '2018-11-14T08:25:53'
System info: host: 'DESKTOP-H2NQ5S1', ip: '192.168.56.1', os.name: 'Windows 10', os.arch: 'amd64', os.version: '10.0', java.version: '1.8.0_171'
Driver info: org.openqa.selenium.firefox.FirefoxDriver
Capabilities {acceptInsecureCerts: true, browserName: firefox, browserVersion: 78.0.2, javascriptEnabled: true, moz:accessibilityChecks: false, moz:buildID: 20200708170202, moz:geckodriverVersion: 0.27.0, moz:headless: true, moz:processID: 10916, moz:profile: C:\Users\Administrator.DESK..., moz:shutdownTimeout: 60000, moz:useNonSpecCompliantPointerOrigin: false, moz:webdriverClick: true, pageLoadStrategy: normal, platform: WINDOWS, platformName: WINDOWS, platformVersion: 10.0, rotatable: false, setWindowRect: true, strictFileInteractability: false, timeouts: {implicit: 0, pageLoad: 300000, script: 30000}, unhandledPromptBehavior: dismiss and notify}
Session ID: 0e5c8794-1648-45db-914a-891c4f6bbf9e
at sun.reflect.NativeConstructorAccessorImpl.newInstance0(Native Method)
at sun.reflect.NativeConstructorAccessorImpl.newInstance(NativeConstructorAccessorImpl.java:62)
at sun.reflect.DelegatingConstructorAccessorImpl.newInstance(DelegatingConstructorAccessorImpl.java:45)
at java.lang.reflect.Constructor.newInstance(Constructor.java:423)
at org.openqa.selenium.remote.http.W3CHttpResponseCodec.createException(W3CHttpResponseCodec.java:187)
at org.openqa.selenium.remote.http.W3CHttpResponseCodec.decode(W3CHttpResponseCodec.java:122)
at org.openqa.selenium.remote.http.W3CHttpResponseCodec.decode(W3CHttpResponseCodec.java:49)
at org.openqa.selenium.remote.HttpCommandExecutor.execute(HttpCommandExecutor.java:158)
at org.openqa.selenium.remote.service.DriverCommandExecutor.execute(DriverCommandExecutor.java:83)
at org.openqa.selenium.remote.RemoteWebDriver.execute(RemoteWebDriver.java:552)
at org.openqa.selenium.remote.RemoteWebElement.execute(RemoteWebElement.java:285)
at org.openqa.selenium.remote.RemoteWebElement.click(RemoteWebElement.java:84)
at com.webtest.core.WebDriverEngine.click(Unknown Source)
at com.webtest.ljjdemo.Friendship_link.test_friendship_link_add(Unknown Source)
at sun.reflect.NativeMethodAccessorImpl.invoke0(Native Method)
at sun.reflect.NativeMethodAccessorImpl.invoke(NativeMethodAccessorImpl.java:62)
at sun.reflect.DelegatingMethodAccessorImpl.invoke(DelegatingMethodAccessorImpl.java:43)
at java.lang.reflect.Method.invoke(Method.java:498)
at org.testng.internal.MethodInvocationHelper.invokeMethod(MethodInvocationHelper.java:134)
at org.testng.internal.TestInvoker.invokeMethod(TestInvoker.java:597)
at org.testng.internal.TestInvoker.invokeTestMethod(TestInvoker.java:173)
at org.testng.internal.MethodRunner.runInSequence(MethodRunner.java:46)
at org.testng.internal.TestInvoker$MethodInvocationAgent.invoke(TestInvoker.java:816)
at org.testng.internal.TestInvoker.invokeTestMethods(TestInvoker.java:146)
at org.testng.internal.TestMethodWorker.invokeTestMethods(TestMethodWorker.java:146)
at org.testng.internal.TestMethodWorker.run(TestMethodWorker.java:128)
at java.util.ArrayList.forEach(ArrayList.java:1257)
at org.testng.TestRunner.privateRun(TestRunner.java:766)
at org.testng.TestRunner.run(TestRunner.java:587)
at org.testng.SuiteRunner.runTest(SuiteRunner.java:384)
at org.testng.SuiteRunner.runSequentially(SuiteRunner.java:378)
at org.testng.SuiteRunner.privateRun(SuiteRunner.java:337)
at org.testng.SuiteRunner.run(SuiteRunner.java:286)
at org.testng.SuiteRunnerWorker.runSuite(SuiteRunnerWorker.java:53)
at org.testng.SuiteRunnerWorker.run(SuiteRunnerWorker.java:96)
at org.testng.TestNG.runSuitesSequentially(TestNG.java:1187)
at org.testng.TestNG.runSuitesLocally(TestNG.java:1109)
at org.testng.TestNG.runSuites(TestNG.java:1039)
at org.testng.TestNG.run(TestNG.java:1007)
at org.testng.TestNG.privateMain(TestNG.java:1336)
at org.testng.TestNG.main(TestNG.java:1304)
]]>
            </full-stacktrace>
          </exception> <!-- org.openqa.selenium.ElementClickInterceptedException -->
          <reporter-output>
          </reporter-output>
        </test-method> <!-- test_friendship_link_add -->
        <test-method status="PASS" signature="submitAndQuit()[pri:0, instance:com.webtest.ljjdemo.Friendship_link@5d5eef3d]" name="submitAndQuit" is-config="true" duration-ms="6670" started-at="2020-11-25T13:27:02 CST" finished-at="2020-11-25T13:27:08 CST">
          <reporter-output>
          </reporter-output>
        </test-method> <!-- submitAndQuit -->
        <test-method status="PASS" signature="doAfterMethod_2()[pri:0, instance:com.webtest.ljjdemo.Friendship_link@5d5eef3d]" name="doAfterMethod_2" is-config="true" duration-ms="2710" started-at="2020-11-25T13:27:08 CST" finished-at="2020-11-25T13:27:11 CST">
          <reporter-output>
          </reporter-output>
        </test-method> <!-- doAfterMethod_2 -->
        <test-method status="PASS" signature="doBeforeClass()[pri:0, instance:com.webtest.ljjdemo.Friendship_link@5d5eef3d]" name="doBeforeClass" is-config="true" duration-ms="2800" started-at="2020-11-25T13:27:11 CST" finished-at="2020-11-25T13:27:14 CST">
          <reporter-output>
          </reporter-output>
        </test-method> <!-- doBeforeClass -->
        <test-method status="PASS" signature="login_to()[pri:0, instance:com.webtest.ljjdemo.Friendship_link@5d5eef3d]" name="login_to" is-config="true" duration-ms="6680" started-at="2020-11-25T13:27:14 CST" description="管理员登录" finished-at="2020-11-25T13:27:21 CST">
          <reporter-output>
          </reporter-output>
        </test-method> <!-- login_to -->
        <test-method status="FAIL" signature="test_friendship_link_add(java.lang.String, java.lang.String)[pri:0, instance:com.webtest.ljjdemo.Friendship_link@5d5eef3d]" name="test_friendship_link_add" duration-ms="3320" started-at="2020-11-25T13:27:21 CST" description="添加友情链接" data-provider="friendship_link_add" finished-at="2020-11-25T13:27:24 CST">
          <params>
            <param index="0">
              <value>
                <![CDATA[123]]>
              </value>
            </param>
            <param index="1">
              <value>
                <![CDATA[baidu.com]]>
              </value>
            </param>
          </params>
          <exception class="org.openqa.selenium.ElementClickInterceptedException">
            <message>
              <![CDATA[Element <label class="custom-control-label"> is not clickable at point (295,636) because another element <div class="fixed-bottom text-right text-light"> obscures it
Build info: version: '3.141.59', revision: 'e82be7d358', time: '2018-11-14T08:25:53'
System info: host: 'DESKTOP-H2NQ5S1', ip: '192.168.56.1', os.name: 'Windows 10', os.arch: 'amd64', os.version: '10.0', java.version: '1.8.0_171'
Driver info: org.openqa.selenium.firefox.FirefoxDriver
Capabilities {acceptInsecureCerts: true, browserName: firefox, browserVersion: 78.0.2, javascriptEnabled: true, moz:accessibilityChecks: false, moz:buildID: 20200708170202, moz:geckodriverVersion: 0.27.0, moz:headless: true, moz:processID: 10452, moz:profile: C:\Users\Administrator.DESK..., moz:shutdownTimeout: 60000, moz:useNonSpecCompliantPointerOrigin: false, moz:webdriverClick: true, pageLoadStrategy: normal, platform: WINDOWS, platformName: WINDOWS, platformVersion: 10.0, rotatable: false, setWindowRect: true, strictFileInteractability: false, timeouts: {implicit: 0, pageLoad: 300000, script: 30000}, unhandledPromptBehavior: dismiss and notify}
Session ID: 7d12672d-fbde-435a-9fe1-a74d3706f2c3]]>
            </message>
            <full-stacktrace>
              <![CDATA[org.openqa.selenium.ElementClickInterceptedException: Element <label class="custom-control-label"> is not clickable at point (295,636) because another element <div class="fixed-bottom text-right text-light"> obscures it
Build info: version: '3.141.59', revision: 'e82be7d358', time: '2018-11-14T08:25:53'
System info: host: 'DESKTOP-H2NQ5S1', ip: '192.168.56.1', os.name: 'Windows 10', os.arch: 'amd64', os.version: '10.0', java.version: '1.8.0_171'
Driver info: org.openqa.selenium.firefox.FirefoxDriver
Capabilities {acceptInsecureCerts: true, browserName: firefox, browserVersion: 78.0.2, javascriptEnabled: true, moz:accessibilityChecks: false, moz:buildID: 20200708170202, moz:geckodriverVersion: 0.27.0, moz:headless: true, moz:processID: 10452, moz:profile: C:\Users\Administrator.DESK..., moz:shutdownTimeout: 60000, moz:useNonSpecCompliantPointerOrigin: false, moz:webdriverClick: true, pageLoadStrategy: normal, platform: WINDOWS, platformName: WINDOWS, platformVersion: 10.0, rotatable: false, setWindowRect: true, strictFileInteractability: false, timeouts: {implicit: 0, pageLoad: 300000, script: 30000}, unhandledPromptBehavior: dismiss and notify}
Session ID: 7d12672d-fbde-435a-9fe1-a74d3706f2c3
at sun.reflect.NativeConstructorAccessorImpl.newInstance0(Native Method)
at sun.reflect.NativeConstructorAccessorImpl.newInstance(NativeConstructorAccessorImpl.java:62)
at sun.reflect.DelegatingConstructorAccessorImpl.newInstance(DelegatingConstructorAccessorImpl.java:45)
at java.lang.reflect.Constructor.newInstance(Constructor.java:423)
at org.openqa.selenium.remote.http.W3CHttpResponseCodec.createException(W3CHttpResponseCodec.java:187)
at org.openqa.selenium.remote.http.W3CHttpResponseCodec.decode(W3CHttpResponseCodec.java:122)
at org.openqa.selenium.remote.http.W3CHttpResponseCodec.decode(W3CHttpResponseCodec.java:49)
at org.openqa.selenium.remote.HttpCommandExecutor.execute(HttpCommandExecutor.java:158)
at org.openqa.selenium.remote.service.DriverCommandExecutor.execute(DriverCommandExecutor.java:83)
at org.openqa.selenium.remote.RemoteWebDriver.execute(RemoteWebDriver.java:552)
at org.openqa.selenium.remote.RemoteWebElement.execute(RemoteWebElement.java:285)
at org.openqa.selenium.remote.RemoteWebElement.click(RemoteWebElement.java:84)
at com.webtest.core.WebDriverEngine.click(Unknown Source)
at com.webtest.ljjdemo.Friendship_link.test_friendship_link_add(Unknown Source)
at sun.reflect.NativeMethodAccessorImpl.invoke0(Native Method)
at sun.reflect.NativeMethodAccessorImpl.invoke(NativeMethodAccessorImpl.java:62)
at sun.reflect.DelegatingMethodAccessorImpl.invoke(DelegatingMethodAccessorImpl.java:43)
at java.lang.reflect.Method.invoke(Method.java:498)
at org.testng.internal.MethodInvocationHelper.invokeMethod(MethodInvocationHelper.java:134)
at org.testng.internal.TestInvoker.invokeMethod(TestInvoker.java:597)
at org.testng.internal.TestInvoker.invokeTestMethod(TestInvoker.java:173)
at org.testng.internal.MethodRunner.runInSequence(MethodRunner.java:46)
at org.testng.internal.TestInvoker$MethodInvocationAgent.invoke(TestInvoker.java:816)
at org.testng.internal.TestInvoker.invokeTestMethods(TestInvoker.java:146)
at org.testng.internal.TestMethodWorker.invokeTestMethods(TestMethodWorker.java:146)
at org.testng.internal.TestMethodWorker.run(TestMethodWorker.java:128)
at java.util.ArrayList.forEach(ArrayList.java:1257)
at org.testng.TestRunner.privateRun(TestRunner.java:766)
at org.testng.TestRunner.run(TestRunner.java:587)
at org.testng.SuiteRunner.runTest(SuiteRunner.java:384)
at org.testng.SuiteRunner.runSequentially(SuiteRunner.java:378)
at org.testng.SuiteRunner.privateRun(SuiteRunner.java:337)
at org.testng.SuiteRunner.run(SuiteRunner.java:286)
at org.testng.SuiteRunnerWorker.runSuite(SuiteRunnerWorker.java:53)
at org.testng.SuiteRunnerWorker.run(SuiteRunnerWorker.java:96)
at org.testng.TestNG.runSuitesSequentially(TestNG.java:1187)
at org.testng.TestNG.runSuitesLocally(TestNG.java:1109)
at org.testng.TestNG.runSuites(TestNG.java:1039)
at org.testng.TestNG.run(TestNG.java:1007)
at org.testng.TestNG.privateMain(TestNG.java:1336)
at org.testng.TestNG.main(TestNG.java:1304)
]]>
            </full-stacktrace>
          </exception> <!-- org.openqa.selenium.ElementClickInterceptedException -->
          <reporter-output>
          </reporter-output>
        </test-method> <!-- test_friendship_link_add -->
        <test-method status="PASS" signature="submitAndQuit()[pri:0, instance:com.webtest.ljjdemo.Friendship_link@5d5eef3d]" name="submitAndQuit" is-config="true" duration-ms="6723" started-at="2020-11-25T13:27:24 CST" finished-at="2020-11-25T13:27:31 CST">
          <reporter-output>
          </reporter-output>
        </test-method> <!-- submitAndQuit -->
        <test-method status="PASS" signature="doAfterMethod_2()[pri:0, instance:com.webtest.ljjdemo.Friendship_link@5d5eef3d]" name="doAfterMethod_2" is-config="true" duration-ms="737" started-at="2020-11-25T13:27:31 CST" finished-at="2020-11-25T13:27:31 CST">
          <reporter-output>
          </reporter-output>
        </test-method> <!-- doAfterMethod_2 -->
        <test-method status="PASS" signature="doBeforeClass()[pri:0, instance:com.webtest.ljjdemo.Friendship_link@5d5eef3d]" name="doBeforeClass" is-config="true" duration-ms="2820" started-at="2020-11-25T13:27:31 CST" finished-at="2020-11-25T13:27:34 CST">
          <reporter-output>
          </reporter-output>
        </test-method> <!-- doBeforeClass -->
        <test-method status="PASS" signature="login_to()[pri:0, instance:com.webtest.ljjdemo.Friendship_link@5d5eef3d]" name="login_to" is-config="true" duration-ms="6580" started-at="2020-11-25T13:27:34 CST" description="管理员登录" finished-at="2020-11-25T13:27:41 CST">
          <reporter-output>
          </reporter-output>
        </test-method> <!-- login_to -->
        <test-method status="FAIL" signature="test_friendship_link_add(java.lang.String, java.lang.String)[pri:0, instance:com.webtest.ljjdemo.Friendship_link@5d5eef3d]" name="test_friendship_link_add" duration-ms="3570" started-at="2020-11-25T13:27:41 CST" description="添加友情链接" data-provider="friendship_link_add" finished-at="2020-11-25T13:27:44 CST">
          <params>
            <param index="0">
              <value>
                <![CDATA[123]]>
              </value>
            </param>
            <param index="1">
              <value>
                <![CDATA[https://baidu.com]]>
              </value>
            </param>
          </params>
          <exception class="org.openqa.selenium.ElementClickInterceptedException">
            <message>
              <![CDATA[Element <label class="custom-control-label"> is not clickable at point (295,636) because another element <div class="fixed-bottom text-right text-light"> obscures it
Build info: version: '3.141.59', revision: 'e82be7d358', time: '2018-11-14T08:25:53'
System info: host: 'DESKTOP-H2NQ5S1', ip: '192.168.56.1', os.name: 'Windows 10', os.arch: 'amd64', os.version: '10.0', java.version: '1.8.0_171'
Driver info: org.openqa.selenium.firefox.FirefoxDriver
Capabilities {acceptInsecureCerts: true, browserName: firefox, browserVersion: 78.0.2, javascriptEnabled: true, moz:accessibilityChecks: false, moz:buildID: 20200708170202, moz:geckodriverVersion: 0.27.0, moz:headless: true, moz:processID: 13072, moz:profile: C:\Users\Administrator.DESK..., moz:shutdownTimeout: 60000, moz:useNonSpecCompliantPointerOrigin: false, moz:webdriverClick: true, pageLoadStrategy: normal, platform: WINDOWS, platformName: WINDOWS, platformVersion: 10.0, rotatable: false, setWindowRect: true, strictFileInteractability: false, timeouts: {implicit: 0, pageLoad: 300000, script: 30000}, unhandledPromptBehavior: dismiss and notify}
Session ID: 50953186-235a-4a44-a9a9-de4438cfb9af]]>
            </message>
            <full-stacktrace>
              <![CDATA[org.openqa.selenium.ElementClickInterceptedException: Element <label class="custom-control-label"> is not clickable at point (295,636) because another element <div class="fixed-bottom text-right text-light"> obscures it
Build info: version: '3.141.59', revision: 'e82be7d358', time: '2018-11-14T08:25:53'
System info: host: 'DESKTOP-H2NQ5S1', ip: '192.168.56.1', os.name: 'Windows 10', os.arch: 'amd64', os.version: '10.0', java.version: '1.8.0_171'
Driver info: org.openqa.selenium.firefox.FirefoxDriver
Capabilities {acceptInsecureCerts: true, browserName: firefox, browserVersion: 78.0.2, javascriptEnabled: true, moz:accessibilityChecks: false, moz:buildID: 20200708170202, moz:geckodriverVersion: 0.27.0, moz:headless: true, moz:processID: 13072, moz:profile: C:\Users\Administrator.DESK..., moz:shutdownTimeout: 60000, moz:useNonSpecCompliantPointerOrigin: false, moz:webdriverClick: true, pageLoadStrategy: normal, platform: WINDOWS, platformName: WINDOWS, platformVersion: 10.0, rotatable: false, setWindowRect: true, strictFileInteractability: false, timeouts: {implicit: 0, pageLoad: 300000, script: 30000}, unhandledPromptBehavior: dismiss and notify}
Session ID: 50953186-235a-4a44-a9a9-de4438cfb9af
at sun.reflect.NativeConstructorAccessorImpl.newInstance0(Native Method)
at sun.reflect.NativeConstructorAccessorImpl.newInstance(NativeConstructorAccessorImpl.java:62)
at sun.reflect.DelegatingConstructorAccessorImpl.newInstance(DelegatingConstructorAccessorImpl.java:45)
at java.lang.reflect.Constructor.newInstance(Constructor.java:423)
at org.openqa.selenium.remote.http.W3CHttpResponseCodec.createException(W3CHttpResponseCodec.java:187)
at org.openqa.selenium.remote.http.W3CHttpResponseCodec.decode(W3CHttpResponseCodec.java:122)
at org.openqa.selenium.remote.http.W3CHttpResponseCodec.decode(W3CHttpResponseCodec.java:49)
at org.openqa.selenium.remote.HttpCommandExecutor.execute(HttpCommandExecutor.java:158)
at org.openqa.selenium.remote.service.DriverCommandExecutor.execute(DriverCommandExecutor.java:83)
at org.openqa.selenium.remote.RemoteWebDriver.execute(RemoteWebDriver.java:552)
at org.openqa.selenium.remote.RemoteWebElement.execute(RemoteWebElement.java:285)
at org.openqa.selenium.remote.RemoteWebElement.click(RemoteWebElement.java:84)
at com.webtest.core.WebDriverEngine.click(Unknown Source)
at com.webtest.ljjdemo.Friendship_link.test_friendship_link_add(Unknown Source)
at sun.reflect.NativeMethodAccessorImpl.invoke0(Native Method)
at sun.reflect.NativeMethodAccessorImpl.invoke(NativeMethodAccessorImpl.java:62)
at sun.reflect.DelegatingMethodAccessorImpl.invoke(DelegatingMethodAccessorImpl.java:43)
at java.lang.reflect.Method.invoke(Method.java:498)
at org.testng.internal.MethodInvocationHelper.invokeMethod(MethodInvocationHelper.java:134)
at org.testng.internal.TestInvoker.invokeMethod(TestInvoker.java:597)
at org.testng.internal.TestInvoker.invokeTestMethod(TestInvoker.java:173)
at org.testng.internal.MethodRunner.runInSequence(MethodRunner.java:46)
at org.testng.internal.TestInvoker$MethodInvocationAgent.invoke(TestInvoker.java:816)
at org.testng.internal.TestInvoker.invokeTestMethods(TestInvoker.java:146)
at org.testng.internal.TestMethodWorker.invokeTestMethods(TestMethodWorker.java:146)
at org.testng.internal.TestMethodWorker.run(TestMethodWorker.java:128)
at java.util.ArrayList.forEach(ArrayList.java:1257)
at org.testng.TestRunner.privateRun(TestRunner.java:766)
at org.testng.TestRunner.run(TestRunner.java:587)
at org.testng.SuiteRunner.runTest(SuiteRunner.java:384)
at org.testng.SuiteRunner.runSequentially(SuiteRunner.java:378)
at org.testng.SuiteRunner.privateRun(SuiteRunner.java:337)
at org.testng.SuiteRunner.run(SuiteRunner.java:286)
at org.testng.SuiteRunnerWorker.runSuite(SuiteRunnerWorker.java:53)
at org.testng.SuiteRunnerWorker.run(SuiteRunnerWorker.java:96)
at org.testng.TestNG.runSuitesSequentially(TestNG.java:1187)
at org.testng.TestNG.runSuitesLocally(TestNG.java:1109)
at org.testng.TestNG.runSuites(TestNG.java:1039)
at org.testng.TestNG.run(TestNG.java:1007)
at org.testng.TestNG.privateMain(TestNG.java:1336)
at org.testng.TestNG.main(TestNG.java:1304)
]]>
            </full-stacktrace>
          </exception> <!-- org.openqa.selenium.ElementClickInterceptedException -->
          <reporter-output>
          </reporter-output>
        </test-method> <!-- test_friendship_link_add -->
        <test-method status="PASS" signature="submitAndQuit()[pri:0, instance:com.webtest.ljjdemo.Friendship_link@5d5eef3d]" name="submitAndQuit" is-config="true" duration-ms="6682" started-at="2020-11-25T13:27:44 CST" finished-at="2020-11-25T13:27:51 CST">
          <reporter-output>
          </reporter-output>
        </test-method> <!-- submitAndQuit -->
        <test-method status="PASS" signature="doAfterMethod_2()[pri:0, instance:com.webtest.ljjdemo.Friendship_link@5d5eef3d]" name="doAfterMethod_2" is-config="true" duration-ms="2648" started-at="2020-11-25T13:27:51 CST" finished-at="2020-11-25T13:27:54 CST">
          <reporter-output>
          </reporter-output>
        </test-method> <!-- doAfterMethod_2 -->
        <test-method status="PASS" signature="doBeforeClass()[pri:0, instance:com.webtest.ljjdemo.Friendship_link@5d5eef3d]" name="doBeforeClass" is-config="true" duration-ms="2770" started-at="2020-11-25T13:27:54 CST" finished-at="2020-11-25T13:27:56 CST">
          <reporter-output>
          </reporter-output>
        </test-method> <!-- doBeforeClass -->
        <test-method status="PASS" signature="login_to()[pri:0, instance:com.webtest.ljjdemo.Friendship_link@5d5eef3d]" name="login_to" is-config="true" duration-ms="6832" started-at="2020-11-25T13:27:56 CST" description="管理员登录" finished-at="2020-11-25T13:28:03 CST">
          <reporter-output>
          </reporter-output>
        </test-method> <!-- login_to -->
        <test-method status="FAIL" signature="test_friendship_link_add(java.lang.String, java.lang.String)[pri:0, instance:com.webtest.ljjdemo.Friendship_link@5d5eef3d]" name="test_friendship_link_add" duration-ms="3328" started-at="2020-11-25T13:28:03 CST" description="添加友情链接" data-provider="friendship_link_add" finished-at="2020-11-25T13:28:07 CST">
          <params>
            <param index="0">
              <value>
                <![CDATA[百度]]>
              </value>
            </param>
            <param index="1">
              <value>
                <![CDATA[www.baidu,com]]>
              </value>
            </param>
          </params>
          <exception class="org.openqa.selenium.ElementClickInterceptedException">
            <message>
              <![CDATA[Element <label class="custom-control-label"> is not clickable at point (295,636) because another element <div class="fixed-bottom text-right text-light"> obscures it
Build info: version: '3.141.59', revision: 'e82be7d358', time: '2018-11-14T08:25:53'
System info: host: 'DESKTOP-H2NQ5S1', ip: '192.168.56.1', os.name: 'Windows 10', os.arch: 'amd64', os.version: '10.0', java.version: '1.8.0_171'
Driver info: org.openqa.selenium.firefox.FirefoxDriver
Capabilities {acceptInsecureCerts: true, browserName: firefox, browserVersion: 78.0.2, javascriptEnabled: true, moz:accessibilityChecks: false, moz:buildID: 20200708170202, moz:geckodriverVersion: 0.27.0, moz:headless: true, moz:processID: 16920, moz:profile: C:\Users\Administrator.DESK..., moz:shutdownTimeout: 60000, moz:useNonSpecCompliantPointerOrigin: false, moz:webdriverClick: true, pageLoadStrategy: normal, platform: WINDOWS, platformName: WINDOWS, platformVersion: 10.0, rotatable: false, setWindowRect: true, strictFileInteractability: false, timeouts: {implicit: 0, pageLoad: 300000, script: 30000}, unhandledPromptBehavior: dismiss and notify}
Session ID: 37970966-3efe-44ab-8756-e19c6d272cc8]]>
            </message>
            <full-stacktrace>
              <![CDATA[org.openqa.selenium.ElementClickInterceptedException: Element <label class="custom-control-label"> is not clickable at point (295,636) because another element <div class="fixed-bottom text-right text-light"> obscures it
Build info: version: '3.141.59', revision: 'e82be7d358', time: '2018-11-14T08:25:53'
System info: host: 'DESKTOP-H2NQ5S1', ip: '192.168.56.1', os.name: 'Windows 10', os.arch: 'amd64', os.version: '10.0', java.version: '1.8.0_171'
Driver info: org.openqa.selenium.firefox.FirefoxDriver
Capabilities {acceptInsecureCerts: true, browserName: firefox, browserVersion: 78.0.2, javascriptEnabled: true, moz:accessibilityChecks: false, moz:buildID: 20200708170202, moz:geckodriverVersion: 0.27.0, moz:headless: true, moz:processID: 16920, moz:profile: C:\Users\Administrator.DESK..., moz:shutdownTimeout: 60000, moz:useNonSpecCompliantPointerOrigin: false, moz:webdriverClick: true, pageLoadStrategy: normal, platform: WINDOWS, platformName: WINDOWS, platformVersion: 10.0, rotatable: false, setWindowRect: true, strictFileInteractability: false, timeouts: {implicit: 0, pageLoad: 300000, script: 30000}, unhandledPromptBehavior: dismiss and notify}
Session ID: 37970966-3efe-44ab-8756-e19c6d272cc8
at sun.reflect.NativeConstructorAccessorImpl.newInstance0(Native Method)
at sun.reflect.NativeConstructorAccessorImpl.newInstance(NativeConstructorAccessorImpl.java:62)
at sun.reflect.DelegatingConstructorAccessorImpl.newInstance(DelegatingConstructorAccessorImpl.java:45)
at java.lang.reflect.Constructor.newInstance(Constructor.java:423)
at org.openqa.selenium.remote.http.W3CHttpResponseCodec.createException(W3CHttpResponseCodec.java:187)
at org.openqa.selenium.remote.http.W3CHttpResponseCodec.decode(W3CHttpResponseCodec.java:122)
at org.openqa.selenium.remote.http.W3CHttpResponseCodec.decode(W3CHttpResponseCodec.java:49)
at org.openqa.selenium.remote.HttpCommandExecutor.execute(HttpCommandExecutor.java:158)
at org.openqa.selenium.remote.service.DriverCommandExecutor.execute(DriverCommandExecutor.java:83)
at org.openqa.selenium.remote.RemoteWebDriver.execute(RemoteWebDriver.java:552)
at org.openqa.selenium.remote.RemoteWebElement.execute(RemoteWebElement.java:285)
at org.openqa.selenium.remote.RemoteWebElement.click(RemoteWebElement.java:84)
at com.webtest.core.WebDriverEngine.click(Unknown Source)
at com.webtest.ljjdemo.Friendship_link.test_friendship_link_add(Unknown Source)
at sun.reflect.NativeMethodAccessorImpl.invoke0(Native Method)
at sun.reflect.NativeMethodAccessorImpl.invoke(NativeMethodAccessorImpl.java:62)
at sun.reflect.DelegatingMethodAccessorImpl.invoke(DelegatingMethodAccessorImpl.java:43)
at java.lang.reflect.Method.invoke(Method.java:498)
at org.testng.internal.MethodInvocationHelper.invokeMethod(MethodInvocationHelper.java:134)
at org.testng.internal.TestInvoker.invokeMethod(TestInvoker.java:597)
at org.testng.internal.TestInvoker.invokeTestMethod(TestInvoker.java:173)
at org.testng.internal.MethodRunner.runInSequence(MethodRunner.java:46)
at org.testng.internal.TestInvoker$MethodInvocationAgent.invoke(TestInvoker.java:816)
at org.testng.internal.TestInvoker.invokeTestMethods(TestInvoker.java:146)
at org.testng.internal.TestMethodWorker.invokeTestMethods(TestMethodWorker.java:146)
at org.testng.internal.TestMethodWorker.run(TestMethodWorker.java:128)
at java.util.ArrayList.forEach(ArrayList.java:1257)
at org.testng.TestRunner.privateRun(TestRunner.java:766)
at org.testng.TestRunner.run(TestRunner.java:587)
at org.testng.SuiteRunner.runTest(SuiteRunner.java:384)
at org.testng.SuiteRunner.runSequentially(SuiteRunner.java:378)
at org.testng.SuiteRunner.privateRun(SuiteRunner.java:337)
at org.testng.SuiteRunner.run(SuiteRunner.java:286)
at org.testng.SuiteRunnerWorker.runSuite(SuiteRunnerWorker.java:53)
at org.testng.SuiteRunnerWorker.run(SuiteRunnerWorker.java:96)
at org.testng.TestNG.runSuitesSequentially(TestNG.java:1187)
at org.testng.TestNG.runSuitesLocally(TestNG.java:1109)
at org.testng.TestNG.runSuites(TestNG.java:1039)
at org.testng.TestNG.run(TestNG.java:1007)
at org.testng.TestNG.privateMain(TestNG.java:1336)
at org.testng.TestNG.main(TestNG.java:1304)
]]>
            </full-stacktrace>
          </exception> <!-- org.openqa.selenium.ElementClickInterceptedException -->
          <reporter-output>
          </reporter-output>
        </test-method> <!-- test_friendship_link_add -->
        <test-method status="PASS" signature="submitAndQuit()[pri:0, instance:com.webtest.ljjdemo.Friendship_link@5d5eef3d]" name="submitAndQuit" is-config="true" duration-ms="6690" started-at="2020-11-25T13:28:07 CST" finished-at="2020-11-25T13:28:13 CST">
          <reporter-output>
          </reporter-output>
        </test-method> <!-- submitAndQuit -->
        <test-method status="PASS" signature="doAfterMethod_2()[pri:0, instance:com.webtest.ljjdemo.Friendship_link@5d5eef3d]" name="doAfterMethod_2" is-config="true" duration-ms="2750" started-at="2020-11-25T13:28:13 CST" finished-at="2020-11-25T13:28:16 CST">
          <reporter-output>
          </reporter-output>
        </test-method> <!-- doAfterMethod_2 -->
        <test-method status="PASS" signature="doBeforeClass()[pri:0, instance:com.webtest.ljjdemo.Friendship_link@5d5eef3d]" name="doBeforeClass" is-config="true" duration-ms="2771" started-at="2020-11-25T13:28:16 CST" finished-at="2020-11-25T13:28:19 CST">
          <reporter-output>
          </reporter-output>
        </test-method> <!-- doBeforeClass -->
        <test-method status="PASS" signature="login_to()[pri:0, instance:com.webtest.ljjdemo.Friendship_link@5d5eef3d]" name="login_to" is-config="true" duration-ms="6589" started-at="2020-11-25T13:28:19 CST" description="管理员登录" finished-at="2020-11-25T13:28:25 CST">
          <reporter-output>
          </reporter-output>
        </test-method> <!-- login_to -->
        <test-method status="FAIL" signature="test_friendship_link_add(java.lang.String, java.lang.String)[pri:0, instance:com.webtest.ljjdemo.Friendship_link@5d5eef3d]" name="test_friendship_link_add" duration-ms="3563" started-at="2020-11-25T13:28:25 CST" description="添加友情链接" data-provider="friendship_link_add" finished-at="2020-11-25T13:28:29 CST">
          <params>
            <param index="0">
              <value>
                <![CDATA[#￥%]]>
              </value>
            </param>
            <param index="1">
              <value>
                <![CDATA[www.baidu,com]]>
              </value>
            </param>
          </params>
          <exception class="org.openqa.selenium.ElementClickInterceptedException">
            <message>
              <![CDATA[Element <label class="custom-control-label"> is not clickable at point (295,636) because another element <div class="fixed-bottom text-right text-light"> obscures it
Build info: version: '3.141.59', revision: 'e82be7d358', time: '2018-11-14T08:25:53'
System info: host: 'DESKTOP-H2NQ5S1', ip: '192.168.56.1', os.name: 'Windows 10', os.arch: 'amd64', os.version: '10.0', java.version: '1.8.0_171'
Driver info: org.openqa.selenium.firefox.FirefoxDriver
Capabilities {acceptInsecureCerts: true, browserName: firefox, browserVersion: 78.0.2, javascriptEnabled: true, moz:accessibilityChecks: false, moz:buildID: 20200708170202, moz:geckodriverVersion: 0.27.0, moz:headless: true, moz:processID: 16204, moz:profile: C:\Users\Administrator.DESK..., moz:shutdownTimeout: 60000, moz:useNonSpecCompliantPointerOrigin: false, moz:webdriverClick: true, pageLoadStrategy: normal, platform: WINDOWS, platformName: WINDOWS, platformVersion: 10.0, rotatable: false, setWindowRect: true, strictFileInteractability: false, timeouts: {implicit: 0, pageLoad: 300000, script: 30000}, unhandledPromptBehavior: dismiss and notify}
Session ID: f0b005a8-ff74-42ef-b369-3cf9b689e4f5]]>
            </message>
            <full-stacktrace>
              <![CDATA[org.openqa.selenium.ElementClickInterceptedException: Element <label class="custom-control-label"> is not clickable at point (295,636) because another element <div class="fixed-bottom text-right text-light"> obscures it
Build info: version: '3.141.59', revision: 'e82be7d358', time: '2018-11-14T08:25:53'
System info: host: 'DESKTOP-H2NQ5S1', ip: '192.168.56.1', os.name: 'Windows 10', os.arch: 'amd64', os.version: '10.0', java.version: '1.8.0_171'
Driver info: org.openqa.selenium.firefox.FirefoxDriver
Capabilities {acceptInsecureCerts: true, browserName: firefox, browserVersion: 78.0.2, javascriptEnabled: true, moz:accessibilityChecks: false, moz:buildID: 20200708170202, moz:geckodriverVersion: 0.27.0, moz:headless: true, moz:processID: 16204, moz:profile: C:\Users\Administrator.DESK..., moz:shutdownTimeout: 60000, moz:useNonSpecCompliantPointerOrigin: false, moz:webdriverClick: true, pageLoadStrategy: normal, platform: WINDOWS, platformName: WINDOWS, platformVersion: 10.0, rotatable: false, setWindowRect: true, strictFileInteractability: false, timeouts: {implicit: 0, pageLoad: 300000, script: 30000}, unhandledPromptBehavior: dismiss and notify}
Session ID: f0b005a8-ff74-42ef-b369-3cf9b689e4f5
at sun.reflect.NativeConstructorAccessorImpl.newInstance0(Native Method)
at sun.reflect.NativeConstructorAccessorImpl.newInstance(NativeConstructorAccessorImpl.java:62)
at sun.reflect.DelegatingConstructorAccessorImpl.newInstance(DelegatingConstructorAccessorImpl.java:45)
at java.lang.reflect.Constructor.newInstance(Constructor.java:423)
at org.openqa.selenium.remote.http.W3CHttpResponseCodec.createException(W3CHttpResponseCodec.java:187)
at org.openqa.selenium.remote.http.W3CHttpResponseCodec.decode(W3CHttpResponseCodec.java:122)
at org.openqa.selenium.remote.http.W3CHttpResponseCodec.decode(W3CHttpResponseCodec.java:49)
at org.openqa.selenium.remote.HttpCommandExecutor.execute(HttpCommandExecutor.java:158)
at org.openqa.selenium.remote.service.DriverCommandExecutor.execute(DriverCommandExecutor.java:83)
at org.openqa.selenium.remote.RemoteWebDriver.execute(RemoteWebDriver.java:552)
at org.openqa.selenium.remote.RemoteWebElement.execute(RemoteWebElement.java:285)
at org.openqa.selenium.remote.RemoteWebElement.click(RemoteWebElement.java:84)
at com.webtest.core.WebDriverEngine.click(Unknown Source)
at com.webtest.ljjdemo.Friendship_link.test_friendship_link_add(Unknown Source)
at sun.reflect.NativeMethodAccessorImpl.invoke0(Native Method)
at sun.reflect.NativeMethodAccessorImpl.invoke(NativeMethodAccessorImpl.java:62)
at sun.reflect.DelegatingMethodAccessorImpl.invoke(DelegatingMethodAccessorImpl.java:43)
at java.lang.reflect.Method.invoke(Method.java:498)
at org.testng.internal.MethodInvocationHelper.invokeMethod(MethodInvocationHelper.java:134)
at org.testng.internal.TestInvoker.invokeMethod(TestInvoker.java:597)
at org.testng.internal.TestInvoker.invokeTestMethod(TestInvoker.java:173)
at org.testng.internal.MethodRunner.runInSequence(MethodRunner.java:46)
at org.testng.internal.TestInvoker$MethodInvocationAgent.invoke(TestInvoker.java:816)
at org.testng.internal.TestInvoker.invokeTestMethods(TestInvoker.java:146)
at org.testng.internal.TestMethodWorker.invokeTestMethods(TestMethodWorker.java:146)
at org.testng.internal.TestMethodWorker.run(TestMethodWorker.java:128)
at java.util.ArrayList.forEach(ArrayList.java:1257)
at org.testng.TestRunner.privateRun(TestRunner.java:766)
at org.testng.TestRunner.run(TestRunner.java:587)
at org.testng.SuiteRunner.runTest(SuiteRunner.java:384)
at org.testng.SuiteRunner.runSequentially(SuiteRunner.java:378)
at org.testng.SuiteRunner.privateRun(SuiteRunner.java:337)
at org.testng.SuiteRunner.run(SuiteRunner.java:286)
at org.testng.SuiteRunnerWorker.runSuite(SuiteRunnerWorker.java:53)
at org.testng.SuiteRunnerWorker.run(SuiteRunnerWorker.java:96)
at org.testng.TestNG.runSuitesSequentially(TestNG.java:1187)
at org.testng.TestNG.runSuitesLocally(TestNG.java:1109)
at org.testng.TestNG.runSuites(TestNG.java:1039)
at org.testng.TestNG.run(TestNG.java:1007)
at org.testng.TestNG.privateMain(TestNG.java:1336)
at org.testng.TestNG.main(TestNG.java:1304)
]]>
            </full-stacktrace>
          </exception> <!-- org.openqa.selenium.ElementClickInterceptedException -->
          <reporter-output>
          </reporter-output>
        </test-method> <!-- test_friendship_link_add -->
        <test-method status="PASS" signature="submitAndQuit()[pri:0, instance:com.webtest.ljjdemo.Friendship_link@5d5eef3d]" name="submitAndQuit" is-config="true" duration-ms="6615" started-at="2020-11-25T13:28:29 CST" finished-at="2020-11-25T13:28:36 CST">
          <reporter-output>
          </reporter-output>
        </test-method> <!-- submitAndQuit -->
        <test-method status="PASS" signature="doAfterMethod_2()[pri:0, instance:com.webtest.ljjdemo.Friendship_link@5d5eef3d]" name="doAfterMethod_2" is-config="true" duration-ms="2691" started-at="2020-11-25T13:28:36 CST" finished-at="2020-11-25T13:28:38 CST">
          <reporter-output>
          </reporter-output>
        </test-method> <!-- doAfterMethod_2 -->
        <test-method status="PASS" signature="doBeforeClass()[pri:0, instance:com.webtest.ljjdemo.Friendship_link@5d5eef3d]" name="doBeforeClass" is-config="true" duration-ms="2760" started-at="2020-11-25T13:28:38 CST" finished-at="2020-11-25T13:28:41 CST">
          <reporter-output>
          </reporter-output>
        </test-method> <!-- doBeforeClass -->
        <test-method status="PASS" signature="login_to()[pri:0, instance:com.webtest.ljjdemo.Friendship_link@5d5eef3d]" name="login_to" is-config="true" duration-ms="6700" started-at="2020-11-25T13:28:41 CST" description="管理员登录" finished-at="2020-11-25T13:28:48 CST">
          <reporter-output>
          </reporter-output>
        </test-method> <!-- login_to -->
        <test-method status="FAIL" signature="test_friendship_link_add(java.lang.String, java.lang.String)[pri:0, instance:com.webtest.ljjdemo.Friendship_link@5d5eef3d]" name="test_friendship_link_add" duration-ms="3410" started-at="2020-11-25T13:28:48 CST" description="添加友情链接" data-provider="friendship_link_add" finished-at="2020-11-25T13:28:51 CST">
          <params>
            <param index="0">
              <value>
                <![CDATA[哈哈哈哈哈哈哈哈哈哈哈哈哈哈哈哈哈哈哈哈哈哈哈哈哈哈哈哈哈哈哈哈哈哈哈哈哈哈哈哈哈哈哈哈哈哈哈哈哈哈哈哈哈哈哈哈哈哈哈哈哈哈哈哈哈哈哈哈哈哈哈哈哈哈哈哈哈哈哈哈哈哈哈哈哈哈哈哈哈哈哈哈哈哈哈哈哈哈哈哈哈哈哈哈哈哈哈哈哈哈哈哈哈哈哈哈哈哈哈哈哈哈哈哈哈哈哈哈哈哈哈哈哈哈哈哈哈哈哈哈哈哈哈哈哈哈哈哈哈哈哈哈哈哈哈哈哈哈哈哈哈哈哈哈哈哈哈哈哈哈哈哈哈哈哈哈哈哈哈哈哈哈哈哈哈哈哈哈哈哈哈哈哈哈哈哈哈哈哈哈]]>
              </value>
            </param>
            <param index="1">
              <value>
                <![CDATA[www.baidu,com]]>
              </value>
            </param>
          </params>
          <exception class="org.openqa.selenium.ElementClickInterceptedException">
            <message>
              <![CDATA[Element <label class="custom-control-label"> is not clickable at point (295,636) because another element <div class="fixed-bottom text-right text-light"> obscures it
Build info: version: '3.141.59', revision: 'e82be7d358', time: '2018-11-14T08:25:53'
System info: host: 'DESKTOP-H2NQ5S1', ip: '192.168.56.1', os.name: 'Windows 10', os.arch: 'amd64', os.version: '10.0', java.version: '1.8.0_171'
Driver info: org.openqa.selenium.firefox.FirefoxDriver
Capabilities {acceptInsecureCerts: true, browserName: firefox, browserVersion: 78.0.2, javascriptEnabled: true, moz:accessibilityChecks: false, moz:buildID: 20200708170202, moz:geckodriverVersion: 0.27.0, moz:headless: true, moz:processID: 11284, moz:profile: C:\Users\Administrator.DESK..., moz:shutdownTimeout: 60000, moz:useNonSpecCompliantPointerOrigin: false, moz:webdriverClick: true, pageLoadStrategy: normal, platform: WINDOWS, platformName: WINDOWS, platformVersion: 10.0, rotatable: false, setWindowRect: true, strictFileInteractability: false, timeouts: {implicit: 0, pageLoad: 300000, script: 30000}, unhandledPromptBehavior: dismiss and notify}
Session ID: d416b64a-adea-4c69-acb9-928ec410ed1b]]>
            </message>
            <full-stacktrace>
              <![CDATA[org.openqa.selenium.ElementClickInterceptedException: Element <label class="custom-control-label"> is not clickable at point (295,636) because another element <div class="fixed-bottom text-right text-light"> obscures it
Build info: version: '3.141.59', revision: 'e82be7d358', time: '2018-11-14T08:25:53'
System info: host: 'DESKTOP-H2NQ5S1', ip: '192.168.56.1', os.name: 'Windows 10', os.arch: 'amd64', os.version: '10.0', java.version: '1.8.0_171'
Driver info: org.openqa.selenium.firefox.FirefoxDriver
Capabilities {acceptInsecureCerts: true, browserName: firefox, browserVersion: 78.0.2, javascriptEnabled: true, moz:accessibilityChecks: false, moz:buildID: 20200708170202, moz:geckodriverVersion: 0.27.0, moz:headless: true, moz:processID: 11284, moz:profile: C:\Users\Administrator.DESK..., moz:shutdownTimeout: 60000, moz:useNonSpecCompliantPointerOrigin: false, moz:webdriverClick: true, pageLoadStrategy: normal, platform: WINDOWS, platformName: WINDOWS, platformVersion: 10.0, rotatable: false, setWindowRect: true, strictFileInteractability: false, timeouts: {implicit: 0, pageLoad: 300000, script: 30000}, unhandledPromptBehavior: dismiss and notify}
Session ID: d416b64a-adea-4c69-acb9-928ec410ed1b
at sun.reflect.NativeConstructorAccessorImpl.newInstance0(Native Method)
at sun.reflect.NativeConstructorAccessorImpl.newInstance(NativeConstructorAccessorImpl.java:62)
at sun.reflect.DelegatingConstructorAccessorImpl.newInstance(DelegatingConstructorAccessorImpl.java:45)
at java.lang.reflect.Constructor.newInstance(Constructor.java:423)
at org.openqa.selenium.remote.http.W3CHttpResponseCodec.createException(W3CHttpResponseCodec.java:187)
at org.openqa.selenium.remote.http.W3CHttpResponseCodec.decode(W3CHttpResponseCodec.java:122)
at org.openqa.selenium.remote.http.W3CHttpResponseCodec.decode(W3CHttpResponseCodec.java:49)
at org.openqa.selenium.remote.HttpCommandExecutor.execute(HttpCommandExecutor.java:158)
at org.openqa.selenium.remote.service.DriverCommandExecutor.execute(DriverCommandExecutor.java:83)
at org.openqa.selenium.remote.RemoteWebDriver.execute(RemoteWebDriver.java:552)
at org.openqa.selenium.remote.RemoteWebElement.execute(RemoteWebElement.java:285)
at org.openqa.selenium.remote.RemoteWebElement.click(RemoteWebElement.java:84)
at com.webtest.core.WebDriverEngine.click(Unknown Source)
at com.webtest.ljjdemo.Friendship_link.test_friendship_link_add(Unknown Source)
at sun.reflect.NativeMethodAccessorImpl.invoke0(Native Method)
at sun.reflect.NativeMethodAccessorImpl.invoke(NativeMethodAccessorImpl.java:62)
at sun.reflect.DelegatingMethodAccessorImpl.invoke(DelegatingMethodAccessorImpl.java:43)
at java.lang.reflect.Method.invoke(Method.java:498)
at org.testng.internal.MethodInvocationHelper.invokeMethod(MethodInvocationHelper.java:134)
at org.testng.internal.TestInvoker.invokeMethod(TestInvoker.java:597)
at org.testng.internal.TestInvoker.invokeTestMethod(TestInvoker.java:173)
at org.testng.internal.MethodRunner.runInSequence(MethodRunner.java:46)
at org.testng.internal.TestInvoker$MethodInvocationAgent.invoke(TestInvoker.java:816)
at org.testng.internal.TestInvoker.invokeTestMethods(TestInvoker.java:146)
at org.testng.internal.TestMethodWorker.invokeTestMethods(TestMethodWorker.java:146)
at org.testng.internal.TestMethodWorker.run(TestMethodWorker.java:128)
at java.util.ArrayList.forEach(ArrayList.java:1257)
at org.testng.TestRunner.privateRun(TestRunner.java:766)
at org.testng.TestRunner.run(TestRunner.java:587)
at org.testng.SuiteRunner.runTest(SuiteRunner.java:384)
at org.testng.SuiteRunner.runSequentially(SuiteRunner.java:378)
at org.testng.SuiteRunner.privateRun(SuiteRunner.java:337)
at org.testng.SuiteRunner.run(SuiteRunner.java:286)
at org.testng.SuiteRunnerWorker.runSuite(SuiteRunnerWorker.java:53)
at org.testng.SuiteRunnerWorker.run(SuiteRunnerWorker.java:96)
at org.testng.TestNG.runSuitesSequentially(TestNG.java:1187)
at org.testng.TestNG.runSuitesLocally(TestNG.java:1109)
at org.testng.TestNG.runSuites(TestNG.java:1039)
at org.testng.TestNG.run(TestNG.java:1007)
at org.testng.TestNG.privateMain(TestNG.java:1336)
at org.testng.TestNG.main(TestNG.java:1304)
]]>
            </full-stacktrace>
          </exception> <!-- org.openqa.selenium.ElementClickInterceptedException -->
          <reporter-output>
          </reporter-output>
        </test-method> <!-- test_friendship_link_add -->
        <test-method status="PASS" signature="submitAndQuit()[pri:0, instance:com.webtest.ljjdemo.Friendship_link@5d5eef3d]" name="submitAndQuit" is-config="true" duration-ms="6470" started-at="2020-11-25T13:28:51 CST" finished-at="2020-11-25T13:28:58 CST">
          <reporter-output>
          </reporter-output>
        </test-method> <!-- submitAndQuit -->
        <test-method status="PASS" signature="doAfterMethod_2()[pri:0, instance:com.webtest.ljjdemo.Friendship_link@5d5eef3d]" name="doAfterMethod_2" is-config="true" duration-ms="740" started-at="2020-11-25T13:28:58 CST" finished-at="2020-11-25T13:28:58 CST">
          <reporter-output>
          </reporter-output>
        </test-method> <!-- doAfterMethod_2 -->
        <test-method status="PASS" signature="doBeforeClass()[pri:0, instance:com.webtest.ljjdemo.Friendship_link@5d5eef3d]" name="doBeforeClass" is-config="true" duration-ms="2779" started-at="2020-11-25T13:28:58 CST" finished-at="2020-11-25T13:29:01 CST">
          <reporter-output>
          </reporter-output>
        </test-method> <!-- doBeforeClass -->
        <test-method status="PASS" signature="login_to()[pri:0, instance:com.webtest.ljjdemo.Friendship_link@5d5eef3d]" name="login_to" is-config="true" duration-ms="6591" started-at="2020-11-25T13:29:01 CST" description="管理员登录" finished-at="2020-11-25T13:29:08 CST">
          <reporter-output>
          </reporter-output>
        </test-method> <!-- login_to -->
        <test-method status="FAIL" signature="test_friendship_link_add(java.lang.String, java.lang.String)[pri:0, instance:com.webtest.ljjdemo.Friendship_link@5d5eef3d]" name="test_friendship_link_add" duration-ms="3349" started-at="2020-11-25T13:29:08 CST" description="添加友情链接" data-provider="friendship_link_add" finished-at="2020-11-25T13:29:11 CST">
          <params>
            <param index="0">
              <value>
                <![CDATA[123]]>
              </value>
            </param>
            <param index="1">
              <value>
                <![CDATA[www.baidu,com]]>
              </value>
            </param>
          </params>
          <exception class="org.openqa.selenium.ElementClickInterceptedException">
            <message>
              <![CDATA[Element <label class="custom-control-label"> is not clickable at point (295,636) because another element <div class="fixed-bottom text-right text-light"> obscures it
Build info: version: '3.141.59', revision: 'e82be7d358', time: '2018-11-14T08:25:53'
System info: host: 'DESKTOP-H2NQ5S1', ip: '192.168.56.1', os.name: 'Windows 10', os.arch: 'amd64', os.version: '10.0', java.version: '1.8.0_171'
Driver info: org.openqa.selenium.firefox.FirefoxDriver
Capabilities {acceptInsecureCerts: true, browserName: firefox, browserVersion: 78.0.2, javascriptEnabled: true, moz:accessibilityChecks: false, moz:buildID: 20200708170202, moz:geckodriverVersion: 0.27.0, moz:headless: true, moz:processID: 13520, moz:profile: C:\Users\Administrator.DESK..., moz:shutdownTimeout: 60000, moz:useNonSpecCompliantPointerOrigin: false, moz:webdriverClick: true, pageLoadStrategy: normal, platform: WINDOWS, platformName: WINDOWS, platformVersion: 10.0, rotatable: false, setWindowRect: true, strictFileInteractability: false, timeouts: {implicit: 0, pageLoad: 300000, script: 30000}, unhandledPromptBehavior: dismiss and notify}
Session ID: 5c3839c4-2886-4e95-b90d-8291834458e2]]>
            </message>
            <full-stacktrace>
              <![CDATA[org.openqa.selenium.ElementClickInterceptedException: Element <label class="custom-control-label"> is not clickable at point (295,636) because another element <div class="fixed-bottom text-right text-light"> obscures it
Build info: version: '3.141.59', revision: 'e82be7d358', time: '2018-11-14T08:25:53'
System info: host: 'DESKTOP-H2NQ5S1', ip: '192.168.56.1', os.name: 'Windows 10', os.arch: 'amd64', os.version: '10.0', java.version: '1.8.0_171'
Driver info: org.openqa.selenium.firefox.FirefoxDriver
Capabilities {acceptInsecureCerts: true, browserName: firefox, browserVersion: 78.0.2, javascriptEnabled: true, moz:accessibilityChecks: false, moz:buildID: 20200708170202, moz:geckodriverVersion: 0.27.0, moz:headless: true, moz:processID: 13520, moz:profile: C:\Users\Administrator.DESK..., moz:shutdownTimeout: 60000, moz:useNonSpecCompliantPointerOrigin: false, moz:webdriverClick: true, pageLoadStrategy: normal, platform: WINDOWS, platformName: WINDOWS, platformVersion: 10.0, rotatable: false, setWindowRect: true, strictFileInteractability: false, timeouts: {implicit: 0, pageLoad: 300000, script: 30000}, unhandledPromptBehavior: dismiss and notify}
Session ID: 5c3839c4-2886-4e95-b90d-8291834458e2
at sun.reflect.GeneratedConstructorAccessor35.newInstance(Unknown Source)
at sun.reflect.DelegatingConstructorAccessorImpl.newInstance(DelegatingConstructorAccessorImpl.java:45)
at java.lang.reflect.Constructor.newInstance(Constructor.java:423)
at org.openqa.selenium.remote.http.W3CHttpResponseCodec.createException(W3CHttpResponseCodec.java:187)
at org.openqa.selenium.remote.http.W3CHttpResponseCodec.decode(W3CHttpResponseCodec.java:122)
at org.openqa.selenium.remote.http.W3CHttpResponseCodec.decode(W3CHttpResponseCodec.java:49)
at org.openqa.selenium.remote.HttpCommandExecutor.execute(HttpCommandExecutor.java:158)
at org.openqa.selenium.remote.service.DriverCommandExecutor.execute(DriverCommandExecutor.java:83)
at org.openqa.selenium.remote.RemoteWebDriver.execute(RemoteWebDriver.java:552)
at org.openqa.selenium.remote.RemoteWebElement.execute(RemoteWebElement.java:285)
at org.openqa.selenium.remote.RemoteWebElement.click(RemoteWebElement.java:84)
at com.webtest.core.WebDriverEngine.click(Unknown Source)
at com.webtest.ljjdemo.Friendship_link.test_friendship_link_add(Unknown Source)
at sun.reflect.NativeMethodAccessorImpl.invoke0(Native Method)
at sun.reflect.NativeMethodAccessorImpl.invoke(NativeMethodAccessorImpl.java:62)
at sun.reflect.DelegatingMethodAccessorImpl.invoke(DelegatingMethodAccessorImpl.java:43)
at java.lang.reflect.Method.invoke(Method.java:498)
at org.testng.internal.MethodInvocationHelper.invokeMethod(MethodInvocationHelper.java:134)
at org.testng.internal.TestInvoker.invokeMethod(TestInvoker.java:597)
at org.testng.internal.TestInvoker.invokeTestMethod(TestInvoker.java:173)
at org.testng.internal.MethodRunner.runInSequence(MethodRunner.java:46)
at org.testng.internal.TestInvoker$MethodInvocationAgent.invoke(TestInvoker.java:816)
at org.testng.internal.TestInvoker.invokeTestMethods(TestInvoker.java:146)
at org.testng.internal.TestMethodWorker.invokeTestMethods(TestMethodWorker.java:146)
at org.testng.internal.TestMethodWorker.run(TestMethodWorker.java:128)
at java.util.ArrayList.forEach(ArrayList.java:1257)
at org.testng.TestRunner.privateRun(TestRunner.java:766)
at org.testng.TestRunner.run(TestRunner.java:587)
at org.testng.SuiteRunner.runTest(SuiteRunner.java:384)
at org.testng.SuiteRunner.runSequentially(SuiteRunner.java:378)
at org.testng.SuiteRunner.privateRun(SuiteRunner.java:337)
at org.testng.SuiteRunner.run(SuiteRunner.java:286)
at org.testng.SuiteRunnerWorker.runSuite(SuiteRunnerWorker.java:53)
at org.testng.SuiteRunnerWorker.run(SuiteRunnerWorker.java:96)
at org.testng.TestNG.runSuitesSequentially(TestNG.java:1187)
at org.testng.TestNG.runSuitesLocally(TestNG.java:1109)
at org.testng.TestNG.runSuites(TestNG.java:1039)
at org.testng.TestNG.run(TestNG.java:1007)
at org.testng.TestNG.privateMain(TestNG.java:1336)
at org.testng.TestNG.main(TestNG.java:1304)
]]>
            </full-stacktrace>
          </exception> <!-- org.openqa.selenium.ElementClickInterceptedException -->
          <reporter-output>
          </reporter-output>
        </test-method> <!-- test_friendship_link_add -->
        <test-method status="PASS" signature="submitAndQuit()[pri:0, instance:com.webtest.ljjdemo.Friendship_link@5d5eef3d]" name="submitAndQuit" is-config="true" duration-ms="6651" started-at="2020-11-25T13:29:11 CST" finished-at="2020-11-25T13:29:18 CST">
          <reporter-output>
          </reporter-output>
        </test-method> <!-- submitAndQuit -->
        <test-method status="PASS" signature="doAfterMethod_2()[pri:0, instance:com.webtest.ljjdemo.Friendship_link@5d5eef3d]" name="doAfterMethod_2" is-config="true" duration-ms="2710" started-at="2020-11-25T13:29:18 CST" finished-at="2020-11-25T13:29:20 CST">
          <reporter-output>
          </reporter-output>
        </test-method> <!-- doAfterMethod_2 -->
        <test-method status="PASS" signature="doBeforeClass()[pri:0, instance:com.webtest.ljjdemo.Friendship_link@5d5eef3d]" name="doBeforeClass" is-config="true" duration-ms="2867" started-at="2020-11-25T13:29:20 CST" finished-at="2020-11-25T13:29:23 CST">
          <reporter-output>
          </reporter-output>
        </test-method> <!-- doBeforeClass -->
        <test-method status="PASS" signature="login_to()[pri:0, instance:com.webtest.ljjdemo.Friendship_link@5d5eef3d]" name="login_to" is-config="true" duration-ms="6600" started-at="2020-11-25T13:29:23 CST" description="管理员登录" finished-at="2020-11-25T13:29:30 CST">
          <reporter-output>
          </reporter-output>
        </test-method> <!-- login_to -->
        <test-method status="PASS" signature="test_friendship_link_sort(java.lang.String)[pri:0, instance:com.webtest.ljjdemo.Friendship_link@5d5eef3d]" name="test_friendship_link_sort" duration-ms="6680" started-at="2020-11-25T13:29:30 CST" description="友情链接排序" data-provider="friendship_link_sort" finished-at="2020-11-25T13:29:37 CST">
          <params>
            <param index="0">
              <value>
                <![CDATA[0]]>
              </value>
            </param>
          </params>
          <reporter-output>
          </reporter-output>
        </test-method> <!-- test_friendship_link_sort -->
        <test-method status="PASS" signature="submitAndQuit()[pri:0, instance:com.webtest.ljjdemo.Friendship_link@5d5eef3d]" name="submitAndQuit" is-config="true" duration-ms="3393" started-at="2020-11-25T13:29:37 CST" finished-at="2020-11-25T13:29:40 CST">
          <reporter-output>
          </reporter-output>
        </test-method> <!-- submitAndQuit -->
        <test-method status="PASS" signature="doAfterMethod_2()[pri:0, instance:com.webtest.ljjdemo.Friendship_link@5d5eef3d]" name="doAfterMethod_2" is-config="true" duration-ms="2776" started-at="2020-11-25T13:29:40 CST" finished-at="2020-11-25T13:29:43 CST">
          <reporter-output>
          </reporter-output>
        </test-method> <!-- doAfterMethod_2 -->
        <test-method status="PASS" signature="doBeforeClass()[pri:0, instance:com.webtest.ljjdemo.Friendship_link@5d5eef3d]" name="doBeforeClass" is-config="true" duration-ms="2850" started-at="2020-11-25T13:29:43 CST" finished-at="2020-11-25T13:29:46 CST">
          <reporter-output>
          </reporter-output>
        </test-method> <!-- doBeforeClass -->
        <test-method status="PASS" signature="login_to()[pri:0, instance:com.webtest.ljjdemo.Friendship_link@5d5eef3d]" name="login_to" is-config="true" duration-ms="6560" started-at="2020-11-25T13:29:46 CST" description="管理员登录" finished-at="2020-11-25T13:29:52 CST">
          <reporter-output>
          </reporter-output>
        </test-method> <!-- login_to -->
        <test-method status="PASS" signature="test_friendship_link_sort(java.lang.String)[pri:0, instance:com.webtest.ljjdemo.Friendship_link@5d5eef3d]" name="test_friendship_link_sort" duration-ms="6620" started-at="2020-11-25T13:29:52 CST" description="友情链接排序" data-provider="friendship_link_sort" finished-at="2020-11-25T13:29:59 CST">
          <params>
            <param index="0">
              <value>
                <![CDATA[10]]>
              </value>
            </param>
          </params>
          <reporter-output>
          </reporter-output>
        </test-method> <!-- test_friendship_link_sort -->
        <test-method status="PASS" signature="submitAndQuit()[pri:0, instance:com.webtest.ljjdemo.Friendship_link@5d5eef3d]" name="submitAndQuit" is-config="true" duration-ms="3353" started-at="2020-11-25T13:29:59 CST" finished-at="2020-11-25T13:30:02 CST">
          <reporter-output>
          </reporter-output>
        </test-method> <!-- submitAndQuit -->
        <test-method status="PASS" signature="doAfterMethod_2()[pri:0, instance:com.webtest.ljjdemo.Friendship_link@5d5eef3d]" name="doAfterMethod_2" is-config="true" duration-ms="2747" started-at="2020-11-25T13:30:02 CST" finished-at="2020-11-25T13:30:05 CST">
          <reporter-output>
          </reporter-output>
        </test-method> <!-- doAfterMethod_2 -->
        <test-method status="PASS" signature="doBeforeClass()[pri:0, instance:com.webtest.ljjdemo.Friendship_link@5d5eef3d]" name="doBeforeClass" is-config="true" duration-ms="2819" started-at="2020-11-25T13:30:05 CST" finished-at="2020-11-25T13:30:08 CST">
          <reporter-output>
          </reporter-output>
        </test-method> <!-- doBeforeClass -->
        <test-method status="PASS" signature="login_to()[pri:0, instance:com.webtest.ljjdemo.Friendship_link@5d5eef3d]" name="login_to" is-config="true" duration-ms="6801" started-at="2020-11-25T13:30:08 CST" description="管理员登录" finished-at="2020-11-25T13:30:14 CST">
          <reporter-output>
          </reporter-output>
        </test-method> <!-- login_to -->
        <test-method status="PASS" signature="test_friendship_link_sort(java.lang.String)[pri:0, instance:com.webtest.ljjdemo.Friendship_link@5d5eef3d]" name="test_friendship_link_sort" duration-ms="6499" started-at="2020-11-25T13:30:14 CST" description="友情链接排序" data-provider="friendship_link_sort" finished-at="2020-11-25T13:30:21 CST">
          <params>
            <param index="0">
              <value>
                <![CDATA[1234567890]]>
              </value>
            </param>
          </params>
          <reporter-output>
          </reporter-output>
        </test-method> <!-- test_friendship_link_sort -->
        <test-method status="PASS" signature="submitAndQuit()[pri:0, instance:com.webtest.ljjdemo.Friendship_link@5d5eef3d]" name="submitAndQuit" is-config="true" duration-ms="3368" started-at="2020-11-25T13:30:21 CST" finished-at="2020-11-25T13:30:24 CST">
          <reporter-output>
          </reporter-output>
        </test-method> <!-- submitAndQuit -->
        <test-method status="PASS" signature="doAfterMethod_2()[pri:0, instance:com.webtest.ljjdemo.Friendship_link@5d5eef3d]" name="doAfterMethod_2" is-config="true" duration-ms="2762" started-at="2020-11-25T13:30:24 CST" finished-at="2020-11-25T13:30:27 CST">
          <reporter-output>
          </reporter-output>
        </test-method> <!-- doAfterMethod_2 -->
        <test-method status="PASS" signature="doBeforeClass()[pri:0, instance:com.webtest.ljjdemo.Friendship_link@5d5eef3d]" name="doBeforeClass" is-config="true" duration-ms="2778" started-at="2020-11-25T13:30:27 CST" finished-at="2020-11-25T13:30:30 CST">
          <reporter-output>
          </reporter-output>
        </test-method> <!-- doBeforeClass -->
        <test-method status="PASS" signature="login_to()[pri:0, instance:com.webtest.ljjdemo.Friendship_link@5d5eef3d]" name="login_to" is-config="true" duration-ms="6562" started-at="2020-11-25T13:30:30 CST" description="管理员登录" finished-at="2020-11-25T13:30:36 CST">
          <reporter-output>
          </reporter-output>
        </test-method> <!-- login_to -->
        <test-method status="PASS" signature="test_friendship_link_sort(java.lang.String)[pri:0, instance:com.webtest.ljjdemo.Friendship_link@5d5eef3d]" name="test_friendship_link_sort" duration-ms="6633" started-at="2020-11-25T13:30:36 CST" description="友情链接排序" data-provider="friendship_link_sort" finished-at="2020-11-25T13:30:43 CST">
          <params>
            <param index="0">
              <value>
                <![CDATA[test]]>
              </value>
            </param>
          </params>
          <reporter-output>
          </reporter-output>
        </test-method> <!-- test_friendship_link_sort -->
        <test-method status="PASS" signature="submitAndQuit()[pri:0, instance:com.webtest.ljjdemo.Friendship_link@5d5eef3d]" name="submitAndQuit" is-config="true" duration-ms="3397" started-at="2020-11-25T13:30:43 CST" finished-at="2020-11-25T13:30:46 CST">
          <reporter-output>
          </reporter-output>
        </test-method> <!-- submitAndQuit -->
        <test-method status="PASS" signature="doAfterMethod_2()[pri:0, instance:com.webtest.ljjdemo.Friendship_link@5d5eef3d]" name="doAfterMethod_2" is-config="true" duration-ms="2840" started-at="2020-11-25T13:30:46 CST" finished-at="2020-11-25T13:30:49 CST">
          <reporter-output>
          </reporter-output>
        </test-method> <!-- doAfterMethod_2 -->
        <test-method status="PASS" signature="doBeforeClass()[pri:0, instance:com.webtest.ljjdemo.Friendship_link@5d5eef3d]" name="doBeforeClass" is-config="true" duration-ms="2750" started-at="2020-11-25T13:30:49 CST" finished-at="2020-11-25T13:30:52 CST">
          <reporter-output>
          </reporter-output>
        </test-method> <!-- doBeforeClass -->
        <test-method status="PASS" signature="login_to()[pri:0, instance:com.webtest.ljjdemo.Friendship_link@5d5eef3d]" name="login_to" is-config="true" duration-ms="6980" started-at="2020-11-25T13:30:52 CST" description="管理员登录" finished-at="2020-11-25T13:30:59 CST">
          <reporter-output>
          </reporter-output>
        </test-method> <!-- login_to -->
        <test-method status="PASS" signature="test_friendship_link_sort(java.lang.String)[pri:0, instance:com.webtest.ljjdemo.Friendship_link@5d5eef3d]" name="test_friendship_link_sort" duration-ms="6691" started-at="2020-11-25T13:30:59 CST" description="友情链接排序" data-provider="friendship_link_sort" finished-at="2020-11-25T13:31:06 CST">
          <params>
            <param index="0">
              <value>
                <![CDATA[-1]]>
              </value>
            </param>
          </params>
          <reporter-output>
          </reporter-output>
        </test-method> <!-- test_friendship_link_sort -->
        <test-method status="PASS" signature="submitAndQuit()[pri:0, instance:com.webtest.ljjdemo.Friendship_link@5d5eef3d]" name="submitAndQuit" is-config="true" duration-ms="3359" started-at="2020-11-25T13:31:06 CST" finished-at="2020-11-25T13:31:09 CST">
          <reporter-output>
          </reporter-output>
        </test-method> <!-- submitAndQuit -->
        <test-method status="PASS" signature="doAfterMethod_2()[pri:0, instance:com.webtest.ljjdemo.Friendship_link@5d5eef3d]" name="doAfterMethod_2" is-config="true" duration-ms="2740" started-at="2020-11-25T13:31:09 CST" finished-at="2020-11-25T13:31:12 CST">
          <reporter-output>
          </reporter-output>
        </test-method> <!-- doAfterMethod_2 -->
        <test-method status="PASS" signature="doBeforeClass()[pri:0, instance:com.webtest.ljjdemo.Friendship_link@5d5eef3d]" name="doBeforeClass" is-config="true" duration-ms="2780" started-at="2020-11-25T13:31:12 CST" finished-at="2020-11-25T13:31:15 CST">
          <reporter-output>
          </reporter-output>
        </test-method> <!-- doBeforeClass -->
        <test-method status="PASS" signature="login_to()[pri:0, instance:com.webtest.ljjdemo.Friendship_link@5d5eef3d]" name="login_to" is-config="true" duration-ms="6714" started-at="2020-11-25T13:31:15 CST" description="管理员登录" finished-at="2020-11-25T13:31:21 CST">
          <reporter-output>
          </reporter-output>
        </test-method> <!-- login_to -->
        <test-method status="PASS" signature="test_friendship_link_sort(java.lang.String)[pri:0, instance:com.webtest.ljjdemo.Friendship_link@5d5eef3d]" name="test_friendship_link_sort" duration-ms="6508" started-at="2020-11-25T13:31:21 CST" description="友情链接排序" data-provider="friendship_link_sort" finished-at="2020-11-25T13:31:28 CST">
          <params>
            <param index="0">
              <value>
                <![CDATA[测试]]>
              </value>
            </param>
          </params>
          <reporter-output>
          </reporter-output>
        </test-method> <!-- test_friendship_link_sort -->
        <test-method status="PASS" signature="submitAndQuit()[pri:0, instance:com.webtest.ljjdemo.Friendship_link@5d5eef3d]" name="submitAndQuit" is-config="true" duration-ms="3235" started-at="2020-11-25T13:31:28 CST" finished-at="2020-11-25T13:31:31 CST">
          <reporter-output>
          </reporter-output>
        </test-method> <!-- submitAndQuit -->
        <test-method status="PASS" signature="doAfterMethod_2()[pri:0, instance:com.webtest.ljjdemo.Friendship_link@5d5eef3d]" name="doAfterMethod_2" is-config="true" duration-ms="2757" started-at="2020-11-25T13:31:31 CST" finished-at="2020-11-25T13:31:34 CST">
          <reporter-output>
          </reporter-output>
        </test-method> <!-- doAfterMethod_2 -->
        <test-method status="PASS" signature="doAfterMethod()[pri:0, instance:com.webtest.ljjdemo.Friendship_link@5d5eef3d]" name="doAfterMethod" is-config="true" duration-ms="0" started-at="2020-11-25T13:31:34 CST" finished-at="2020-11-25T13:31:34 CST">
          <reporter-output>
          </reporter-output>
        </test-method> <!-- doAfterMethod -->
      </class> <!-- com.webtest.ljjdemo.Friendship_link -->
      <class name="com.webtest.ljjdemo.Sign_in_setting">
        <test-method status="PASS" signature="doBeforeClass()[pri:0, instance:com.webtest.ljjdemo.Sign_in_setting@4439f31e]" name="doBeforeClass" is-config="true" duration-ms="2722" started-at="2020-11-25T13:16:24 CST" finished-at="2020-11-25T13:16:27 CST">
          <reporter-output>
          </reporter-output>
        </test-method> <!-- doBeforeClass -->
        <test-method status="PASS" signature="login_to()[pri:0, instance:com.webtest.ljjdemo.Sign_in_setting@4439f31e]" name="login_to" is-config="true" duration-ms="10017" started-at="2020-11-25T13:16:27 CST" description="管理员登录" finished-at="2020-11-25T13:16:37 CST">
          <reporter-output>
          </reporter-output>
        </test-method> <!-- login_to -->
        <test-method status="PASS" signature="test_Points_sign_in(java.lang.String)[pri:0, instance:com.webtest.ljjdemo.Sign_in_setting@4439f31e]" name="test_Points_sign_in" duration-ms="3459" started-at="2020-11-25T13:16:37 CST" description="签到可得积分" data-provider="Points_sign_in" finished-at="2020-11-25T13:16:40 CST">
          <params>
            <param index="0">
              <value>
                <![CDATA[-1]]>
              </value>
            </param>
          </params>
          <reporter-output>
          </reporter-output>
        </test-method> <!-- test_Points_sign_in -->
        <test-method status="PASS" signature="submitAndQuit()[pri:0, instance:com.webtest.ljjdemo.Sign_in_setting@4439f31e]" name="submitAndQuit" is-config="true" duration-ms="3280" started-at="2020-11-25T13:16:40 CST" finished-at="2020-11-25T13:16:43 CST">
          <reporter-output>
          </reporter-output>
        </test-method> <!-- submitAndQuit -->
        <test-method status="PASS" signature="doAfterMethod_2()[pri:0, instance:com.webtest.ljjdemo.Sign_in_setting@4439f31e]" name="doAfterMethod_2" is-config="true" duration-ms="2700" started-at="2020-11-25T13:16:43 CST" finished-at="2020-11-25T13:16:46 CST">
          <reporter-output>
          </reporter-output>
        </test-method> <!-- doAfterMethod_2 -->
        <test-method status="PASS" signature="doBeforeClass()[pri:0, instance:com.webtest.ljjdemo.Sign_in_setting@4439f31e]" name="doBeforeClass" is-config="true" duration-ms="2799" started-at="2020-11-25T13:16:46 CST" finished-at="2020-11-25T13:16:49 CST">
          <reporter-output>
          </reporter-output>
        </test-method> <!-- doBeforeClass -->
        <test-method status="PASS" signature="login_to()[pri:0, instance:com.webtest.ljjdemo.Sign_in_setting@4439f31e]" name="login_to" is-config="true" duration-ms="9820" started-at="2020-11-25T13:16:49 CST" description="管理员登录" finished-at="2020-11-25T13:16:59 CST">
          <reporter-output>
          </reporter-output>
        </test-method> <!-- login_to -->
        <test-method status="PASS" signature="test_Points_sign_in(java.lang.String)[pri:0, instance:com.webtest.ljjdemo.Sign_in_setting@4439f31e]" name="test_Points_sign_in" duration-ms="3443" started-at="2020-11-25T13:16:59 CST" description="签到可得积分" data-provider="Points_sign_in" finished-at="2020-11-25T13:17:02 CST">
          <params>
            <param index="0">
              <value>
                <![CDATA[10]]>
              </value>
            </param>
          </params>
          <reporter-output>
          </reporter-output>
        </test-method> <!-- test_Points_sign_in -->
        <test-method status="PASS" signature="submitAndQuit()[pri:0, instance:com.webtest.ljjdemo.Sign_in_setting@4439f31e]" name="submitAndQuit" is-config="true" duration-ms="3231" started-at="2020-11-25T13:17:02 CST" finished-at="2020-11-25T13:17:05 CST">
          <reporter-output>
          </reporter-output>
        </test-method> <!-- submitAndQuit -->
        <test-method status="PASS" signature="doAfterMethod_2()[pri:0, instance:com.webtest.ljjdemo.Sign_in_setting@4439f31e]" name="doAfterMethod_2" is-config="true" duration-ms="2646" started-at="2020-11-25T13:17:05 CST" finished-at="2020-11-25T13:17:08 CST">
          <reporter-output>
          </reporter-output>
        </test-method> <!-- doAfterMethod_2 -->
        <test-method status="PASS" signature="doBeforeClass()[pri:0, instance:com.webtest.ljjdemo.Sign_in_setting@4439f31e]" name="doBeforeClass" is-config="true" duration-ms="2770" started-at="2020-11-25T13:17:08 CST" finished-at="2020-11-25T13:17:11 CST">
          <reporter-output>
          </reporter-output>
        </test-method> <!-- doBeforeClass -->
        <test-method status="PASS" signature="login_to()[pri:0, instance:com.webtest.ljjdemo.Sign_in_setting@4439f31e]" name="login_to" is-config="true" duration-ms="9951" started-at="2020-11-25T13:17:11 CST" description="管理员登录" finished-at="2020-11-25T13:17:21 CST">
          <reporter-output>
          </reporter-output>
        </test-method> <!-- login_to -->
        <test-method status="FAIL" signature="test_Points_sign_in(java.lang.String)[pri:0, instance:com.webtest.ljjdemo.Sign_in_setting@4439f31e]" name="test_Points_sign_in" duration-ms="3452" started-at="2020-11-25T13:17:21 CST" description="签到可得积分" data-provider="Points_sign_in" finished-at="2020-11-25T13:17:24 CST">
          <params>
            <param index="0">
              <value>
                <![CDATA[1+2]]>
              </value>
            </param>
          </params>
          <exception class="java.lang.AssertionError">
            <message>
              <![CDATA[expected [1+2] but found []]]>
            </message>
            <full-stacktrace>
              <![CDATA[java.lang.AssertionError: expected [1+2] but found []
at org.testng.Assert.fail(Assert.java:97)
at org.testng.Assert.assertEqualsImpl(Assert.java:136)
at org.testng.Assert.assertEquals(Assert.java:118)
at org.testng.Assert.assertEquals(Assert.java:575)
at org.testng.Assert.assertEquals(Assert.java:585)
at com.webtest.ljjdemo.Sign_in_setting.test_Points_sign_in(Unknown Source)
at sun.reflect.NativeMethodAccessorImpl.invoke0(Native Method)
at sun.reflect.NativeMethodAccessorImpl.invoke(NativeMethodAccessorImpl.java:62)
at sun.reflect.DelegatingMethodAccessorImpl.invoke(DelegatingMethodAccessorImpl.java:43)
at java.lang.reflect.Method.invoke(Method.java:498)
at org.testng.internal.MethodInvocationHelper.invokeMethod(MethodInvocationHelper.java:134)
at org.testng.internal.TestInvoker.invokeMethod(TestInvoker.java:597)
at org.testng.internal.TestInvoker.invokeTestMethod(TestInvoker.java:173)
at org.testng.internal.MethodRunner.runInSequence(MethodRunner.java:46)
at org.testng.internal.TestInvoker$MethodInvocationAgent.invoke(TestInvoker.java:816)
at org.testng.internal.TestInvoker.invokeTestMethods(TestInvoker.java:146)
at org.testng.internal.TestMethodWorker.invokeTestMethods(TestMethodWorker.java:146)
at org.testng.internal.TestMethodWorker.run(TestMethodWorker.java:128)
at java.util.ArrayList.forEach(ArrayList.java:1257)
at org.testng.TestRunner.privateRun(TestRunner.java:766)
at org.testng.TestRunner.run(TestRunner.java:587)
at org.testng.SuiteRunner.runTest(SuiteRunner.java:384)
at org.testng.SuiteRunner.runSequentially(SuiteRunner.java:378)
at org.testng.SuiteRunner.privateRun(SuiteRunner.java:337)
at org.testng.SuiteRunner.run(SuiteRunner.java:286)
at org.testng.SuiteRunnerWorker.runSuite(SuiteRunnerWorker.java:53)
at org.testng.SuiteRunnerWorker.run(SuiteRunnerWorker.java:96)
at org.testng.TestNG.runSuitesSequentially(TestNG.java:1187)
at org.testng.TestNG.runSuitesLocally(TestNG.java:1109)
at org.testng.TestNG.runSuites(TestNG.java:1039)
at org.testng.TestNG.run(TestNG.java:1007)
at org.testng.TestNG.privateMain(TestNG.java:1336)
at org.testng.TestNG.main(TestNG.java:1304)
]]>
            </full-stacktrace>
          </exception> <!-- java.lang.AssertionError -->
          <reporter-output>
          </reporter-output>
        </test-method> <!-- test_Points_sign_in -->
        <test-method status="FAIL" signature="submitAndQuit()[pri:0, instance:com.webtest.ljjdemo.Sign_in_setting@4439f31e]" name="submitAndQuit" is-config="true" duration-ms="110" started-at="2020-11-25T13:17:24 CST" finished-at="2020-11-25T13:17:24 CST">
          <exception class="org.openqa.selenium.ElementClickInterceptedException">
            <message>
              <![CDATA[Element <a class="nav-link text-dark" href="/index.php/tuichu.html"> is not clickable at point (103,614) because another element <div class="jconfirm-bg"> obscures it
Build info: version: '3.141.59', revision: 'e82be7d358', time: '2018-11-14T08:25:53'
System info: host: 'DESKTOP-H2NQ5S1', ip: '192.168.56.1', os.name: 'Windows 10', os.arch: 'amd64', os.version: '10.0', java.version: '1.8.0_171'
Driver info: org.openqa.selenium.firefox.FirefoxDriver
Capabilities {acceptInsecureCerts: true, browserName: firefox, browserVersion: 78.0.2, javascriptEnabled: true, moz:accessibilityChecks: false, moz:buildID: 20200708170202, moz:geckodriverVersion: 0.27.0, moz:headless: true, moz:processID: 10364, moz:profile: C:\Users\Administrator.DESK..., moz:shutdownTimeout: 60000, moz:useNonSpecCompliantPointerOrigin: false, moz:webdriverClick: true, pageLoadStrategy: normal, platform: WINDOWS, platformName: WINDOWS, platformVersion: 10.0, rotatable: false, setWindowRect: true, strictFileInteractability: false, timeouts: {implicit: 0, pageLoad: 300000, script: 30000}, unhandledPromptBehavior: dismiss and notify}
Session ID: e9d9e693-df2c-4bff-ba2f-de929b31aa51]]>
            </message>
            <full-stacktrace>
              <![CDATA[org.openqa.selenium.ElementClickInterceptedException: Element <a class="nav-link text-dark" href="/index.php/tuichu.html"> is not clickable at point (103,614) because another element <div class="jconfirm-bg"> obscures it
Build info: version: '3.141.59', revision: 'e82be7d358', time: '2018-11-14T08:25:53'
System info: host: 'DESKTOP-H2NQ5S1', ip: '192.168.56.1', os.name: 'Windows 10', os.arch: 'amd64', os.version: '10.0', java.version: '1.8.0_171'
Driver info: org.openqa.selenium.firefox.FirefoxDriver
Capabilities {acceptInsecureCerts: true, browserName: firefox, browserVersion: 78.0.2, javascriptEnabled: true, moz:accessibilityChecks: false, moz:buildID: 20200708170202, moz:geckodriverVersion: 0.27.0, moz:headless: true, moz:processID: 10364, moz:profile: C:\Users\Administrator.DESK..., moz:shutdownTimeout: 60000, moz:useNonSpecCompliantPointerOrigin: false, moz:webdriverClick: true, pageLoadStrategy: normal, platform: WINDOWS, platformName: WINDOWS, platformVersion: 10.0, rotatable: false, setWindowRect: true, strictFileInteractability: false, timeouts: {implicit: 0, pageLoad: 300000, script: 30000}, unhandledPromptBehavior: dismiss and notify}
Session ID: e9d9e693-df2c-4bff-ba2f-de929b31aa51
at sun.reflect.NativeConstructorAccessorImpl.newInstance0(Native Method)
at sun.reflect.NativeConstructorAccessorImpl.newInstance(NativeConstructorAccessorImpl.java:62)
at sun.reflect.DelegatingConstructorAccessorImpl.newInstance(DelegatingConstructorAccessorImpl.java:45)
at java.lang.reflect.Constructor.newInstance(Constructor.java:423)
at org.openqa.selenium.remote.http.W3CHttpResponseCodec.createException(W3CHttpResponseCodec.java:187)
at org.openqa.selenium.remote.http.W3CHttpResponseCodec.decode(W3CHttpResponseCodec.java:122)
at org.openqa.selenium.remote.http.W3CHttpResponseCodec.decode(W3CHttpResponseCodec.java:49)
at org.openqa.selenium.remote.HttpCommandExecutor.execute(HttpCommandExecutor.java:158)
at org.openqa.selenium.remote.service.DriverCommandExecutor.execute(DriverCommandExecutor.java:83)
at org.openqa.selenium.remote.RemoteWebDriver.execute(RemoteWebDriver.java:552)
at org.openqa.selenium.remote.RemoteWebElement.execute(RemoteWebElement.java:285)
at org.openqa.selenium.remote.RemoteWebElement.click(RemoteWebElement.java:84)
at com.webtest.core.WebDriverEngine.click(Unknown Source)
at com.webtest.ljjdemo.Sign_in_setting.submitAndQuit(Unknown Source)
at sun.reflect.NativeMethodAccessorImpl.invoke0(Native Method)
at sun.reflect.NativeMethodAccessorImpl.invoke(NativeMethodAccessorImpl.java:62)
at sun.reflect.DelegatingMethodAccessorImpl.invoke(DelegatingMethodAccessorImpl.java:43)
at java.lang.reflect.Method.invoke(Method.java:498)
at org.testng.internal.MethodInvocationHelper.invokeMethod(MethodInvocationHelper.java:134)
at org.testng.internal.MethodInvocationHelper.invokeMethodConsideringTimeout(MethodInvocationHelper.java:63)
at org.testng.internal.ConfigInvoker.invokeConfigurationMethod(ConfigInvoker.java:348)
at org.testng.internal.ConfigInvoker.invokeConfigurations(ConfigInvoker.java:302)
at org.testng.internal.TestInvoker.runConfigMethods(TestInvoker.java:695)
at org.testng.internal.TestInvoker.runAfterGroupsConfigurations(TestInvoker.java:671)
at org.testng.internal.TestInvoker.invokeMethod(TestInvoker.java:655)
at org.testng.internal.TestInvoker.invokeTestMethod(TestInvoker.java:173)
at org.testng.internal.MethodRunner.runInSequence(MethodRunner.java:46)
at org.testng.internal.TestInvoker$MethodInvocationAgent.invoke(TestInvoker.java:816)
at org.testng.internal.TestInvoker.invokeTestMethods(TestInvoker.java:146)
at org.testng.internal.TestMethodWorker.invokeTestMethods(TestMethodWorker.java:146)
at org.testng.internal.TestMethodWorker.run(TestMethodWorker.java:128)
at java.util.ArrayList.forEach(ArrayList.java:1257)
at org.testng.TestRunner.privateRun(TestRunner.java:766)
at org.testng.TestRunner.run(TestRunner.java:587)
at org.testng.SuiteRunner.runTest(SuiteRunner.java:384)
at org.testng.SuiteRunner.runSequentially(SuiteRunner.java:378)
at org.testng.SuiteRunner.privateRun(SuiteRunner.java:337)
at org.testng.SuiteRunner.run(SuiteRunner.java:286)
at org.testng.SuiteRunnerWorker.runSuite(SuiteRunnerWorker.java:53)
at org.testng.SuiteRunnerWorker.run(SuiteRunnerWorker.java:96)
at org.testng.TestNG.runSuitesSequentially(TestNG.java:1187)
at org.testng.TestNG.runSuitesLocally(TestNG.java:1109)
at org.testng.TestNG.runSuites(TestNG.java:1039)
at org.testng.TestNG.run(TestNG.java:1007)
at org.testng.TestNG.privateMain(TestNG.java:1336)
at org.testng.TestNG.main(TestNG.java:1304)
]]>
            </full-stacktrace>
          </exception> <!-- org.openqa.selenium.ElementClickInterceptedException -->
          <reporter-output>
          </reporter-output>
        </test-method> <!-- submitAndQuit -->
        <test-method status="SKIP" signature="doAfterMethod_2()[pri:0, instance:com.webtest.ljjdemo.Sign_in_setting@4439f31e]" name="doAfterMethod_2" is-config="true" duration-ms="-1606281444834" started-at="2020-11-25T13:17:24 CST" finished-at="1970-01-01T08:00:00 CST">
          <reporter-output>
          </reporter-output>
        </test-method> <!-- doAfterMethod_2 -->
        <test-method status="SKIP" signature="doAfterMethod()[pri:0, instance:com.webtest.ljjdemo.Sign_in_setting@4439f31e]" name="doAfterMethod" is-config="true" duration-ms="-1606281444834" started-at="2020-11-25T13:17:24 CST" finished-at="1970-01-01T08:00:00 CST">
          <reporter-output>
          </reporter-output>
        </test-method> <!-- doAfterMethod -->
      </class> <!-- com.webtest.ljjdemo.Sign_in_setting -->
    </test> <!-- test1 -->
  </suite> <!-- s1 -->
</testng-results>
